2022-07-27 00:07:27,173 INFO org.springframework.boot.StartupInfoLogger [main] Starting StockTrackingBeApplication using Java 11.0.15 on DESKTOP-OEEDDTC with PID 9488 (D:\stock-tracking-be\target\classes started by Dev in D:\stock-tracking-be)
2022-07-27 00:07:27,173 DEBUG org.springframework.boot.StartupInfoLogger [main] Running with Spring Boot v2.7.1, Spring v5.3.21
2022-07-27 00:07:27,173 INFO org.springframework.boot.SpringApplication [main] No active profile set, falling back to 1 default profile: "default"
2022-07-27 00:07:32,235 INFO org.springframework.boot.StartupInfoLogger [main] Started StockTrackingBeApplication in 5.825 seconds (JVM running for 7.225)
2022-07-27 00:07:39,515 INFO com.iknow.stocktrackingbe.service.prescription.PrescriptionService [http-nio-8080-exec-2] Service Called: createNewPrescription
2022-07-27 00:08:03,748 INFO com.iknow.stocktrackingbe.service.prescription.PrescriptionService [http-nio-8080-exec-3] Service Called: createNewPrescription
2022-07-27 00:08:04,606 INFO com.iknow.stocktrackingbe.service.prescription.PrescriptionService [http-nio-8080-exec-4] Service Called: createNewPrescription
2022-07-27 00:13:23,597 INFO org.springframework.boot.StartupInfoLogger [main] Starting StockTrackingBeApplication using Java 11.0.15 on DESKTOP-OEEDDTC with PID 3320 (D:\stock-tracking-be\target\classes started by Dev in D:\stock-tracking-be)
2022-07-27 00:13:23,603 DEBUG org.springframework.boot.StartupInfoLogger [main] Running with Spring Boot v2.7.1, Spring v5.3.21
2022-07-27 00:13:23,607 INFO org.springframework.boot.SpringApplication [main] No active profile set, falling back to 1 default profile: "default"
2022-07-27 00:13:28,822 INFO org.springframework.boot.StartupInfoLogger [main] Started StockTrackingBeApplication in 6.049 seconds (JVM running for 7.963)
2022-07-27 00:13:33,217 INFO com.iknow.stocktrackingbe.service.prescription.PrescriptionService [http-nio-8080-exec-1] Service Called: createNewPrescription
2022-07-27 00:13:34,685 INFO com.iknow.stocktrackingbe.service.prescription.PrescriptionService [http-nio-8080-exec-3] Service Called: createNewPrescription
2022-07-27 00:13:35,617 INFO com.iknow.stocktrackingbe.service.prescription.PrescriptionService [http-nio-8080-exec-4] Service Called: createNewPrescription
2022-07-27 00:13:36,781 INFO com.iknow.stocktrackingbe.service.prescription.PrescriptionService [http-nio-8080-exec-6] Service Called: createNewPrescription
2022-07-27 00:14:30,286 INFO com.iknow.stocktrackingbe.service.prescription.PrescriptionService [http-nio-8080-exec-4] Service Called: createNewPrescription
2022-07-27 00:14:31,179 INFO com.iknow.stocktrackingbe.service.prescription.PrescriptionService [http-nio-8080-exec-6] Service Called: createNewPrescription
2022-07-27 00:14:38,549 INFO com.iknow.stocktrackingbe.service.prescription.PrescriptionService [http-nio-8080-exec-5] Service Called: getPrescriptionById
2022-07-27 00:14:38,582 WARN com.iknow.stocktrackingbe.service.prescription.PrescriptionService [http-nio-8080-exec-5] Prescription does not exist
2022-07-27 00:16:22,487 INFO org.springframework.boot.StartupInfoLogger [main] Starting StockTrackingBeApplication using Java 11.0.15 on DESKTOP-OEEDDTC with PID 900 (D:\stock-tracking-be\target\classes started by Dev in D:\stock-tracking-be)
2022-07-27 00:16:22,489 DEBUG org.springframework.boot.StartupInfoLogger [main] Running with Spring Boot v2.7.1, Spring v5.3.21
2022-07-27 00:16:22,490 INFO org.springframework.boot.SpringApplication [main] No active profile set, falling back to 1 default profile: "default"
2022-07-27 00:16:27,514 INFO org.springframework.boot.StartupInfoLogger [main] Started StockTrackingBeApplication in 6.057 seconds (JVM running for 7.673)
2022-07-27 00:16:31,313 INFO com.iknow.stocktrackingbe.service.prescription.PrescriptionService [http-nio-8080-exec-1] Service Called: getPrescriptionById
2022-07-27 00:16:31,401 WARN com.iknow.stocktrackingbe.service.prescription.PrescriptionService [http-nio-8080-exec-1] Prescription does not exist
2022-07-27 00:16:33,918 INFO com.iknow.stocktrackingbe.service.prescription.PrescriptionService [http-nio-8080-exec-3] Service Called: getPrescriptionById
2022-07-27 00:16:33,921 WARN com.iknow.stocktrackingbe.service.prescription.PrescriptionService [http-nio-8080-exec-3] Prescription does not exist
