2022-08-18 11:36:30,499 ERROR com.iknow.stocktrackingbe.exception.ExceptionController [http-nio-8080-exec-3] Status: 405 Message: Request method 'GET' not supported
2022-08-18 11:37:22,346 ERROR com.iknow.stocktrackingbe.exception.ExceptionController [http-nio-8080-exec-6] Status: 401 Message: Invalid token
2022-08-18 11:37:35,778 ERROR com.iknow.stocktrackingbe.exception.ExceptionController [http-nio-8080-exec-8] Status: 401 Message: Invalid token
2022-08-18 11:46:39,324 ERROR com.iknow.stocktrackingbe.exception.ExceptionController [http-nio-8080-exec-8] Status: 401 Message: Request processing failed; nested exception is java.lang.IllegalStateException: 
2022-08-18 11:49:00,808 ERROR com.iknow.stocktrackingbe.exception.ExceptionController [http-nio-8080-exec-6] Status: 401 Message: Request processing failed; nested exception is java.lang.IllegalStateException: 
2022-08-18 11:54:32,986 ERROR com.iknow.stocktrackingbe.exception.ExceptionController [http-nio-8080-exec-2] Status: 401 Message: Request processing failed; nested exception is java.lang.IllegalStateException: 
2022-08-18 11:58:37,987 ERROR com.iknow.stocktrackingbe.security.CustomAuthorizationFilter [http-nio-8080-exec-1] Cannot set user authentication: {}
org.springframework.web.util.NestedServletException: Request processing failed; nested exception is java.lang.IllegalStateException: 
	at org.springframework.web.servlet.FrameworkServlet.processRequest(FrameworkServlet.java:1014)
	at org.springframework.web.servlet.FrameworkServlet.doPost(FrameworkServlet.java:909)
	at javax.servlet.http.HttpServlet.service(HttpServlet.java:681)
	at org.springframework.web.servlet.FrameworkServlet.service(FrameworkServlet.java:883)
	at javax.servlet.http.HttpServlet.service(HttpServlet.java:764)
	at org.apache.catalina.core.ApplicationFilterChain.internalDoFilter(ApplicationFilterChain.java:227)
	at org.apache.catalina.core.ApplicationFilterChain.doFilter(ApplicationFilterChain.java:162)
	at org.apache.tomcat.websocket.server.WsFilter.doFilter(WsFilter.java:53)
	at org.apache.catalina.core.ApplicationFilterChain.internalDoFilter(ApplicationFilterChain.java:189)
	at org.apache.catalina.core.ApplicationFilterChain.doFilter(ApplicationFilterChain.java:162)
	at org.springframework.security.web.FilterChainProxy$VirtualFilterChain.doFilter(FilterChainProxy.java:327)
	at org.springframework.security.web.access.intercept.AuthorizationFilter.doFilterInternal(AuthorizationFilter.java:73)
	at org.springframework.web.filter.OncePerRequestFilter.doFilter(OncePerRequestFilter.java:117)
	at org.springframework.security.web.FilterChainProxy$VirtualFilterChain.doFilter(FilterChainProxy.java:336)
	at org.springframework.security.web.access.ExceptionTranslationFilter.doFilter(ExceptionTranslationFilter.java:122)
	at org.springframework.security.web.access.ExceptionTranslationFilter.doFilter(ExceptionTranslationFilter.java:116)
	at org.springframework.security.web.FilterChainProxy$VirtualFilterChain.doFilter(FilterChainProxy.java:336)
	at org.springframework.security.web.session.SessionManagementFilter.doFilter(SessionManagementFilter.java:126)
	at org.springframework.security.web.session.SessionManagementFilter.doFilter(SessionManagementFilter.java:81)
	at org.springframework.security.web.FilterChainProxy$VirtualFilterChain.doFilter(FilterChainProxy.java:336)
	at org.springframework.security.web.authentication.AnonymousAuthenticationFilter.doFilter(AnonymousAuthenticationFilter.java:109)
	at org.springframework.security.web.FilterChainProxy$VirtualFilterChain.doFilter(FilterChainProxy.java:336)
	at org.springframework.security.web.servletapi.SecurityContextHolderAwareRequestFilter.doFilter(SecurityContextHolderAwareRequestFilter.java:149)
	at org.springframework.security.web.FilterChainProxy$VirtualFilterChain.doFilter(FilterChainProxy.java:336)
	at org.springframework.security.web.savedrequest.RequestCacheAwareFilter.doFilter(RequestCacheAwareFilter.java:63)
	at org.springframework.security.web.FilterChainProxy$VirtualFilterChain.doFilter(FilterChainProxy.java:336)
	at org.springframework.security.web.authentication.AbstractAuthenticationProcessingFilter.doFilter(AbstractAuthenticationProcessingFilter.java:223)
	at org.springframework.security.web.authentication.AbstractAuthenticationProcessingFilter.doFilter(AbstractAuthenticationProcessingFilter.java:217)
	at org.springframework.security.web.FilterChainProxy$VirtualFilterChain.doFilter(FilterChainProxy.java:336)
	at com.iknow.stocktrackingbe.security.CustomAuthorizationFilter.doFilterInternal(CustomAuthorizationFilter.java:33)
	at org.springframework.web.filter.OncePerRequestFilter.doFilter(OncePerRequestFilter.java:117)
	at org.springframework.security.web.FilterChainProxy$VirtualFilterChain.doFilter(FilterChainProxy.java:336)
	at org.springframework.security.web.authentication.logout.LogoutFilter.doFilter(LogoutFilter.java:103)
	at org.springframework.security.web.authentication.logout.LogoutFilter.doFilter(LogoutFilter.java:89)
	at org.springframework.security.web.FilterChainProxy$VirtualFilterChain.doFilter(FilterChainProxy.java:336)
	at org.springframework.security.web.header.HeaderWriterFilter.doHeadersAfter(HeaderWriterFilter.java:90)
	at org.springframework.security.web.header.HeaderWriterFilter.doFilterInternal(HeaderWriterFilter.java:75)
	at org.springframework.web.filter.OncePerRequestFilter.doFilter(OncePerRequestFilter.java:117)
	at org.springframework.security.web.FilterChainProxy$VirtualFilterChain.doFilter(FilterChainProxy.java:336)
	at org.springframework.security.web.context.SecurityContextPersistenceFilter.doFilter(SecurityContextPersistenceFilter.java:112)
	at org.springframework.security.web.context.SecurityContextPersistenceFilter.doFilter(SecurityContextPersistenceFilter.java:82)
	at org.springframework.security.web.FilterChainProxy$VirtualFilterChain.doFilter(FilterChainProxy.java:336)
	at org.springframework.security.web.context.request.async.WebAsyncManagerIntegrationFilter.doFilterInternal(WebAsyncManagerIntegrationFilter.java:55)
	at org.springframework.web.filter.OncePerRequestFilter.doFilter(OncePerRequestFilter.java:117)
	at org.springframework.security.web.FilterChainProxy$VirtualFilterChain.doFilter(FilterChainProxy.java:336)
	at org.springframework.security.web.session.DisableEncodeUrlFilter.doFilterInternal(DisableEncodeUrlFilter.java:42)
	at org.springframework.web.filter.OncePerRequestFilter.doFilter(OncePerRequestFilter.java:117)
	at org.springframework.security.web.FilterChainProxy$VirtualFilterChain.doFilter(FilterChainProxy.java:336)
	at org.springframework.security.web.FilterChainProxy.doFilterInternal(FilterChainProxy.java:211)
	at org.springframework.security.web.FilterChainProxy.doFilter(FilterChainProxy.java:183)
	at org.springframework.web.filter.DelegatingFilterProxy.invokeDelegate(DelegatingFilterProxy.java:354)
	at org.springframework.web.filter.DelegatingFilterProxy.doFilter(DelegatingFilterProxy.java:267)
	at org.apache.catalina.core.ApplicationFilterChain.internalDoFilter(ApplicationFilterChain.java:189)
	at org.apache.catalina.core.ApplicationFilterChain.doFilter(ApplicationFilterChain.java:162)
	at org.springframework.web.filter.CharacterEncodingFilter.doFilterInternal(CharacterEncodingFilter.java:201)
	at org.springframework.web.filter.OncePerRequestFilter.doFilter(OncePerRequestFilter.java:117)
	at org.apache.catalina.core.ApplicationFilterChain.internalDoFilter(ApplicationFilterChain.java:189)
	at org.apache.catalina.core.ApplicationFilterChain.doFilter(ApplicationFilterChain.java:162)
	at org.apache.catalina.core.StandardWrapperValve.invoke(StandardWrapperValve.java:197)
	at org.apache.catalina.core.StandardContextValve.invoke(StandardContextValve.java:97)
	at org.apache.catalina.authenticator.AuthenticatorBase.invoke(AuthenticatorBase.java:541)
	at org.apache.catalina.core.StandardHostValve.invoke(StandardHostValve.java:135)
	at org.apache.catalina.valves.ErrorReportValve.invoke(ErrorReportValve.java:92)
	at org.apache.catalina.core.StandardEngineValve.invoke(StandardEngineValve.java:78)
	at org.apache.catalina.connector.CoyoteAdapter.service(CoyoteAdapter.java:360)
	at org.apache.coyote.http11.Http11Processor.service(Http11Processor.java:399)
	at org.apache.coyote.AbstractProcessorLight.process(AbstractProcessorLight.java:65)
	at org.apache.coyote.AbstractProtocol$ConnectionHandler.process(AbstractProtocol.java:890)
	at org.apache.tomcat.util.net.NioEndpoint$SocketProcessor.doRun(NioEndpoint.java:1787)
	at org.apache.tomcat.util.net.SocketProcessorBase.run(SocketProcessorBase.java:49)
	at org.apache.tomcat.util.threads.ThreadPoolExecutor.runWorker(ThreadPoolExecutor.java:1191)
	at org.apache.tomcat.util.threads.ThreadPoolExecutor$Worker.run(ThreadPoolExecutor.java:659)
	at org.apache.tomcat.util.threads.TaskThread$WrappingRunnable.run(TaskThread.java:61)
	at java.base/java.lang.Thread.run(Thread.java:833)
Caused by: java.lang.IllegalStateException: 
	at com.iknow.stocktrackingbe.service.WareHouseService.getWareHouseById(WareHouseService.java:37)
	at com.iknow.stocktrackingbe.service.WareHouseService.createWareHouse(WareHouseService.java:53)
	at com.iknow.stocktrackingbe.controller.WareHouseController.createWareHouse(WareHouseController.java:39)
	at java.base/jdk.internal.reflect.DirectMethodHandleAccessor.invoke(DirectMethodHandleAccessor.java:104)
	at java.base/java.lang.reflect.Method.invoke(Method.java:577)
	at org.springframework.web.method.support.InvocableHandlerMethod.doInvoke(InvocableHandlerMethod.java:205)
	at org.springframework.web.method.support.InvocableHandlerMethod.invokeForRequest(InvocableHandlerMethod.java:150)
	at org.springframework.web.servlet.mvc.method.annotation.ServletInvocableHandlerMethod.invokeAndHandle(ServletInvocableHandlerMethod.java:117)
	at org.springframework.web.servlet.mvc.method.annotation.RequestMappingHandlerAdapter.invokeHandlerMethod(RequestMappingHandlerAdapter.java:895)
	at org.springframework.web.servlet.mvc.method.annotation.RequestMappingHandlerAdapter.handleInternal(RequestMappingHandlerAdapter.java:808)
	at org.springframework.web.servlet.mvc.method.AbstractHandlerMethodAdapter.handle(AbstractHandlerMethodAdapter.java:87)
	at org.springframework.web.servlet.DispatcherServlet.doDispatch(DispatcherServlet.java:1067)
	at org.springframework.web.servlet.DispatcherServlet.doService(DispatcherServlet.java:963)
	at org.springframework.web.servlet.FrameworkServlet.processRequest(FrameworkServlet.java:1006)
	... 73 common frames omitted
2022-08-18 12:00:03,986 ERROR com.iknow.stocktrackingbe.security.CustomAuthorizationFilter [http-nio-8080-exec-5] Cannot set user authentication: {}
org.springframework.web.util.NestedServletException: Request processing failed; nested exception is java.lang.IllegalStateException: 
	at org.springframework.web.servlet.FrameworkServlet.processRequest(FrameworkServlet.java:1014)
	at org.springframework.web.servlet.FrameworkServlet.doPost(FrameworkServlet.java:909)
	at javax.servlet.http.HttpServlet.service(HttpServlet.java:681)
	at org.springframework.web.servlet.FrameworkServlet.service(FrameworkServlet.java:883)
	at javax.servlet.http.HttpServlet.service(HttpServlet.java:764)
	at org.apache.catalina.core.ApplicationFilterChain.internalDoFilter(ApplicationFilterChain.java:227)
	at org.apache.catalina.core.ApplicationFilterChain.doFilter(ApplicationFilterChain.java:162)
	at org.apache.tomcat.websocket.server.WsFilter.doFilter(WsFilter.java:53)
	at org.apache.catalina.core.ApplicationFilterChain.internalDoFilter(ApplicationFilterChain.java:189)
	at org.apache.catalina.core.ApplicationFilterChain.doFilter(ApplicationFilterChain.java:162)
	at org.springframework.security.web.FilterChainProxy$VirtualFilterChain.doFilter(FilterChainProxy.java:327)
	at org.springframework.security.web.access.intercept.AuthorizationFilter.doFilterInternal(AuthorizationFilter.java:73)
	at org.springframework.web.filter.OncePerRequestFilter.doFilter(OncePerRequestFilter.java:117)
	at org.springframework.security.web.FilterChainProxy$VirtualFilterChain.doFilter(FilterChainProxy.java:336)
	at org.springframework.security.web.access.ExceptionTranslationFilter.doFilter(ExceptionTranslationFilter.java:122)
	at org.springframework.security.web.access.ExceptionTranslationFilter.doFilter(ExceptionTranslationFilter.java:116)
	at org.springframework.security.web.FilterChainProxy$VirtualFilterChain.doFilter(FilterChainProxy.java:336)
	at org.springframework.security.web.session.SessionManagementFilter.doFilter(SessionManagementFilter.java:126)
	at org.springframework.security.web.session.SessionManagementFilter.doFilter(SessionManagementFilter.java:81)
	at org.springframework.security.web.FilterChainProxy$VirtualFilterChain.doFilter(FilterChainProxy.java:336)
	at org.springframework.security.web.authentication.AnonymousAuthenticationFilter.doFilter(AnonymousAuthenticationFilter.java:109)
	at org.springframework.security.web.FilterChainProxy$VirtualFilterChain.doFilter(FilterChainProxy.java:336)
	at org.springframework.security.web.servletapi.SecurityContextHolderAwareRequestFilter.doFilter(SecurityContextHolderAwareRequestFilter.java:149)
	at org.springframework.security.web.FilterChainProxy$VirtualFilterChain.doFilter(FilterChainProxy.java:336)
	at org.springframework.security.web.savedrequest.RequestCacheAwareFilter.doFilter(RequestCacheAwareFilter.java:63)
	at org.springframework.security.web.FilterChainProxy$VirtualFilterChain.doFilter(FilterChainProxy.java:336)
	at org.springframework.security.web.authentication.AbstractAuthenticationProcessingFilter.doFilter(AbstractAuthenticationProcessingFilter.java:223)
	at org.springframework.security.web.authentication.AbstractAuthenticationProcessingFilter.doFilter(AbstractAuthenticationProcessingFilter.java:217)
	at org.springframework.security.web.FilterChainProxy$VirtualFilterChain.doFilter(FilterChainProxy.java:336)
	at com.iknow.stocktrackingbe.security.CustomAuthorizationFilter.doFilterInternal(CustomAuthorizationFilter.java:33)
	at org.springframework.web.filter.OncePerRequestFilter.doFilter(OncePerRequestFilter.java:117)
	at org.springframework.security.web.FilterChainProxy$VirtualFilterChain.doFilter(FilterChainProxy.java:336)
	at org.springframework.security.web.authentication.logout.LogoutFilter.doFilter(LogoutFilter.java:103)
	at org.springframework.security.web.authentication.logout.LogoutFilter.doFilter(LogoutFilter.java:89)
	at org.springframework.security.web.FilterChainProxy$VirtualFilterChain.doFilter(FilterChainProxy.java:336)
	at org.springframework.security.web.header.HeaderWriterFilter.doHeadersAfter(HeaderWriterFilter.java:90)
	at org.springframework.security.web.header.HeaderWriterFilter.doFilterInternal(HeaderWriterFilter.java:75)
	at org.springframework.web.filter.OncePerRequestFilter.doFilter(OncePerRequestFilter.java:117)
	at org.springframework.security.web.FilterChainProxy$VirtualFilterChain.doFilter(FilterChainProxy.java:336)
	at org.springframework.security.web.context.SecurityContextPersistenceFilter.doFilter(SecurityContextPersistenceFilter.java:112)
	at org.springframework.security.web.context.SecurityContextPersistenceFilter.doFilter(SecurityContextPersistenceFilter.java:82)
	at org.springframework.security.web.FilterChainProxy$VirtualFilterChain.doFilter(FilterChainProxy.java:336)
	at org.springframework.security.web.context.request.async.WebAsyncManagerIntegrationFilter.doFilterInternal(WebAsyncManagerIntegrationFilter.java:55)
	at org.springframework.web.filter.OncePerRequestFilter.doFilter(OncePerRequestFilter.java:117)
	at org.springframework.security.web.FilterChainProxy$VirtualFilterChain.doFilter(FilterChainProxy.java:336)
	at org.springframework.security.web.session.DisableEncodeUrlFilter.doFilterInternal(DisableEncodeUrlFilter.java:42)
	at org.springframework.web.filter.OncePerRequestFilter.doFilter(OncePerRequestFilter.java:117)
	at org.springframework.security.web.FilterChainProxy$VirtualFilterChain.doFilter(FilterChainProxy.java:336)
	at org.springframework.security.web.FilterChainProxy.doFilterInternal(FilterChainProxy.java:211)
	at org.springframework.security.web.FilterChainProxy.doFilter(FilterChainProxy.java:183)
	at org.springframework.web.filter.DelegatingFilterProxy.invokeDelegate(DelegatingFilterProxy.java:354)
	at org.springframework.web.filter.DelegatingFilterProxy.doFilter(DelegatingFilterProxy.java:267)
	at org.apache.catalina.core.ApplicationFilterChain.internalDoFilter(ApplicationFilterChain.java:189)
	at org.apache.catalina.core.ApplicationFilterChain.doFilter(ApplicationFilterChain.java:162)
	at org.springframework.web.filter.CharacterEncodingFilter.doFilterInternal(CharacterEncodingFilter.java:201)
	at org.springframework.web.filter.OncePerRequestFilter.doFilter(OncePerRequestFilter.java:117)
	at org.apache.catalina.core.ApplicationFilterChain.internalDoFilter(ApplicationFilterChain.java:189)
	at org.apache.catalina.core.ApplicationFilterChain.doFilter(ApplicationFilterChain.java:162)
	at org.apache.catalina.core.StandardWrapperValve.invoke(StandardWrapperValve.java:197)
	at org.apache.catalina.core.StandardContextValve.invoke(StandardContextValve.java:97)
	at org.apache.catalina.authenticator.AuthenticatorBase.invoke(AuthenticatorBase.java:541)
	at org.apache.catalina.core.StandardHostValve.invoke(StandardHostValve.java:135)
	at org.apache.catalina.valves.ErrorReportValve.invoke(ErrorReportValve.java:92)
	at org.apache.catalina.core.StandardEngineValve.invoke(StandardEngineValve.java:78)
	at org.apache.catalina.connector.CoyoteAdapter.service(CoyoteAdapter.java:360)
	at org.apache.coyote.http11.Http11Processor.service(Http11Processor.java:399)
	at org.apache.coyote.AbstractProcessorLight.process(AbstractProcessorLight.java:65)
	at org.apache.coyote.AbstractProtocol$ConnectionHandler.process(AbstractProtocol.java:890)
	at org.apache.tomcat.util.net.NioEndpoint$SocketProcessor.doRun(NioEndpoint.java:1787)
	at org.apache.tomcat.util.net.SocketProcessorBase.run(SocketProcessorBase.java:49)
	at org.apache.tomcat.util.threads.ThreadPoolExecutor.runWorker(ThreadPoolExecutor.java:1191)
	at org.apache.tomcat.util.threads.ThreadPoolExecutor$Worker.run(ThreadPoolExecutor.java:659)
	at org.apache.tomcat.util.threads.TaskThread$WrappingRunnable.run(TaskThread.java:61)
	at java.base/java.lang.Thread.run(Thread.java:833)
Caused by: java.lang.IllegalStateException: 
	at com.iknow.stocktrackingbe.service.WareHouseService.getWareHouseById(WareHouseService.java:37)
	at com.iknow.stocktrackingbe.service.WareHouseService.createWareHouse(WareHouseService.java:53)
	at com.iknow.stocktrackingbe.controller.WareHouseController.createWareHouse(WareHouseController.java:39)
	at java.base/jdk.internal.reflect.DirectMethodHandleAccessor.invoke(DirectMethodHandleAccessor.java:104)
	at java.base/java.lang.reflect.Method.invoke(Method.java:577)
	at org.springframework.web.method.support.InvocableHandlerMethod.doInvoke(InvocableHandlerMethod.java:205)
	at org.springframework.web.method.support.InvocableHandlerMethod.invokeForRequest(InvocableHandlerMethod.java:150)
	at org.springframework.web.servlet.mvc.method.annotation.ServletInvocableHandlerMethod.invokeAndHandle(ServletInvocableHandlerMethod.java:117)
	at org.springframework.web.servlet.mvc.method.annotation.RequestMappingHandlerAdapter.invokeHandlerMethod(RequestMappingHandlerAdapter.java:895)
	at org.springframework.web.servlet.mvc.method.annotation.RequestMappingHandlerAdapter.handleInternal(RequestMappingHandlerAdapter.java:808)
	at org.springframework.web.servlet.mvc.method.AbstractHandlerMethodAdapter.handle(AbstractHandlerMethodAdapter.java:87)
	at org.springframework.web.servlet.DispatcherServlet.doDispatch(DispatcherServlet.java:1067)
	at org.springframework.web.servlet.DispatcherServlet.doService(DispatcherServlet.java:963)
	at org.springframework.web.servlet.FrameworkServlet.processRequest(FrameworkServlet.java:1006)
	... 73 common frames omitted
2022-08-18 12:00:47,490 ERROR com.iknow.stocktrackingbe.exception.ExceptionController [http-nio-8080-exec-1] Status: 200 Message: Request processing failed; nested exception is java.lang.IllegalStateException: 
2022-08-18 12:02:27,717 ERROR com.iknow.stocktrackingbe.exception.ExceptionController [http-nio-8080-exec-3] Status: 500 Message: No message available
2022-08-18 12:03:50,645 ERROR com.iknow.stocktrackingbe.exception.ExceptionController [http-nio-8080-exec-2] Status: 404 Message: There is no warehouse with this id
2022-08-18 12:03:54,893 ERROR com.iknow.stocktrackingbe.exception.ExceptionController [http-nio-8080-exec-3] Status: 404 Message: There is no warehouse with this id
2022-08-18 12:04:07,716 ERROR com.iknow.stocktrackingbe.exception.ExceptionController [http-nio-8080-exec-4] Status: 404 Message: There is no warehouse with this id
2022-08-18 12:04:14,015 ERROR com.iknow.stocktrackingbe.exception.ExceptionController [http-nio-8080-exec-6] Status: 404 Message: There is no warehouse with this id
2022-08-18 12:08:44,299 ERROR com.iknow.stocktrackingbe.exception.ExceptionController [http-nio-8080-exec-9] Status: 404 Message: There is no warehouse with this id
2022-08-18 15:22:05,180 ERROR com.iknow.stocktrackingbe.exception.ExceptionController [http-nio-8080-exec-3] Status: 404 Message: No message available
2022-08-18 15:53:27,329 ERROR com.iknow.stocktrackingbe.exception.ExceptionController [http-nio-8080-exec-5] Status: 401 Message: Request processing failed; nested exception is org.springframework.dao.InvalidDataAccessApiUsageException: org.hibernate.TransientPropertyValueException: object references an unsaved transient instance - save the transient instance before flushing : com.iknow.stocktrackingbe.model.product.Product.dimension -> com.iknow.stocktrackingbe.model.product.Dimension; nested exception is java.lang.IllegalStateException: org.hibernate.TransientPropertyValueException: object references an unsaved transient instance - save the transient instance before flushing : com.iknow.stocktrackingbe.model.product.Product.dimension -> com.iknow.stocktrackingbe.model.product.Dimension
2022-08-18 15:55:04,741 ERROR com.iknow.stocktrackingbe.exception.ExceptionController [http-nio-8080-exec-1] Status: 401 Message: Request processing failed; nested exception is org.springframework.dao.DataIntegrityViolationException: could not execute statement; SQL [n/a]; nested exception is org.hibernate.exception.DataException: could not execute statement
2022-08-18 15:56:28,676 ERROR com.iknow.stocktrackingbe.exception.ExceptionController [http-nio-8080-exec-1] Status: 401 Message: Request processing failed; nested exception is org.springframework.dao.DataIntegrityViolationException: could not execute statement; SQL [n/a]; nested exception is org.hibernate.exception.DataException: could not execute statement
2022-08-18 16:00:58,864 ERROR com.iknow.stocktrackingbe.exception.ExceptionController [http-nio-8080-exec-1] Status: 401 Message: Request processing failed; nested exception is org.springframework.dao.DataIntegrityViolationException: could not execute statement; SQL [n/a]; nested exception is org.hibernate.exception.DataException: could not execute statement
2022-08-18 16:25:13,949 ERROR com.iknow.stocktrackingbe.exception.ExceptionController [http-nio-8080-exec-7] Status: 405 Message: Request method 'GET' not supported
2022-08-18 16:25:48,201 ERROR com.iknow.stocktrackingbe.exception.ExceptionController [http-nio-8080-exec-9] Status: 404 Message: No message available
2022-08-18 16:26:00,432 ERROR com.iknow.stocktrackingbe.exception.ExceptionController [http-nio-8080-exec-10] Status: 404 Message: No message available
2022-08-18 16:54:05,571 ERROR com.iknow.stocktrackingbe.exception.ExceptionController [http-nio-8080-exec-8] Status: 401 Message: Invalid token
2022-08-18 16:54:10,225 ERROR com.iknow.stocktrackingbe.exception.ExceptionController [http-nio-8080-exec-5] Status: 404 Message: User not found.
2022-08-18 16:54:14,492 ERROR com.iknow.stocktrackingbe.exception.ExceptionController [http-nio-8080-exec-9] Status: 400 Message: Validation failed for object='userRegisterRequest'. Error count: 1
2022-08-18 16:55:36,203 ERROR com.iknow.stocktrackingbe.exception.ExceptionController [http-nio-8080-exec-1] Status: 404 Message: There is no warehouse with this id
2022-08-18 16:59:03,591 ERROR com.iknow.stocktrackingbe.exception.ExceptionController [http-nio-8080-exec-8] Status: 401 Message: Request processing failed; nested exception is java.lang.NullPointerException: Cannot invoke "com.iknow.stocktrackingbe.model.WareHouse.getId()" because the return value of "com.iknow.stocktrackingbe.model.WareHouse.getParent()" is null
2022-08-18 16:59:22,967 ERROR com.iknow.stocktrackingbe.exception.ExceptionController [http-nio-8080-exec-5] Status: 401 Message: Request processing failed; nested exception is java.lang.NullPointerException: Cannot invoke "com.iknow.stocktrackingbe.model.WareHouse.getId()" because the return value of "com.iknow.stocktrackingbe.model.WareHouse.getParent()" is null
2022-08-18 17:02:38,371 ERROR com.iknow.stocktrackingbe.exception.ExceptionController [http-nio-8080-exec-1] Status: 401 Message: Request processing failed; nested exception is java.lang.NullPointerException: Cannot invoke "com.iknow.stocktrackingbe.model.WareHouse.getId()" because the return value of "com.iknow.stocktrackingbe.model.WareHouse.getParent()" is null
2022-08-18 17:02:40,842 ERROR com.iknow.stocktrackingbe.exception.ExceptionController [http-nio-8080-exec-3] Status: 401 Message: Request processing failed; nested exception is java.lang.NullPointerException: Cannot invoke "com.iknow.stocktrackingbe.model.WareHouse.getId()" because the return value of "com.iknow.stocktrackingbe.model.WareHouse.getParent()" is null
2022-08-18 17:03:33,132 ERROR com.iknow.stocktrackingbe.exception.ExceptionController [http-nio-8080-exec-1] Status: 401 Message: Request processing failed; nested exception is java.lang.NullPointerException: Cannot invoke "com.iknow.stocktrackingbe.model.WareHouse.getName()" because the return value of "com.iknow.stocktrackingbe.model.WareHouse.getParent()" is null
2022-08-18 17:03:35,783 ERROR com.iknow.stocktrackingbe.exception.ExceptionController [http-nio-8080-exec-3] Status: 401 Message: Request processing failed; nested exception is java.lang.NullPointerException: Cannot invoke "com.iknow.stocktrackingbe.model.WareHouse.getName()" because the return value of "com.iknow.stocktrackingbe.model.WareHouse.getParent()" is null
2022-08-18 17:07:27,277 ERROR com.iknow.stocktrackingbe.exception.ExceptionController [http-nio-8080-exec-1] Status: 405 Message: Request method 'GET' not supported
2022-08-18 17:09:55,069 ERROR com.iknow.stocktrackingbe.exception.ExceptionController [http-nio-8080-exec-7] Status: 405 Message: Request method 'POST' not supported
2022-08-18 17:11:42,116 ERROR com.iknow.stocktrackingbe.exception.ExceptionController [http-nio-8080-exec-3] Status: 404 Message: No message available
2022-08-18 17:11:58,384 ERROR com.iknow.stocktrackingbe.exception.ExceptionController [http-nio-8080-exec-5] Status: 404 Message: No message available
2022-08-18 17:12:08,659 ERROR com.iknow.stocktrackingbe.exception.ExceptionController [http-nio-8080-exec-8] Status: 404 Message: No message available
2022-08-18 17:12:42,848 ERROR com.iknow.stocktrackingbe.exception.ExceptionController [http-nio-8080-exec-7] Status: 404 Message: No message available
2022-08-18 17:12:53,192 ERROR com.iknow.stocktrackingbe.exception.ExceptionController [http-nio-8080-exec-4] Status: 404 Message: No message available
2022-08-18 17:19:21,942 ERROR com.iknow.stocktrackingbe.exception.ExceptionController [http-nio-8080-exec-1] Status: 405 Message: Request method 'PUT' not supported
