2022-07-27 00:07:27,173 INFO org.springframework.boot.StartupInfoLogger [main] Starting StockTrackingBeApplication using Java 11.0.15 on DESKTOP-OEEDDTC with PID 9488 (D:\stock-tracking-be\target\classes started by Dev in D:\stock-tracking-be)
2022-07-27 00:07:27,173 DEBUG org.springframework.boot.StartupInfoLogger [main] Running with Spring Boot v2.7.1, Spring v5.3.21
2022-07-27 00:07:27,173 INFO org.springframework.boot.SpringApplication [main] No active profile set, falling back to 1 default profile: "default"
2022-07-27 00:07:32,235 INFO org.springframework.boot.StartupInfoLogger [main] Started StockTrackingBeApplication in 5.825 seconds (JVM running for 7.225)
2022-07-27 00:07:39,515 INFO com.iknow.stocktrackingbe.service.PrescriptionService [http-nio-8080-exec-2] Service Called: createNewPrescription
2022-07-27 00:08:03,748 INFO com.iknow.stocktrackingbe.service.PrescriptionService [http-nio-8080-exec-3] Service Called: createNewPrescription
2022-07-27 00:08:04,606 INFO com.iknow.stocktrackingbe.service.PrescriptionService [http-nio-8080-exec-4] Service Called: createNewPrescription
2022-07-27 00:13:23,597 INFO org.springframework.boot.StartupInfoLogger [main] Starting StockTrackingBeApplication using Java 11.0.15 on DESKTOP-OEEDDTC with PID 3320 (D:\stock-tracking-be\target\classes started by Dev in D:\stock-tracking-be)
2022-07-27 00:13:23,603 DEBUG org.springframework.boot.StartupInfoLogger [main] Running with Spring Boot v2.7.1, Spring v5.3.21
2022-07-27 00:13:23,607 INFO org.springframework.boot.SpringApplication [main] No active profile set, falling back to 1 default profile: "default"
2022-07-27 00:13:28,822 INFO org.springframework.boot.StartupInfoLogger [main] Started StockTrackingBeApplication in 6.049 seconds (JVM running for 7.963)
2022-07-27 00:13:33,217 INFO com.iknow.stocktrackingbe.service.PrescriptionService [http-nio-8080-exec-1] Service Called: createNewPrescription
2022-07-27 00:13:34,685 INFO com.iknow.stocktrackingbe.service.PrescriptionService [http-nio-8080-exec-3] Service Called: createNewPrescription
2022-07-27 00:13:35,617 INFO com.iknow.stocktrackingbe.service.PrescriptionService [http-nio-8080-exec-4] Service Called: createNewPrescription
2022-07-27 00:13:36,781 INFO com.iknow.stocktrackingbe.service.PrescriptionService [http-nio-8080-exec-6] Service Called: createNewPrescription
2022-07-27 00:14:30,286 INFO com.iknow.stocktrackingbe.service.PrescriptionService [http-nio-8080-exec-4] Service Called: createNewPrescription
2022-07-27 00:14:31,179 INFO com.iknow.stocktrackingbe.service.PrescriptionService [http-nio-8080-exec-6] Service Called: createNewPrescription
2022-07-27 00:14:38,549 INFO com.iknow.stocktrackingbe.service.PrescriptionService [http-nio-8080-exec-5] Service Called: getPrescriptionById
2022-07-27 00:14:38,582 WARN com.iknow.stocktrackingbe.service.PrescriptionService [http-nio-8080-exec-5] Prescription does not exist
2022-07-27 00:16:22,487 INFO org.springframework.boot.StartupInfoLogger [main] Starting StockTrackingBeApplication using Java 11.0.15 on DESKTOP-OEEDDTC with PID 900 (D:\stock-tracking-be\target\classes started by Dev in D:\stock-tracking-be)
2022-07-27 00:16:22,489 DEBUG org.springframework.boot.StartupInfoLogger [main] Running with Spring Boot v2.7.1, Spring v5.3.21
2022-07-27 00:16:22,490 INFO org.springframework.boot.SpringApplication [main] No active profile set, falling back to 1 default profile: "default"
2022-07-27 00:16:27,514 INFO org.springframework.boot.StartupInfoLogger [main] Started StockTrackingBeApplication in 6.057 seconds (JVM running for 7.673)
2022-07-27 00:16:31,313 INFO com.iknow.stocktrackingbe.service.PrescriptionService [http-nio-8080-exec-1] Service Called: getPrescriptionById
2022-07-27 00:16:31,401 WARN com.iknow.stocktrackingbe.service.PrescriptionService [http-nio-8080-exec-1] Prescription does not exist
2022-07-27 00:16:33,918 INFO com.iknow.stocktrackingbe.service.PrescriptionService [http-nio-8080-exec-3] Service Called: getPrescriptionById
2022-07-27 00:16:33,921 WARN com.iknow.stocktrackingbe.service.PrescriptionService [http-nio-8080-exec-3] Prescription does not exist
2022-07-27 10:13:05,607 INFO org.springframework.boot.StartupInfoLogger [restartedMain] Starting StockTrackingBeApplication using Java 11.0.15 on DESKTOP-OEEDDTC with PID 7724 (D:\stock-tracking-be\target\classes started by Dev in D:\stock-tracking-be)
2022-07-27 10:13:05,607 DEBUG org.springframework.boot.StartupInfoLogger [restartedMain] Running with Spring Boot v2.7.1, Spring v5.3.21
2022-07-27 10:13:05,607 INFO org.springframework.boot.SpringApplication [restartedMain] No active profile set, falling back to 1 default profile: "default"
2022-07-27 10:13:11,296 INFO org.springframework.boot.StartupInfoLogger [restartedMain] Started StockTrackingBeApplication in 7.473 seconds (JVM running for 9.293)
2022-07-27 10:14:18,352 INFO com.iknow.stocktrackingbe.service.PrescriptionService [http-nio-8080-exec-1] Service Called: createNewPrescription
2022-07-27 10:14:20,851 INFO com.iknow.stocktrackingbe.service.PrescriptionService [http-nio-8080-exec-3] Service Called: createNewPrescription
2022-07-27 10:14:21,862 INFO com.iknow.stocktrackingbe.service.PrescriptionService [http-nio-8080-exec-4] Service Called: createNewPrescription
2022-07-27 10:14:23,189 INFO com.iknow.stocktrackingbe.service.PrescriptionService [http-nio-8080-exec-5] Service Called: createNewPrescription
2022-07-27 10:14:26,601 INFO com.iknow.stocktrackingbe.service.PrescriptionService [http-nio-8080-exec-6] Service Called: getPrescriptions
2022-07-27 10:14:38,223 INFO com.iknow.stocktrackingbe.service.PrescriptionService [http-nio-8080-exec-7] Service Called: getPrescriptions
2022-07-27 10:16:56,615 INFO org.springframework.boot.StartupInfoLogger [restartedMain] Starting StockTrackingBeApplication using Java 11.0.15 on DESKTOP-OEEDDTC with PID 6292 (D:\stock-tracking-be\target\classes started by Dev in D:\stock-tracking-be)
2022-07-27 10:16:56,617 DEBUG org.springframework.boot.StartupInfoLogger [restartedMain] Running with Spring Boot v2.7.1, Spring v5.3.21
2022-07-27 10:16:56,618 INFO org.springframework.boot.SpringApplication [restartedMain] No active profile set, falling back to 1 default profile: "default"
2022-07-27 10:18:11,043 INFO org.springframework.boot.StartupInfoLogger [restartedMain] Starting StockTrackingBeApplication using Java 11.0.15 on DESKTOP-OEEDDTC with PID 2272 (D:\stock-tracking-be\target\classes started by Dev in D:\stock-tracking-be)
2022-07-27 10:18:11,043 DEBUG org.springframework.boot.StartupInfoLogger [restartedMain] Running with Spring Boot v2.7.1, Spring v5.3.21
2022-07-27 10:18:11,043 INFO org.springframework.boot.SpringApplication [restartedMain] No active profile set, falling back to 1 default profile: "default"
2022-07-27 10:18:15,179 INFO org.springframework.boot.StartupInfoLogger [restartedMain] Started StockTrackingBeApplication in 4.784 seconds (JVM running for 6.362)
2022-07-27 10:18:25,451 INFO com.iknow.stocktrackingbe.service.PrescriptionService [http-nio-8080-exec-1] Service Called: createNewPrescription
2022-07-27 10:18:26,593 INFO com.iknow.stocktrackingbe.service.PrescriptionService [http-nio-8080-exec-3] Service Called: createNewPrescription
2022-07-27 10:18:27,577 INFO com.iknow.stocktrackingbe.service.PrescriptionService [http-nio-8080-exec-4] Service Called: createNewPrescription
2022-07-27 10:18:28,623 INFO com.iknow.stocktrackingbe.service.PrescriptionService [http-nio-8080-exec-5] Service Called: createNewPrescription
2022-07-27 10:18:29,519 INFO com.iknow.stocktrackingbe.service.PrescriptionService [http-nio-8080-exec-6] Service Called: createNewPrescription
2022-07-27 10:18:39,462 INFO com.iknow.stocktrackingbe.service.PrescriptionService [http-nio-8080-exec-7] Service Called: getPrescriptions
2022-07-27 10:19:00,553 INFO com.iknow.stocktrackingbe.service.PrescriptionService [http-nio-8080-exec-8] Service Called: getPrescriptions
2022-07-27 10:19:22,175 INFO com.iknow.stocktrackingbe.service.PrescriptionService [http-nio-8080-exec-9] Service Called: getPrescriptions
2022-07-27 10:56:06,661 INFO com.iknow.stocktrackingbe.service.PrescriptionService [http-nio-8080-exec-1] Service Called: getPrescriptions
2022-07-27 10:58:00,593 INFO com.iknow.stocktrackingbe.service.PrescriptionService [http-nio-8080-exec-6] Service Called: getPrescriptionById
2022-07-27 10:58:00,604 WARN com.iknow.stocktrackingbe.service.PrescriptionService [http-nio-8080-exec-6] Prescription does not exist
2022-07-27 11:00:33,984 INFO org.springframework.boot.StartupInfoLogger [restartedMain] Starting StockTrackingBeApplication using Java 11.0.15 on DESKTOP-OEEDDTC with PID 10844 (D:\stock-tracking-be\target\classes started by Dev in D:\stock-tracking-be)
2022-07-27 11:00:33,986 DEBUG org.springframework.boot.StartupInfoLogger [restartedMain] Running with Spring Boot v2.7.1, Spring v5.3.21
2022-07-27 11:00:33,987 INFO org.springframework.boot.SpringApplication [restartedMain] No active profile set, falling back to 1 default profile: "default"
2022-07-27 11:00:39,111 INFO org.springframework.boot.StartupInfoLogger [restartedMain] Started StockTrackingBeApplication in 5.95 seconds (JVM running for 7.689)
2022-07-27 11:02:16,807 INFO org.springframework.boot.StartupInfoLogger [restartedMain] Starting StockTrackingBeApplication using Java 11.0.15 on DESKTOP-OEEDDTC with PID 7728 (D:\stock-tracking-be\target\classes started by Dev in D:\stock-tracking-be)
2022-07-27 11:02:16,809 DEBUG org.springframework.boot.StartupInfoLogger [restartedMain] Running with Spring Boot v2.7.1, Spring v5.3.21
2022-07-27 11:02:16,810 INFO org.springframework.boot.SpringApplication [restartedMain] No active profile set, falling back to 1 default profile: "default"
2022-07-27 11:02:21,090 INFO org.springframework.boot.StartupInfoLogger [restartedMain] Started StockTrackingBeApplication in 4.927 seconds (JVM running for 6.228)
2022-07-27 11:02:26,810 ERROR com.iknow.stocktrackingbe.exception.ExceptionController [http-nio-8080-exec-2] Status: 400Message: Validation failed for object='prescription'. Error count: 2
2022-07-27 11:05:28,523 ERROR com.iknow.stocktrackingbe.exception.ExceptionController [http-nio-8080-exec-4] Status: 404Message: No message available
2022-07-27 11:05:44,843 ERROR com.iknow.stocktrackingbe.exception.ExceptionController [http-nio-8080-exec-5] Status: 400Message: Validation failed for object='prescription'. Error count: 2
2022-07-27 11:55:34,364 ERROR com.iknow.stocktrackingbe.exception.ExceptionController [http-nio-8080-exec-10] Status: 404Message: No message available
2022-07-27 14:10:29,304 INFO org.springframework.boot.StartupInfoLogger [restartedMain] Starting StockTrackingBeApplication using Java 11.0.15 on DESKTOP-OEEDDTC with PID 3212 (D:\stock-tracking-be\target\classes started by Dev in D:\stock-tracking-be)
2022-07-27 14:10:29,320 DEBUG org.springframework.boot.StartupInfoLogger [restartedMain] Running with Spring Boot v2.7.1, Spring v5.3.21
2022-07-27 14:10:29,320 INFO org.springframework.boot.SpringApplication [restartedMain] No active profile set, falling back to 1 default profile: "default"
2022-07-27 14:10:34,287 INFO org.springframework.boot.StartupInfoLogger [restartedMain] Started StockTrackingBeApplication in 5.891 seconds (JVM running for 7.338)
2022-07-27 14:10:40,711 ERROR com.iknow.stocktrackingbe.exception.ExceptionController [http-nio-8080-exec-1] Status: 400 Message: JSON parse error: Unexpected character ('}' (code 125)): was expecting double-quote to start field name; nested exception is com.fasterxml.jackson.core.JsonParseException: Unexpected character ('}' (code 125)): was expecting double-quote to start field name
 at [Source: (org.springframework.util.StreamUtils$NonClosingInputStream); line: 7, column: 2]
2022-07-27 14:10:48,912 ERROR com.iknow.stocktrackingbe.exception.ExceptionController [http-nio-8080-exec-4] Status: 500 Message: Could not commit JPA transaction; nested exception is javax.persistence.RollbackException: Error while committing the transaction
2022-07-27 14:18:03,069 INFO org.springframework.boot.StartupInfoLogger [restartedMain] Starting StockTrackingBeApplication using Java 11.0.15 on DESKTOP-OEEDDTC with PID 12408 (D:\stock-tracking-be\target\classes started by Dev in D:\stock-tracking-be)
2022-07-27 14:18:03,071 DEBUG org.springframework.boot.StartupInfoLogger [restartedMain] Running with Spring Boot v2.7.1, Spring v5.3.21
2022-07-27 14:18:03,072 INFO org.springframework.boot.SpringApplication [restartedMain] No active profile set, falling back to 1 default profile: "default"
2022-07-27 14:18:08,299 INFO org.springframework.boot.StartupInfoLogger [restartedMain] Started StockTrackingBeApplication in 5.989 seconds (JVM running for 8.352)
2022-07-27 14:18:43,073 ERROR com.iknow.stocktrackingbe.exception.ExceptionController [http-nio-8080-exec-2] Status: 500 Message: Could not commit JPA transaction; nested exception is javax.persistence.RollbackException: Error while committing the transaction
2022-07-27 14:21:20,005 INFO org.springframework.boot.StartupInfoLogger [restartedMain] Starting StockTrackingBeApplication using Java 11.0.15 on DESKTOP-OEEDDTC with PID 13668 (D:\stock-tracking-be\target\classes started by Dev in D:\stock-tracking-be)
2022-07-27 14:21:20,005 DEBUG org.springframework.boot.StartupInfoLogger [restartedMain] Running with Spring Boot v2.7.1, Spring v5.3.21
2022-07-27 14:21:20,005 INFO org.springframework.boot.SpringApplication [restartedMain] No active profile set, falling back to 1 default profile: "default"
2022-07-27 14:21:25,640 INFO org.springframework.boot.StartupInfoLogger [restartedMain] Started StockTrackingBeApplication in 6.299 seconds (JVM running for 7.618)
2022-07-27 14:23:04,351 ERROR com.iknow.stocktrackingbe.exception.ExceptionController [http-nio-8080-exec-3] Status: 400 Message: JSON parse error: Unexpected character ('}' (code 125)): was expecting double-quote to start field name; nested exception is com.fasterxml.jackson.core.JsonParseException: Unexpected character ('}' (code 125)): was expecting double-quote to start field name
 at [Source: (org.springframework.util.StreamUtils$NonClosingInputStream); line: 8, column: 2]
2022-07-27 14:23:10,318 ERROR com.iknow.stocktrackingbe.exception.ExceptionController [http-nio-8080-exec-5] Status: 500 Message: Could not commit JPA transaction; nested exception is javax.persistence.RollbackException: Error while committing the transaction
2022-07-27 14:23:31,663 ERROR com.iknow.stocktrackingbe.exception.ExceptionController [http-nio-8080-exec-7] Status: 500 Message: Could not commit JPA transaction; nested exception is javax.persistence.RollbackException: Error while committing the transaction
2022-07-27 14:23:52,056 ERROR com.iknow.stocktrackingbe.exception.ExceptionController [http-nio-8080-exec-10] Status: 500 Message: Could not commit JPA transaction; nested exception is javax.persistence.RollbackException: Error while committing the transaction
2022-07-27 14:23:57,047 ERROR com.iknow.stocktrackingbe.exception.ExceptionController [http-nio-8080-exec-2] Status: 500 Message: Could not commit JPA transaction; nested exception is javax.persistence.RollbackException: Error while committing the transaction
2022-07-27 14:24:47,873 INFO org.springframework.boot.StartupInfoLogger [restartedMain] Starting StockTrackingBeApplication using Java 11.0.15 on DESKTOP-OEEDDTC with PID 13392 (D:\stock-tracking-be\target\classes started by Dev in D:\stock-tracking-be)
2022-07-27 14:24:47,875 DEBUG org.springframework.boot.StartupInfoLogger [restartedMain] Running with Spring Boot v2.7.1, Spring v5.3.21
2022-07-27 14:24:47,876 INFO org.springframework.boot.SpringApplication [restartedMain] No active profile set, falling back to 1 default profile: "default"
2022-07-27 14:24:53,527 INFO org.springframework.boot.StartupInfoLogger [restartedMain] Started StockTrackingBeApplication in 7.108 seconds (JVM running for 9.353)
2022-07-27 14:25:02,140 ERROR com.iknow.stocktrackingbe.exception.ExceptionController [http-nio-8080-exec-3] Status: 500 Message: Could not commit JPA transaction; nested exception is javax.persistence.RollbackException: Error while committing the transaction
2022-07-27 14:25:26,348 ERROR com.iknow.stocktrackingbe.exception.ExceptionController [http-nio-8080-exec-5] Status: 500 Message: Could not commit JPA transaction; nested exception is javax.persistence.RollbackException: Error while committing the transaction
2022-07-27 14:25:39,815 INFO org.springframework.boot.StartupInfoLogger [restartedMain] Starting StockTrackingBeApplication using Java 11.0.15 on DESKTOP-OEEDDTC with PID 11284 (D:\stock-tracking-be\target\classes started by Dev in D:\stock-tracking-be)
2022-07-27 14:25:39,815 DEBUG org.springframework.boot.StartupInfoLogger [restartedMain] Running with Spring Boot v2.7.1, Spring v5.3.21
2022-07-27 14:25:39,815 INFO org.springframework.boot.SpringApplication [restartedMain] No active profile set, falling back to 1 default profile: "default"
2022-07-27 14:25:44,187 INFO org.springframework.boot.StartupInfoLogger [restartedMain] Started StockTrackingBeApplication in 5.053 seconds (JVM running for 6.498)
2022-07-27 14:25:48,885 ERROR com.iknow.stocktrackingbe.exception.ExceptionController [http-nio-8080-exec-2] Status: 500 Message: Could not commit JPA transaction; nested exception is javax.persistence.RollbackException: Error while committing the transaction
2022-07-27 14:25:50,398 ERROR com.iknow.stocktrackingbe.exception.ExceptionController [http-nio-8080-exec-4] Status: 500 Message: Could not commit JPA transaction; nested exception is javax.persistence.RollbackException: Error while committing the transaction
2022-07-27 14:26:40,448 ERROR com.iknow.stocktrackingbe.exception.ExceptionController [http-nio-8080-exec-6] Status: 500 Message: Could not commit JPA transaction; nested exception is javax.persistence.RollbackException: Error while committing the transaction
2022-07-27 14:27:27,591 INFO org.springframework.boot.StartupInfoLogger [restartedMain] Starting StockTrackingBeApplication using Java 11.0.15 on DESKTOP-OEEDDTC with PID 10484 (D:\stock-tracking-be\target\classes started by Dev in D:\stock-tracking-be)
2022-07-27 14:27:27,591 DEBUG org.springframework.boot.StartupInfoLogger [restartedMain] Running with Spring Boot v2.7.1, Spring v5.3.21
2022-07-27 14:27:27,607 INFO org.springframework.boot.SpringApplication [restartedMain] No active profile set, falling back to 1 default profile: "default"
2022-07-27 14:27:32,315 INFO org.springframework.boot.StartupInfoLogger [restartedMain] Started StockTrackingBeApplication in 5.453 seconds (JVM running for 6.771)
2022-07-27 14:27:41,183 ERROR com.iknow.stocktrackingbe.exception.ExceptionController [http-nio-8080-exec-2] Status: 500 Message: Could not commit JPA transaction; nested exception is javax.persistence.RollbackException: Error while committing the transaction
2022-07-27 14:27:50,889 ERROR com.iknow.stocktrackingbe.exception.ExceptionController [http-nio-8080-exec-4] Status: 400 Message: JSON parse error: Unexpected end-of-input within/between Object entries; nested exception is com.fasterxml.jackson.core.JsonParseException: Unexpected end-of-input within/between Object entries
 at [Source: (org.springframework.util.StreamUtils$NonClosingInputStream); line: 4, column: 3]
2022-07-27 14:27:55,613 ERROR com.iknow.stocktrackingbe.exception.ExceptionController [http-nio-8080-exec-6] Status: 400 Message: JSON parse error: Unexpected end-of-input: expected close marker for Object (start marker at [Source: (org.springframework.util.StreamUtils$NonClosingInputStream); line: 1, column: 1]); nested exception is com.fasterxml.jackson.core.io.JsonEOFException: Unexpected end-of-input: expected close marker for Object (start marker at [Source: (org.springframework.util.StreamUtils$NonClosingInputStream); line: 1, column: 1])
 at [Source: (org.springframework.util.StreamUtils$NonClosingInputStream); line: 4, column: 3]
2022-07-27 14:28:00,655 ERROR com.iknow.stocktrackingbe.exception.ExceptionController [http-nio-8080-exec-8] Status: 400 Message: Validation failed for object='prescription'. Error count: 1
2022-07-27 14:28:07,045 ERROR com.iknow.stocktrackingbe.exception.ExceptionController [http-nio-8080-exec-10] Status: 500 Message: Could not commit JPA transaction; nested exception is javax.persistence.RollbackException: Error while committing the transaction
2022-07-27 14:31:08,656 INFO org.springframework.boot.StartupInfoLogger [restartedMain] Starting StockTrackingBeApplication using Java 11.0.15 on DESKTOP-OEEDDTC with PID 13332 (D:\stock-tracking-be\target\classes started by Dev in D:\stock-tracking-be)
2022-07-27 14:31:08,660 DEBUG org.springframework.boot.StartupInfoLogger [restartedMain] Running with Spring Boot v2.7.1, Spring v5.3.21
2022-07-27 14:31:08,661 INFO org.springframework.boot.SpringApplication [restartedMain] No active profile set, falling back to 1 default profile: "default"
2022-07-27 14:31:14,719 INFO org.springframework.boot.StartupInfoLogger [restartedMain] Started StockTrackingBeApplication in 6.901 seconds (JVM running for 8.574)
2022-07-27 14:32:40,851 ERROR com.iknow.stocktrackingbe.exception.ExceptionController [http-nio-8080-exec-3] Status: 400 Message: JSON parse error: Unexpected character ('}' (code 125)): was expecting double-quote to start field name; nested exception is com.fasterxml.jackson.core.JsonParseException: Unexpected character ('}' (code 125)): was expecting double-quote to start field name
 at [Source: (org.springframework.util.StreamUtils$NonClosingInputStream); line: 7, column: 2]
2022-07-27 14:32:47,027 ERROR com.iknow.stocktrackingbe.exception.ExceptionController [http-nio-8080-exec-5] Status: 500 Message: Could not commit JPA transaction; nested exception is javax.persistence.RollbackException: Error while committing the transaction
2022-07-27 14:34:56,945 INFO org.springframework.boot.StartupInfoLogger [restartedMain] Starting StockTrackingBeApplication using Java 11.0.15 on DESKTOP-OEEDDTC with PID 13512 (D:\stock-tracking-be\target\classes started by Dev in D:\stock-tracking-be)
2022-07-27 14:34:56,945 DEBUG org.springframework.boot.StartupInfoLogger [restartedMain] Running with Spring Boot v2.7.1, Spring v5.3.21
2022-07-27 14:34:56,945 INFO org.springframework.boot.SpringApplication [restartedMain] No active profile set, falling back to 1 default profile: "default"
2022-07-27 14:35:01,913 INFO org.springframework.boot.StartupInfoLogger [restartedMain] Started StockTrackingBeApplication in 5.712 seconds (JVM running for 7.217)
2022-07-27 14:35:08,316 ERROR com.iknow.stocktrackingbe.exception.ExceptionController [http-nio-8080-exec-2] Status: 400 Message: Validation failed for object='prescription'. Error count: 2
2022-07-27 14:35:27,566 ERROR com.iknow.stocktrackingbe.exception.ExceptionController [http-nio-8080-exec-4] Status: 400 Message: JSON parse error: Unexpected character ('}' (code 125)): was expecting double-quote to start field name; nested exception is com.fasterxml.jackson.core.JsonParseException: Unexpected character ('}' (code 125)): was expecting double-quote to start field name
 at [Source: (org.springframework.util.StreamUtils$NonClosingInputStream); line: 6, column: 2]
2022-07-27 14:35:31,553 INFO com.iknow.stocktrackingbe.service.PrescriptionService [http-nio-8080-exec-6] Service Called: createNewPrescription
2022-07-27 14:35:55,490 INFO com.iknow.stocktrackingbe.service.PrescriptionService [http-nio-8080-exec-7] Service Called: createNewPrescription
2022-07-27 14:35:58,418 ERROR com.iknow.stocktrackingbe.exception.ExceptionController [http-nio-8080-exec-8] Status: 400 Message: JSON parse error: Unexpected character ('}' (code 125)): was expecting double-quote to start field name; nested exception is com.fasterxml.jackson.core.JsonParseException: Unexpected character ('}' (code 125)): was expecting double-quote to start field name
 at [Source: (org.springframework.util.StreamUtils$NonClosingInputStream); line: 6, column: 2]
2022-07-27 14:36:02,242 ERROR com.iknow.stocktrackingbe.exception.ExceptionController [http-nio-8080-exec-10] Status: 400 Message: Validation failed for object='prescription'. Error count: 1
2022-07-27 14:36:17,580 ERROR com.iknow.stocktrackingbe.exception.ExceptionController [http-nio-8080-exec-2] Status: 400 Message: Validation failed for object='prescription'. Error count: 1
2022-07-27 14:36:24,010 ERROR com.iknow.stocktrackingbe.exception.ExceptionController [http-nio-8080-exec-4] Status: 500 Message: Could not commit JPA transaction; nested exception is javax.persistence.RollbackException: Error while committing the transaction
2022-07-27 14:37:54,221 ERROR com.iknow.stocktrackingbe.exception.ExceptionController [http-nio-8080-exec-6] Status: 400 Message: Validation failed for object='prescription'. Error count: 1
2022-07-27 14:39:39,959 ERROR com.iknow.stocktrackingbe.exception.ExceptionController [http-nio-8080-exec-8] Status: 400 Message: JSON parse error: Unexpected character ('"' (code 34)): was expecting comma to separate Object entries; nested exception is com.fasterxml.jackson.core.JsonParseException: Unexpected character ('"' (code 34)): was expecting comma to separate Object entries
 at [Source: (org.springframework.util.StreamUtils$NonClosingInputStream); line: 4, column: 6]
2022-07-27 14:39:44,195 INFO com.iknow.stocktrackingbe.service.PrescriptionService [http-nio-8080-exec-10] Service Called: createNewPrescription
2022-07-27 14:40:35,961 INFO org.springframework.boot.StartupInfoLogger [restartedMain] Starting StockTrackingBeApplication using Java 11.0.15 on DESKTOP-OEEDDTC with PID 13336 (D:\stock-tracking-be\target\classes started by Dev in D:\stock-tracking-be)
2022-07-27 14:40:35,964 DEBUG org.springframework.boot.StartupInfoLogger [restartedMain] Running with Spring Boot v2.7.1, Spring v5.3.21
2022-07-27 14:40:35,965 INFO org.springframework.boot.SpringApplication [restartedMain] No active profile set, falling back to 1 default profile: "default"
2022-07-27 14:40:42,109 INFO org.springframework.boot.StartupInfoLogger [restartedMain] Started StockTrackingBeApplication in 7.02 seconds (JVM running for 8.714)
2022-07-27 14:40:46,810 ERROR com.iknow.stocktrackingbe.exception.ExceptionController [http-nio-8080-exec-1] Status: 400 Message: JSON parse error: Unexpected character ('}' (code 125)): was expecting double-quote to start field name; nested exception is com.fasterxml.jackson.core.JsonParseException: Unexpected character ('}' (code 125)): was expecting double-quote to start field name
 at [Source: (org.springframework.util.StreamUtils$NonClosingInputStream); line: 5, column: 4]
2022-07-27 14:40:52,409 ERROR com.iknow.stocktrackingbe.exception.ExceptionController [http-nio-8080-exec-4] Status: 400 Message: Validation failed for object='product'. Error count: 5
2022-07-27 14:58:17,036 INFO org.springframework.boot.StartupInfoLogger [restartedMain] Starting StockTrackingBeApplication using Java 11.0.15 on DESKTOP-OEEDDTC with PID 10008 (D:\stock-tracking-be\target\classes started by Dev in D:\stock-tracking-be)
2022-07-27 14:58:17,052 DEBUG org.springframework.boot.StartupInfoLogger [restartedMain] Running with Spring Boot v2.7.1, Spring v5.3.21
2022-07-27 14:58:17,052 INFO org.springframework.boot.SpringApplication [restartedMain] No active profile set, falling back to 1 default profile: "default"
2022-07-27 14:58:21,447 INFO org.springframework.boot.StartupInfoLogger [restartedMain] Started StockTrackingBeApplication in 5.028 seconds (JVM running for 6.338)
2022-07-27 15:00:00,549 ERROR com.iknow.stocktrackingbe.exception.ExceptionController [http-nio-8080-exec-5] Status: 400 Message: Required request body is missing: public void com.iknow.stocktrackingbe.controller.ProductionController.createNewProduction(com.iknow.stocktrackingbe.model.Production)
2022-07-27 15:00:17,689 ERROR com.iknow.stocktrackingbe.exception.ExceptionController [http-nio-8080-exec-4] Status: 400 Message: Validation failed for object='production'. Error count: 2
2022-07-27 15:00:33,361 ERROR com.iknow.stocktrackingbe.exception.ExceptionController [http-nio-8080-exec-5] Status: 400 Message: Validation failed for object='production'. Error count: 1
2022-07-27 15:00:55,631 INFO com.iknow.stocktrackingbe.service.ProductionService [http-nio-8080-exec-7] Service Called: createNewProduction
2022-07-27 15:00:55,715 ERROR com.iknow.stocktrackingbe.exception.ExceptionController [http-nio-8080-exec-7] Status: 500 Message: org.hibernate.TransientPropertyValueException: Not-null property references a transient value - transient instance must be saved before current operation : com.iknow.stocktrackingbe.model.Production.product -> com.iknow.stocktrackingbe.model.Product; nested exception is java.lang.IllegalStateException: org.hibernate.TransientPropertyValueException: Not-null property references a transient value - transient instance must be saved before current operation : com.iknow.stocktrackingbe.model.Production.product -> com.iknow.stocktrackingbe.model.Product
2022-07-27 15:03:33,114 INFO com.iknow.stocktrackingbe.service.ProductionService [http-nio-8080-exec-9] Service Called: createNewProduction
2022-07-27 15:03:33,118 ERROR com.iknow.stocktrackingbe.exception.ExceptionController [http-nio-8080-exec-9] Status: 500 Message: org.hibernate.TransientPropertyValueException: Not-null property references a transient value - transient instance must be saved before current operation : com.iknow.stocktrackingbe.model.Production.product -> com.iknow.stocktrackingbe.model.Product; nested exception is java.lang.IllegalStateException: org.hibernate.TransientPropertyValueException: Not-null property references a transient value - transient instance must be saved before current operation : com.iknow.stocktrackingbe.model.Production.product -> com.iknow.stocktrackingbe.model.Product
2022-07-27 15:04:59,012 INFO org.springframework.boot.StartupInfoLogger [restartedMain] Starting StockTrackingBeApplication using Java 11.0.15 on DESKTOP-OEEDDTC with PID 4044 (D:\stock-tracking-be\target\classes started by Dev in D:\stock-tracking-be)
2022-07-27 15:04:59,012 DEBUG org.springframework.boot.StartupInfoLogger [restartedMain] Running with Spring Boot v2.7.1, Spring v5.3.21
2022-07-27 15:04:59,012 INFO org.springframework.boot.SpringApplication [restartedMain] No active profile set, falling back to 1 default profile: "default"
2022-07-27 15:05:02,950 INFO org.springframework.boot.StartupInfoLogger [restartedMain] Started StockTrackingBeApplication in 4.626 seconds (JVM running for 5.884)
2022-07-27 15:05:06,307 INFO com.iknow.stocktrackingbe.service.ProductionService [http-nio-8080-exec-1] Service Called: createNewProduction
2022-07-27 15:05:48,432 ERROR com.iknow.stocktrackingbe.exception.ExceptionController [http-nio-8080-exec-4] Status: 400 Message: JSON parse error: Unexpected character ('}' (code 125)): was expecting double-quote to start field name; nested exception is com.fasterxml.jackson.databind.JsonMappingException: Unexpected character ('}' (code 125)): was expecting double-quote to start field name
 at [Source: (org.springframework.util.StreamUtils$NonClosingInputStream); line: 12, column: 6] (through reference chain: com.iknow.stocktrackingbe.model.Production["product"])
2022-07-27 15:05:53,273 INFO com.iknow.stocktrackingbe.service.ProductionService [http-nio-8080-exec-10] Service Called: createNewProduction
2022-07-27 15:05:53,346 ERROR com.iknow.stocktrackingbe.exception.ExceptionController [http-nio-8080-exec-10] Status: 500 Message: Could not commit JPA transaction; nested exception is javax.persistence.RollbackException: Error while committing the transaction
2022-07-27 15:06:20,464 INFO com.iknow.stocktrackingbe.service.ProductionService [http-nio-8080-exec-2] Service Called: createNewProduction
2022-07-27 15:06:24,346 ERROR com.iknow.stocktrackingbe.exception.ExceptionController [http-nio-8080-exec-1] Status: 400 Message: Validation failed for object='production'. Error count: 1
2022-07-27 15:21:50,974 ERROR com.iknow.stocktrackingbe.exception.ExceptionController [http-nio-8080-exec-9] Status: 400 Message: Validation failed for object='production'. Error count: 1
2022-07-27 15:21:55,897 INFO com.iknow.stocktrackingbe.service.ProductionService [http-nio-8080-exec-8] Service Called: createNewProduction
2022-07-27 15:21:59,652 ERROR com.iknow.stocktrackingbe.exception.ExceptionController [http-nio-8080-exec-7] Status: 400 Message: JSON parse error: Unexpected character ('}' (code 125)): was expecting double-quote to start field name; nested exception is com.fasterxml.jackson.databind.JsonMappingException: Unexpected character ('}' (code 125)): was expecting double-quote to start field name
 at [Source: (org.springframework.util.StreamUtils$NonClosingInputStream); line: 9, column: 6] (through reference chain: com.iknow.stocktrackingbe.model.Production["product"])
2022-07-27 15:22:08,258 INFO com.iknow.stocktrackingbe.service.ProductionService [http-nio-8080-exec-2] Service Called: createNewProduction
2022-07-27 15:22:08,264 ERROR com.iknow.stocktrackingbe.exception.ExceptionController [http-nio-8080-exec-2] Status: 500 Message: Could not commit JPA transaction; nested exception is javax.persistence.RollbackException: Error while committing the transaction
2022-07-27 15:22:26,013 INFO com.iknow.stocktrackingbe.service.ProductionService [http-nio-8080-exec-4] Service Called: createNewProduction
2022-07-27 15:23:11,529 ERROR com.iknow.stocktrackingbe.exception.ExceptionController [http-nio-8080-exec-10] Status: 400 Message: JSON parse error: Unexpected character ('}' (code 125)): was expecting double-quote to start field name; nested exception is com.fasterxml.jackson.core.JsonParseException: Unexpected character ('}' (code 125)): was expecting double-quote to start field name
 at [Source: (org.springframework.util.StreamUtils$NonClosingInputStream); line: 7, column: 2]
2022-07-27 15:23:15,778 ERROR com.iknow.stocktrackingbe.exception.ExceptionController [http-nio-8080-exec-5] Status: 400 Message: Validation failed for object='product'. Error count: 1
2022-07-27 15:23:38,258 ERROR com.iknow.stocktrackingbe.exception.ExceptionController [http-nio-8080-exec-7] Status: 400 Message: JSON parse error: Unexpected character ('}' (code 125)): was expecting double-quote to start field name; nested exception is com.fasterxml.jackson.databind.JsonMappingException: Unexpected character ('}' (code 125)): was expecting double-quote to start field name
 at [Source: (org.springframework.util.StreamUtils$NonClosingInputStream); line: 9, column: 6] (through reference chain: com.iknow.stocktrackingbe.model.Production["product"])
2022-07-27 15:23:40,786 INFO com.iknow.stocktrackingbe.service.ProductionService [http-nio-8080-exec-2] Service Called: createNewProduction
2022-07-27 15:23:40,793 ERROR com.iknow.stocktrackingbe.exception.ExceptionController [http-nio-8080-exec-2] Status: 500 Message: Could not commit JPA transaction; nested exception is javax.persistence.RollbackException: Error while committing the transaction
2022-07-27 15:30:06,781 INFO org.springframework.boot.StartupInfoLogger [restartedMain] Starting StockTrackingBeApplication using Java 11.0.15 on DESKTOP-OEEDDTC with PID 14096 (D:\stock-tracking-be\target\classes started by Dev in D:\stock-tracking-be)
2022-07-27 15:30:06,781 DEBUG org.springframework.boot.StartupInfoLogger [restartedMain] Running with Spring Boot v2.7.1, Spring v5.3.21
2022-07-27 15:30:06,781 INFO org.springframework.boot.SpringApplication [restartedMain] No active profile set, falling back to 1 default profile: "default"
2022-07-27 15:30:10,806 INFO org.springframework.boot.StartupInfoLogger [restartedMain] Started StockTrackingBeApplication in 4.675 seconds (JVM running for 6.014)
2022-07-27 15:30:25,419 ERROR com.iknow.stocktrackingbe.exception.ExceptionController [http-nio-8080-exec-1] Status: 500 Message: Could not commit JPA transaction; nested exception is javax.persistence.RollbackException: Error while committing the transaction
2022-07-27 15:30:35,271 INFO com.iknow.stocktrackingbe.service.ProductionService [http-nio-8080-exec-4] Service Called: createNewProduction
2022-07-27 15:31:40,847 INFO org.springframework.boot.StartupInfoLogger [restartedMain] Starting StockTrackingBeApplication using Java 11.0.15 on DESKTOP-OEEDDTC with PID 4080 (D:\stock-tracking-be\target\classes started by Dev in D:\stock-tracking-be)
2022-07-27 15:31:40,849 DEBUG org.springframework.boot.StartupInfoLogger [restartedMain] Running with Spring Boot v2.7.1, Spring v5.3.21
2022-07-27 15:31:40,851 INFO org.springframework.boot.SpringApplication [restartedMain] No active profile set, falling back to 1 default profile: "default"
2022-07-27 15:31:45,339 INFO org.springframework.boot.StartupInfoLogger [restartedMain] Started StockTrackingBeApplication in 5.295 seconds (JVM running for 6.779)
2022-07-27 15:31:50,154 ERROR com.iknow.stocktrackingbe.exception.ExceptionController [http-nio-8080-exec-1] Status: 400 Message: JSON parse error: Unexpected character ('}' (code 125)): was expecting double-quote to start field name; nested exception is com.fasterxml.jackson.databind.JsonMappingException: Unexpected character ('}' (code 125)): was expecting double-quote to start field name
 at [Source: (org.springframework.util.StreamUtils$NonClosingInputStream); line: 9, column: 6] (through reference chain: com.iknow.stocktrackingbe.model.Production["product"])
2022-07-27 15:31:59,119 ERROR com.iknow.stocktrackingbe.exception.ExceptionController [http-nio-8080-exec-4] Status: 500 Message: Could not commit JPA transaction; nested exception is javax.persistence.RollbackException: Error while committing the transaction
2022-07-27 15:32:08,073 INFO com.iknow.stocktrackingbe.service.ProductionService [http-nio-8080-exec-6] Service Called: createNewProduction
2022-07-27 15:32:28,981 ERROR com.iknow.stocktrackingbe.exception.ExceptionController [http-nio-8080-exec-7] Status: 400 Message: Validation failed for object='product'. Error count: 1
2022-07-27 15:33:10,480 ERROR com.iknow.stocktrackingbe.exception.ExceptionController [http-nio-8080-exec-9] Status: 400 Message: Validation failed for object='product'. Error count: 1
2022-07-27 15:33:37,864 INFO com.iknow.stocktrackingbe.service.ProductionService [http-nio-8080-exec-2] Service Called: createNewProduction
2022-07-27 15:33:40,973 INFO com.iknow.stocktrackingbe.service.ProductionService [http-nio-8080-exec-1] Service Called: createNewProduction
2022-07-27 15:35:20,459 INFO org.springframework.boot.StartupInfoLogger [restartedMain] Starting StockTrackingBeApplication using Java 11.0.15 on DESKTOP-OEEDDTC with PID 1504 (D:\stock-tracking-be\target\classes started by Dev in D:\stock-tracking-be)
2022-07-27 15:35:20,459 DEBUG org.springframework.boot.StartupInfoLogger [restartedMain] Running with Spring Boot v2.7.1, Spring v5.3.21
2022-07-27 15:35:20,459 INFO org.springframework.boot.SpringApplication [restartedMain] No active profile set, falling back to 1 default profile: "default"
2022-07-27 15:35:25,104 INFO org.springframework.boot.StartupInfoLogger [restartedMain] Started StockTrackingBeApplication in 5.348 seconds (JVM running for 6.976)
2022-07-27 15:35:27,200 INFO com.iknow.stocktrackingbe.service.ProductionService [http-nio-8080-exec-1] Service Called: createNewProduction
2022-07-27 15:36:20,036 INFO org.springframework.boot.StartupInfoLogger [restartedMain] Starting StockTrackingBeApplication using Java 11.0.15 on DESKTOP-OEEDDTC with PID 13180 (D:\stock-tracking-be\target\classes started by Dev in D:\stock-tracking-be)
2022-07-27 15:36:20,036 DEBUG org.springframework.boot.StartupInfoLogger [restartedMain] Running with Spring Boot v2.7.1, Spring v5.3.21
2022-07-27 15:36:20,036 INFO org.springframework.boot.SpringApplication [restartedMain] No active profile set, falling back to 1 default profile: "default"
2022-07-27 15:36:24,143 INFO org.springframework.boot.StartupInfoLogger [restartedMain] Started StockTrackingBeApplication in 4.896 seconds (JVM running for 6.261)
2022-07-27 15:36:28,538 INFO com.iknow.stocktrackingbe.service.ProductionService [http-nio-8080-exec-1] Service Called: createNewProduction
2022-07-27 15:37:10,130 INFO org.springframework.boot.StartupInfoLogger [restartedMain] Starting StockTrackingBeApplication using Java 11.0.15 on DESKTOP-OEEDDTC with PID 2576 (D:\stock-tracking-be\target\classes started by Dev in D:\stock-tracking-be)
2022-07-27 15:37:10,145 DEBUG org.springframework.boot.StartupInfoLogger [restartedMain] Running with Spring Boot v2.7.1, Spring v5.3.21
2022-07-27 15:37:10,145 INFO org.springframework.boot.SpringApplication [restartedMain] No active profile set, falling back to 1 default profile: "default"
2022-07-27 15:37:14,804 INFO org.springframework.boot.StartupInfoLogger [restartedMain] Started StockTrackingBeApplication in 5.433 seconds (JVM running for 6.971)
2022-07-27 15:38:01,022 ERROR com.iknow.stocktrackingbe.exception.ExceptionController [http-nio-8080-exec-3] Status: 400 Message: JSON parse error: Unexpected character ('}' (code 125)): was expecting double-quote to start field name; nested exception is com.fasterxml.jackson.databind.JsonMappingException: Unexpected character ('}' (code 125)): was expecting double-quote to start field name
 at [Source: (org.springframework.util.StreamUtils$NonClosingInputStream); line: 9, column: 6] (through reference chain: com.iknow.stocktrackingbe.model.Production["product"])
2022-07-27 15:38:04,811 ERROR com.iknow.stocktrackingbe.exception.ExceptionController [http-nio-8080-exec-4] Status: 500 Message: Could not commit JPA transaction; nested exception is javax.persistence.RollbackException: Error while committing the transaction
2022-07-27 15:49:58,968 INFO org.springframework.boot.StartupInfoLogger [restartedMain] Starting StockTrackingBeApplication using Java 11.0.15 on DESKTOP-OEEDDTC with PID 12832 (D:\stock-tracking-be\target\classes started by Dev in D:\stock-tracking-be)
2022-07-27 15:49:58,968 DEBUG org.springframework.boot.StartupInfoLogger [restartedMain] Running with Spring Boot v2.7.1, Spring v5.3.21
2022-07-27 15:49:58,968 INFO org.springframework.boot.SpringApplication [restartedMain] No active profile set, falling back to 1 default profile: "default"
2022-07-27 15:50:35,768 INFO org.springframework.boot.StartupInfoLogger [restartedMain] Starting StockTrackingBeApplication using Java 11.0.15 on DESKTOP-OEEDDTC with PID 7312 (D:\stock-tracking-be\target\classes started by Dev in D:\stock-tracking-be)
2022-07-27 15:50:35,768 DEBUG org.springframework.boot.StartupInfoLogger [restartedMain] Running with Spring Boot v2.7.1, Spring v5.3.21
2022-07-27 15:50:35,768 INFO org.springframework.boot.SpringApplication [restartedMain] No active profile set, falling back to 1 default profile: "default"
2022-07-27 15:50:39,781 INFO org.springframework.boot.StartupInfoLogger [restartedMain] Started StockTrackingBeApplication in 4.688 seconds (JVM running for 5.966)
2022-07-27 15:50:47,483 ERROR com.iknow.stocktrackingbe.exception.ExceptionController [http-nio-8080-exec-2] Status: 400 Message: Validation failed for object='production'. Error count: 1
2022-07-27 15:51:17,947 ERROR com.iknow.stocktrackingbe.exception.ExceptionController [http-nio-8080-exec-4] Status: 400 Message: Validation failed for object='product'. Error count: 1
2022-07-27 15:52:47,523 INFO com.iknow.stocktrackingbe.service.ProductionService [http-nio-8080-exec-10] Service Called: createNewProduction
2022-07-27 15:52:47,561 ERROR com.iknow.stocktrackingbe.exception.ExceptionController [http-nio-8080-exec-10] Status: 500 Message: could not execute statement; SQL [n/a]; constraint [null]; nested exception is org.hibernate.exception.ConstraintViolationException: could not execute statement
2022-07-27 15:56:35,645 INFO org.springframework.boot.StartupInfoLogger [restartedMain] Starting StockTrackingBeApplication using Java 11.0.15 on DESKTOP-OEEDDTC with PID 13288 (D:\stock-tracking-be\target\classes started by Dev in D:\stock-tracking-be)
2022-07-27 15:56:35,645 DEBUG org.springframework.boot.StartupInfoLogger [restartedMain] Running with Spring Boot v2.7.1, Spring v5.3.21
2022-07-27 15:56:35,645 INFO org.springframework.boot.SpringApplication [restartedMain] No active profile set, falling back to 1 default profile: "default"
2022-07-27 15:56:40,869 INFO org.springframework.boot.StartupInfoLogger [restartedMain] Started StockTrackingBeApplication in 5.958 seconds (JVM running for 7.799)
2022-07-27 15:56:46,509 INFO com.iknow.stocktrackingbe.service.ProductionService [http-nio-8080-exec-2] Service Called: createNewProduction
2022-07-27 15:56:46,510 INFO com.iknow.stocktrackingbe.service.ProductService [http-nio-8080-exec-2] Service Called: getProductById
2022-07-27 15:56:46,611 WARN com.iknow.stocktrackingbe.service.ProductService [http-nio-8080-exec-2] Product not found
2022-07-27 15:56:46,645 ERROR com.iknow.stocktrackingbe.exception.ExceptionController [http-nio-8080-exec-2] Status: 500 Message: Product not found
2022-07-27 15:57:13,327 INFO com.iknow.stocktrackingbe.service.ProductionService [http-nio-8080-exec-5] Service Called: createNewProduction
2022-07-27 15:57:13,328 INFO com.iknow.stocktrackingbe.service.ProductService [http-nio-8080-exec-5] Service Called: getProductById
2022-07-27 16:00:34,790 ERROR com.iknow.stocktrackingbe.exception.ExceptionController [http-nio-8080-exec-5] Status: 405 Message: Request method 'POST' not supported
2022-07-27 16:00:39,993 INFO com.iknow.stocktrackingbe.service.ProductionService [http-nio-8080-exec-8] Service Called: getProductionById
2022-07-27 16:01:25,583 INFO org.springframework.boot.StartupInfoLogger [restartedMain] Starting StockTrackingBeApplication using Java 11.0.15 on DESKTOP-OEEDDTC with PID 6792 (D:\stock-tracking-be\target\classes started by Dev in D:\stock-tracking-be)
2022-07-27 16:01:25,583 DEBUG org.springframework.boot.StartupInfoLogger [restartedMain] Running with Spring Boot v2.7.1, Spring v5.3.21
2022-07-27 16:01:25,583 INFO org.springframework.boot.SpringApplication [restartedMain] No active profile set, falling back to 1 default profile: "default"
2022-07-27 16:01:30,813 INFO org.springframework.boot.StartupInfoLogger [restartedMain] Started StockTrackingBeApplication in 6.008 seconds (JVM running for 7.662)
2022-07-27 16:01:38,499 ERROR com.iknow.stocktrackingbe.exception.ExceptionController [http-nio-8080-exec-4] Status: 400 Message: JSON parse error: Unexpected character ('}' (code 125)): was expecting double-quote to start field name; nested exception is com.fasterxml.jackson.core.JsonParseException: Unexpected character ('}' (code 125)): was expecting double-quote to start field name
 at [Source: (org.springframework.util.StreamUtils$NonClosingInputStream); line: 8, column: 2]
2022-07-27 16:01:42,610 ERROR com.iknow.stocktrackingbe.exception.ExceptionController [http-nio-8080-exec-5] Status: 400 Message: Validation failed for object='product'. Error count: 1
2022-07-27 16:02:06,187 INFO com.iknow.stocktrackingbe.service.ProductionService [http-nio-8080-exec-5] Service Called: createNewProduction
2022-07-27 16:02:06,187 INFO com.iknow.stocktrackingbe.service.ProductService [http-nio-8080-exec-5] Service Called: getProductById
2022-07-27 16:02:52,814 INFO com.iknow.stocktrackingbe.service.ProductionService [http-nio-8080-exec-1] Service Called: getProductionById
2022-07-27 16:41:11,402 INFO org.springframework.boot.StartupInfoLogger [restartedMain] Starting StockTrackingBeApplication using Java 11.0.15 on DESKTOP-OEEDDTC with PID 8664 (D:\stock-tracking-be\target\classes started by Dev in D:\stock-tracking-be)
2022-07-27 16:41:11,404 DEBUG org.springframework.boot.StartupInfoLogger [restartedMain] Running with Spring Boot v2.7.1, Spring v5.3.21
2022-07-27 16:41:11,405 INFO org.springframework.boot.SpringApplication [restartedMain] No active profile set, falling back to 1 default profile: "default"
2022-07-27 16:41:16,506 INFO org.springframework.boot.StartupInfoLogger [restartedMain] Started StockTrackingBeApplication in 5.883 seconds (JVM running for 7.309)
2022-07-27 16:41:43,785 INFO com.iknow.stocktrackingbe.service.ProductService [http-nio-8080-exec-5] Service Called: getProducts
2022-07-27 16:42:01,139 INFO com.iknow.stocktrackingbe.service.ProductionService [http-nio-8080-exec-6] Service Called: createNewProduction
2022-07-27 16:42:01,140 INFO com.iknow.stocktrackingbe.service.ProductService [http-nio-8080-exec-6] Service Called: getProductById
2022-07-27 16:42:02,504 INFO com.iknow.stocktrackingbe.service.ProductionService [http-nio-8080-exec-7] Service Called: createNewProduction
2022-07-27 16:42:02,505 INFO com.iknow.stocktrackingbe.service.ProductService [http-nio-8080-exec-7] Service Called: getProductById
2022-07-27 16:42:29,400 ERROR com.iknow.stocktrackingbe.exception.ExceptionController [http-nio-8080-exec-8] Status: 405 Message: Request method 'POST' not supported
2022-07-27 16:42:42,795 INFO com.iknow.stocktrackingbe.service.ProductionService [http-nio-8080-exec-5] Service Called: getProductionById
2022-07-27 16:42:42,819 ERROR com.iknow.stocktrackingbe.exception.ExceptionController [http-nio-8080-exec-5] Status: 500 Message: No message available
2022-07-27 16:43:03,596 INFO com.iknow.stocktrackingbe.service.ProductionService [http-nio-8080-exec-6] Service Called: getProductionById
2022-07-27 16:43:03,602 ERROR com.iknow.stocktrackingbe.exception.ExceptionController [http-nio-8080-exec-6] Status: 500 Message: No message available
2022-07-27 16:43:18,206 INFO com.iknow.stocktrackingbe.service.ProductionService [http-nio-8080-exec-5] Service Called: getProductionById
2022-07-27 16:43:18,217 ERROR com.iknow.stocktrackingbe.exception.ExceptionController [http-nio-8080-exec-5] Status: 500 Message: No message available
2022-07-27 16:43:57,181 INFO com.iknow.stocktrackingbe.service.ProductionService [http-nio-8080-exec-6] Service Called: getProductionById
2022-07-27 16:43:57,185 ERROR com.iknow.stocktrackingbe.exception.ExceptionController [http-nio-8080-exec-6] Status: 500 Message: No message available
2022-07-27 16:44:29,884 INFO org.springframework.boot.StartupInfoLogger [restartedMain] Starting StockTrackingBeApplication using Java 11.0.15 on DESKTOP-OEEDDTC with PID 14008 (D:\stock-tracking-be\target\classes started by Dev in D:\stock-tracking-be)
2022-07-27 16:44:29,884 DEBUG org.springframework.boot.StartupInfoLogger [restartedMain] Running with Spring Boot v2.7.1, Spring v5.3.21
2022-07-27 16:44:29,884 INFO org.springframework.boot.SpringApplication [restartedMain] No active profile set, falling back to 1 default profile: "default"
2022-07-27 16:44:33,812 INFO org.springframework.boot.StartupInfoLogger [restartedMain] Started StockTrackingBeApplication in 4.58 seconds (JVM running for 5.854)
2022-07-27 16:45:19,890 ERROR com.iknow.stocktrackingbe.exception.ExceptionController [http-nio-8080-exec-3] Status: 400 Message: JSON parse error: Unexpected character ('e' (code 101)): was expecting double-quote to start field name; nested exception is com.fasterxml.jackson.core.JsonParseException: Unexpected character ('e' (code 101)): was expecting double-quote to start field name
 at [Source: (org.springframework.util.StreamUtils$NonClosingInputStream); line: 2, column: 6]
2022-07-27 16:45:23,281 ERROR com.iknow.stocktrackingbe.exception.ExceptionController [http-nio-8080-exec-2] Status: 400 Message: Validation failed for object='production'. Error count: 2
2022-07-27 16:45:49,139 INFO com.iknow.stocktrackingbe.service.ProductionService [http-nio-8080-exec-9] Service Called: createNewProduction
2022-07-27 16:45:49,141 INFO com.iknow.stocktrackingbe.service.ProductService [http-nio-8080-exec-9] Service Called: getProductById
2022-07-27 16:46:05,892 ERROR com.iknow.stocktrackingbe.exception.ExceptionController [http-nio-8080-exec-9] Status: 405 Message: Request method 'POST' not supported
2022-07-27 16:46:10,202 INFO com.iknow.stocktrackingbe.service.ProductionService [http-nio-8080-exec-6] Service Called: getProductionById
2022-07-27 16:46:45,168 INFO com.iknow.stocktrackingbe.service.ProductionService [http-nio-8080-exec-7] Service Called: getProductionById
2022-07-27 16:46:45,195 ERROR com.iknow.stocktrackingbe.exception.ExceptionController [http-nio-8080-exec-7] Status: 500 Message: No message available
2022-07-27 16:46:49,533 ERROR com.iknow.stocktrackingbe.exception.ExceptionController [http-nio-8080-exec-4] Status: 405 Message: Request method 'PUT' not supported
2022-07-27 16:46:53,677 ERROR com.iknow.stocktrackingbe.exception.ExceptionController [http-nio-8080-exec-8] Status: 405 Message: Request method 'PUT' not supported
2022-07-27 16:47:03,345 INFO com.iknow.stocktrackingbe.service.ProductionService [http-nio-8080-exec-5] Service Called: getProductionById
2022-07-27 16:47:03,352 ERROR com.iknow.stocktrackingbe.exception.ExceptionController [http-nio-8080-exec-5] Status: 500 Message: No message available
2022-07-27 16:48:49,392 INFO org.springframework.boot.StartupInfoLogger [restartedMain] Starting StockTrackingBeApplication using Java 11.0.15 on DESKTOP-OEEDDTC with PID 4984 (D:\stock-tracking-be\target\classes started by Dev in D:\stock-tracking-be)
2022-07-27 16:48:49,394 DEBUG org.springframework.boot.StartupInfoLogger [restartedMain] Running with Spring Boot v2.7.1, Spring v5.3.21
2022-07-27 16:48:49,395 INFO org.springframework.boot.SpringApplication [restartedMain] No active profile set, falling back to 1 default profile: "default"
2022-07-27 16:48:53,565 INFO org.springframework.boot.StartupInfoLogger [restartedMain] Started StockTrackingBeApplication in 4.96 seconds (JVM running for 6.456)
2022-07-27 16:49:57,047 INFO com.iknow.stocktrackingbe.service.ProductionService [http-nio-8080-exec-4] Service Called: createNewProduction
2022-07-27 16:49:57,048 INFO com.iknow.stocktrackingbe.service.ProductService [http-nio-8080-exec-4] Service Called: getProductById
2022-07-27 16:50:16,919 INFO com.iknow.stocktrackingbe.service.ProductionService [http-nio-8080-exec-6] Service Called: getProductionById
2022-07-27 16:50:16,980 ERROR com.iknow.stocktrackingbe.exception.ExceptionController [http-nio-8080-exec-6] Status: 500 Message: No message available
2022-07-27 16:50:23,647 INFO com.iknow.stocktrackingbe.service.ProductionService [http-nio-8080-exec-8] Service Called: getProductionById
2022-07-27 16:50:23,658 ERROR com.iknow.stocktrackingbe.exception.ExceptionController [http-nio-8080-exec-8] Status: 500 Message: No message available
2022-07-27 16:50:32,432 INFO com.iknow.stocktrackingbe.service.ProductionService [http-nio-8080-exec-5] Service Called: getProductionById
2022-07-27 16:50:32,436 ERROR com.iknow.stocktrackingbe.exception.ExceptionController [http-nio-8080-exec-5] Status: 500 Message: No message available
2022-07-27 16:58:35,378 INFO org.springframework.boot.StartupInfoLogger [restartedMain] Starting StockTrackingBeApplication using Java 11.0.15 on DESKTOP-OEEDDTC with PID 13492 (D:\stock-tracking-be\target\classes started by Dev in D:\stock-tracking-be)
2022-07-27 16:58:35,378 DEBUG org.springframework.boot.StartupInfoLogger [restartedMain] Running with Spring Boot v2.7.1, Spring v5.3.21
2022-07-27 16:58:35,378 INFO org.springframework.boot.SpringApplication [restartedMain] No active profile set, falling back to 1 default profile: "default"
2022-07-27 16:58:39,579 INFO org.springframework.boot.StartupInfoLogger [restartedMain] Started StockTrackingBeApplication in 4.873 seconds (JVM running for 6.132)
2022-07-27 16:59:29,680 INFO com.iknow.stocktrackingbe.service.ProductionService [http-nio-8080-exec-6] Service Called: createNewProduction
2022-07-27 16:59:29,685 INFO com.iknow.stocktrackingbe.service.ProductService [http-nio-8080-exec-6] Service Called: getProductById
2022-07-27 16:59:30,899 INFO com.iknow.stocktrackingbe.service.ProductionService [http-nio-8080-exec-2] Service Called: createNewProduction
2022-07-27 16:59:30,900 INFO com.iknow.stocktrackingbe.service.ProductService [http-nio-8080-exec-2] Service Called: getProductById
2022-07-27 16:59:46,797 INFO com.iknow.stocktrackingbe.service.ProductionService [http-nio-8080-exec-9] Service Called: getProductionById
2022-07-27 16:59:46,829 ERROR com.iknow.stocktrackingbe.exception.ExceptionController [http-nio-8080-exec-9] Status: 500 Message: No message available
2022-07-27 16:59:56,123 INFO com.iknow.stocktrackingbe.service.ProductionService [http-nio-8080-exec-1] Service Called: getProductionById
2022-07-27 16:59:56,127 ERROR com.iknow.stocktrackingbe.exception.ExceptionController [http-nio-8080-exec-1] Status: 500 Message: No message available
2022-07-27 17:00:43,394 INFO org.springframework.boot.StartupInfoLogger [restartedMain] Starting StockTrackingBeApplication using Java 11.0.15 on DESKTOP-OEEDDTC with PID 1268 (D:\stock-tracking-be\target\classes started by Dev in D:\stock-tracking-be)
2022-07-27 17:00:43,396 DEBUG org.springframework.boot.StartupInfoLogger [restartedMain] Running with Spring Boot v2.7.1, Spring v5.3.21
2022-07-27 17:00:43,398 INFO org.springframework.boot.SpringApplication [restartedMain] No active profile set, falling back to 1 default profile: "default"
2022-07-27 17:00:48,530 INFO org.springframework.boot.StartupInfoLogger [restartedMain] Started StockTrackingBeApplication in 5.881 seconds (JVM running for 7.856)
2022-07-27 17:01:21,980 INFO com.iknow.stocktrackingbe.service.ProductionService [http-nio-8080-exec-5] Service Called: createNewProduction
2022-07-27 17:01:21,983 INFO com.iknow.stocktrackingbe.service.ProductService [http-nio-8080-exec-5] Service Called: getProductById
2022-07-27 17:01:25,223 INFO com.iknow.stocktrackingbe.service.ProductionService [http-nio-8080-exec-6] Service Called: createNewProduction
2022-07-27 17:01:25,226 INFO com.iknow.stocktrackingbe.service.ProductService [http-nio-8080-exec-6] Service Called: getProductById
2022-07-27 17:01:40,861 INFO com.iknow.stocktrackingbe.service.ProductionService [http-nio-8080-exec-9] Service Called: getProductionById
2022-07-27 17:01:40,887 ERROR com.iknow.stocktrackingbe.exception.ExceptionController [http-nio-8080-exec-9] Status: 500 Message: Invalid production status
2022-07-27 17:01:58,502 INFO com.iknow.stocktrackingbe.service.ProductionService [http-nio-8080-exec-2] Service Called: getProductionById
2022-07-27 17:01:58,510 ERROR com.iknow.stocktrackingbe.exception.ExceptionController [http-nio-8080-exec-2] Status: 500 Message: Invalid production status
2022-07-27 17:02:04,683 INFO com.iknow.stocktrackingbe.service.ProductionService [http-nio-8080-exec-4] Service Called: getProductionById
2022-07-27 17:02:04,692 ERROR com.iknow.stocktrackingbe.exception.ExceptionController [http-nio-8080-exec-4] Status: 500 Message: Invalid production status
2022-07-27 17:02:27,757 INFO com.iknow.stocktrackingbe.service.ProductionService [http-nio-8080-exec-8] Service Called: getProductionById
2022-07-27 17:02:27,767 ERROR com.iknow.stocktrackingbe.exception.ExceptionController [http-nio-8080-exec-8] Status: 500 Message: Invalid production status
2022-07-27 17:02:42,602 INFO org.springframework.boot.StartupInfoLogger [restartedMain] Starting StockTrackingBeApplication using Java 11.0.15 on DESKTOP-OEEDDTC with PID 11520 (D:\stock-tracking-be\target\classes started by Dev in D:\stock-tracking-be)
2022-07-27 17:02:42,602 DEBUG org.springframework.boot.StartupInfoLogger [restartedMain] Running with Spring Boot v2.7.1, Spring v5.3.21
2022-07-27 17:02:42,602 INFO org.springframework.boot.SpringApplication [restartedMain] No active profile set, falling back to 1 default profile: "default"
2022-07-27 17:02:46,552 INFO org.springframework.boot.StartupInfoLogger [restartedMain] Started StockTrackingBeApplication in 4.628 seconds (JVM running for 5.933)
2022-07-27 17:03:23,420 INFO com.iknow.stocktrackingbe.service.ProductionService [http-nio-8080-exec-4] Service Called: createNewProduction
2022-07-27 17:03:23,422 INFO com.iknow.stocktrackingbe.service.ProductService [http-nio-8080-exec-4] Service Called: getProductById
2022-07-27 17:03:24,556 INFO com.iknow.stocktrackingbe.service.ProductionService [http-nio-8080-exec-2] Service Called: createNewProduction
2022-07-27 17:03:24,556 INFO com.iknow.stocktrackingbe.service.ProductService [http-nio-8080-exec-2] Service Called: getProductById
2022-07-27 17:03:42,127 INFO com.iknow.stocktrackingbe.service.ProductionService [http-nio-8080-exec-8] Service Called: getProductionById
2022-07-27 17:03:42,162 ERROR com.iknow.stocktrackingbe.exception.ExceptionController [http-nio-8080-exec-8] Status: 500 Message: Invalid production status
2022-07-27 17:10:06,458 INFO com.iknow.stocktrackingbe.service.ProductionService [http-nio-8080-exec-7] Service Called: getProductionById
2022-07-27 17:10:06,469 ERROR com.iknow.stocktrackingbe.exception.ExceptionController [http-nio-8080-exec-7] Status: 500 Message: Invalid production status
2022-07-27 17:11:29,258 INFO org.springframework.boot.StartupInfoLogger [restartedMain] Starting StockTrackingBeApplication using Java 11.0.15 on DESKTOP-OEEDDTC with PID 6812 (D:\stock-tracking-be\target\classes started by Dev in D:\stock-tracking-be)
2022-07-27 17:11:29,262 DEBUG org.springframework.boot.StartupInfoLogger [restartedMain] Running with Spring Boot v2.7.1, Spring v5.3.21
2022-07-27 17:11:29,264 INFO org.springframework.boot.SpringApplication [restartedMain] No active profile set, falling back to 1 default profile: "default"
2022-07-27 17:11:35,257 INFO org.springframework.boot.StartupInfoLogger [restartedMain] Started StockTrackingBeApplication in 6.759 seconds (JVM running for 8.427)
2022-07-27 17:12:00,073 INFO com.iknow.stocktrackingbe.service.ProductionService [http-nio-8080-exec-3] Service Called: createNewProduction
2022-07-27 17:12:00,074 INFO com.iknow.stocktrackingbe.service.ProductService [http-nio-8080-exec-3] Service Called: getProductById
2022-07-27 17:12:20,463 ERROR com.iknow.stocktrackingbe.exception.ExceptionController [http-nio-8080-exec-8] Status: 405 Message: Request method 'PUT' not supported
2022-07-27 17:12:27,981 INFO com.iknow.stocktrackingbe.service.ProductionService [http-nio-8080-exec-5] Service Called: getProductionById
2022-07-27 17:12:28,005 ERROR com.iknow.stocktrackingbe.exception.ExceptionController [http-nio-8080-exec-5] Status: 500 Message: Invalid production status
2022-07-27 17:16:25,356 INFO org.springframework.boot.StartupInfoLogger [restartedMain] Starting StockTrackingBeApplication using Java 11.0.15 on DESKTOP-OEEDDTC with PID 11744 (D:\stock-tracking-be\target\classes started by Dev in D:\stock-tracking-be)
2022-07-27 17:16:25,356 DEBUG org.springframework.boot.StartupInfoLogger [restartedMain] Running with Spring Boot v2.7.1, Spring v5.3.21
2022-07-27 17:16:25,356 INFO org.springframework.boot.SpringApplication [restartedMain] No active profile set, falling back to 1 default profile: "default"
2022-07-27 17:16:30,283 INFO org.springframework.boot.StartupInfoLogger [restartedMain] Started StockTrackingBeApplication in 5.647 seconds (JVM running for 7.411)
2022-07-27 17:17:07,615 INFO com.iknow.stocktrackingbe.service.ProductionService [http-nio-8080-exec-1] Service Called: createNewProduction
2022-07-27 17:17:07,616 INFO com.iknow.stocktrackingbe.service.ProductService [http-nio-8080-exec-1] Service Called: getProductById
2022-07-27 17:17:58,212 INFO com.iknow.stocktrackingbe.service.ProductionService [http-nio-8080-exec-9] Service Called: getProductionById
2022-07-27 17:17:58,228 ERROR com.iknow.stocktrackingbe.exception.ExceptionController [http-nio-8080-exec-9] Status: 404 Message: Production not found
2022-07-27 17:18:24,426 INFO com.iknow.stocktrackingbe.service.ProductionService [http-nio-8080-exec-3] Service Called: getProductionById
2022-07-27 17:18:24,442 ERROR com.iknow.stocktrackingbe.exception.ExceptionController [http-nio-8080-exec-3] Status: 500 Message: Invalid production status
2022-07-27 17:20:03,552 INFO com.iknow.stocktrackingbe.service.ProductionService [http-nio-8080-exec-6] Service Called: getProductionById
2022-07-27 17:20:03,559 ERROR com.iknow.stocktrackingbe.exception.ExceptionController [http-nio-8080-exec-6] Status: 500 Message: Invalid production status
2022-07-27 17:20:12,927 INFO com.iknow.stocktrackingbe.service.ProductionService [http-nio-8080-exec-9] Service Called: getProductionById
2022-07-27 17:20:12,933 ERROR com.iknow.stocktrackingbe.exception.ExceptionController [http-nio-8080-exec-9] Status: 500 Message: Invalid production status
2022-07-27 17:24:36,640 INFO org.springframework.boot.StartupInfoLogger [restartedMain] Starting StockTrackingBeApplication using Java 11.0.15 on DESKTOP-OEEDDTC with PID 5924 (D:\stock-tracking-be\target\classes started by Dev in D:\stock-tracking-be)
2022-07-27 17:24:36,640 DEBUG org.springframework.boot.StartupInfoLogger [restartedMain] Running with Spring Boot v2.7.1, Spring v5.3.21
2022-07-27 17:24:36,640 INFO org.springframework.boot.SpringApplication [restartedMain] No active profile set, falling back to 1 default profile: "default"
2022-07-27 17:24:40,766 INFO org.springframework.boot.StartupInfoLogger [restartedMain] Started StockTrackingBeApplication in 4.783 seconds (JVM running for 6.029)
2022-07-27 17:25:21,235 INFO com.iknow.stocktrackingbe.service.ProductionService [http-nio-8080-exec-2] Service Called: createNewProduction
2022-07-27 17:25:21,239 INFO com.iknow.stocktrackingbe.service.ProductService [http-nio-8080-exec-2] Service Called: getProductById
2022-07-27 17:25:46,259 INFO com.iknow.stocktrackingbe.service.ProductionService [http-nio-8080-exec-5] Service Called: getProductionById
2022-07-27 17:25:46,281 ERROR com.iknow.stocktrackingbe.exception.ExceptionController [http-nio-8080-exec-5] Status: 500 Message: Invalid production status
2022-07-27 17:25:54,899 INFO com.iknow.stocktrackingbe.service.ProductionService [http-nio-8080-exec-7] Service Called: getProductionById
2022-07-27 17:27:04,495 INFO org.springframework.boot.StartupInfoLogger [restartedMain] Starting StockTrackingBeApplication using Java 11.0.15 on DESKTOP-OEEDDTC with PID 14244 (D:\stock-tracking-be\target\classes started by Dev in D:\stock-tracking-be)
2022-07-27 17:27:04,495 DEBUG org.springframework.boot.StartupInfoLogger [restartedMain] Running with Spring Boot v2.7.1, Spring v5.3.21
2022-07-27 17:27:04,495 INFO org.springframework.boot.SpringApplication [restartedMain] No active profile set, falling back to 1 default profile: "default"
2022-07-27 17:27:08,515 INFO org.springframework.boot.StartupInfoLogger [restartedMain] Started StockTrackingBeApplication in 4.761 seconds (JVM running for 6.046)
2022-07-27 17:27:45,498 ERROR com.iknow.stocktrackingbe.exception.ExceptionController [http-nio-8080-exec-3] Status: 400 Message: JSON parse error: Illegal unquoted character ((CTRL-CHAR, code 9)): has to be escaped using backslash to be included in string value; nested exception is com.fasterxml.jackson.databind.JsonMappingException: Illegal unquoted character ((CTRL-CHAR, code 9)): has to be escaped using backslash to be included in string value
 at [Source: (org.springframework.util.StreamUtils$NonClosingInputStream); line: 2, column: 57] (through reference chain: com.iknow.stocktrackingbe.model.Production["productId"])
2022-07-27 17:27:53,665 INFO com.iknow.stocktrackingbe.service.ProductionService [http-nio-8080-exec-2] Service Called: createNewProduction
2022-07-27 17:27:53,666 INFO com.iknow.stocktrackingbe.service.ProductService [http-nio-8080-exec-2] Service Called: getProductById
2022-07-27 17:28:26,665 INFO com.iknow.stocktrackingbe.service.ProductionService [http-nio-8080-exec-7] Service Called: getProductionById
2022-07-27 17:28:26,680 ERROR com.iknow.stocktrackingbe.exception.ExceptionController [http-nio-8080-exec-7] Status: 500 Message: Invalid production status
2022-07-27 17:28:38,130 INFO com.iknow.stocktrackingbe.service.ProductionService [http-nio-8080-exec-4] Service Called: getProductionById
2022-07-27 17:28:38,134 ERROR com.iknow.stocktrackingbe.exception.ExceptionController [http-nio-8080-exec-4] Status: 500 Message: Invalid production status
2022-07-27 17:28:46,455 INFO com.iknow.stocktrackingbe.service.ProductionService [http-nio-8080-exec-8] Service Called: getProductionById
2022-07-27 17:28:52,280 INFO com.iknow.stocktrackingbe.service.ProductionService [http-nio-8080-exec-5] Service Called: getProductionById
2022-07-27 17:28:52,286 ERROR com.iknow.stocktrackingbe.exception.ExceptionController [http-nio-8080-exec-5] Status: 500 Message: Invalid production status
2022-07-27 17:32:58,785 INFO com.iknow.stocktrackingbe.service.ProductionService [http-nio-8080-exec-9] Service Called: getProductionById
2022-07-27 17:32:58,793 ERROR com.iknow.stocktrackingbe.exception.ExceptionController [http-nio-8080-exec-9] Status: 500 Message: Invalid production status
