2022-08-03 10:55:57,506 INFO org.springframework.boot.StartupInfoLogger [restartedMain] Starting StockTrackingBeApplication using Java 11.0.15 on DESKTOP-OEEDDTC with PID 5180 (D:\stock-tracking-be\target\classes started by Dev in D:\stock-tracking-be)
2022-08-03 10:55:57,506 DEBUG org.springframework.boot.StartupInfoLogger [restartedMain] Running with Spring Boot v2.7.1, Spring v5.3.21
2022-08-03 10:55:57,506 INFO org.springframework.boot.SpringApplication [restartedMain] No active profile set, falling back to 1 default profile: "default"
2022-08-03 10:56:05,051 INFO org.springframework.boot.StartupInfoLogger [restartedMain] Started StockTrackingBeApplication in 8.361 seconds (JVM running for 10.188)
2022-08-03 14:27:09,941 INFO org.springframework.boot.StartupInfoLogger [restartedMain] Starting StockTrackingBeApplication using Java 11.0.15 on DESKTOP-OEEDDTC with PID 1524 (D:\stock-tracking-be\target\classes started by Dev in D:\stock-tracking-be)
2022-08-03 14:27:09,941 DEBUG org.springframework.boot.StartupInfoLogger [restartedMain] Running with Spring Boot v2.7.1, Spring v5.3.21
2022-08-03 14:27:09,941 INFO org.springframework.boot.SpringApplication [restartedMain] No active profile set, falling back to 1 default profile: "default"
2022-08-03 14:27:15,863 INFO org.springframework.boot.StartupInfoLogger [restartedMain] Started StockTrackingBeApplication in 6.782 seconds (JVM running for 8.104)
2022-08-03 14:31:05,608 TRACE org.springframework.security.web.authentication.AbstractAuthenticationProcessingFilter [http-nio-8080-exec-1] Did not match request to Ant [pattern='/login', POST]
2022-08-03 14:31:05,769 INFO com.iknow.stocktrackingbe.service.ProductService [http-nio-8080-exec-1] Service Called: addStockCard
2022-08-03 14:31:05,769 INFO com.iknow.stocktrackingbe.service.ProductService [http-nio-8080-exec-1] Service Called: getProductById
2022-08-03 14:38:50,972 TRACE org.springframework.security.web.authentication.AbstractAuthenticationProcessingFilter [http-nio-8080-exec-5] Did not match request to Ant [pattern='/login', POST]
2022-08-03 14:38:50,982 ERROR com.iknow.stocktrackingbe.exception.ExceptionController [http-nio-8080-exec-5] Status: 500 Message: The request was rejected because the URL contained a potentially malicious String "//"
2022-08-03 14:38:59,633 TRACE org.springframework.security.web.authentication.AbstractAuthenticationProcessingFilter [http-nio-8080-exec-7] Did not match request to Ant [pattern='/login', POST]
2022-08-03 14:38:59,643 TRACE org.springframework.security.web.authentication.AbstractAuthenticationProcessingFilter [http-nio-8080-exec-7] Did not match request to Ant [pattern='/login', POST]
2022-08-03 14:38:59,646 ERROR com.iknow.stocktrackingbe.exception.ExceptionController [http-nio-8080-exec-7] Status: 404 Message: No message available
2022-08-03 14:39:58,811 TRACE org.springframework.security.web.authentication.AbstractAuthenticationProcessingFilter [http-nio-8080-exec-8] Did not match request to Ant [pattern='/login', POST]
2022-08-03 14:39:58,822 TRACE org.springframework.security.web.authentication.AbstractAuthenticationProcessingFilter [http-nio-8080-exec-8] Did not match request to Ant [pattern='/login', POST]
2022-08-03 14:39:58,823 ERROR com.iknow.stocktrackingbe.exception.ExceptionController [http-nio-8080-exec-8] Status: 404 Message: No message available
2022-08-03 14:40:41,477 INFO org.springframework.boot.StartupInfoLogger [restartedMain] Starting StockTrackingBeApplication using Java 11.0.15 on DESKTOP-OEEDDTC with PID 17120 (D:\stock-tracking-be\target\classes started by Dev in D:\stock-tracking-be)
2022-08-03 14:40:41,477 DEBUG org.springframework.boot.StartupInfoLogger [restartedMain] Running with Spring Boot v2.7.1, Spring v5.3.21
2022-08-03 14:40:41,477 INFO org.springframework.boot.SpringApplication [restartedMain] No active profile set, falling back to 1 default profile: "default"
2022-08-03 14:40:46,811 INFO org.springframework.boot.StartupInfoLogger [restartedMain] Started StockTrackingBeApplication in 6.013 seconds (JVM running for 7.363)
2022-08-03 14:40:49,789 TRACE org.springframework.security.web.authentication.AbstractAuthenticationProcessingFilter [http-nio-8080-exec-2] Did not match request to Ant [pattern='/login', POST]
2022-08-03 14:40:53,266 TRACE org.springframework.security.web.authentication.AbstractAuthenticationProcessingFilter [http-nio-8080-exec-3] Did not match request to Ant [pattern='/login', POST]
2022-08-03 14:41:15,035 ERROR org.springframework.security.web.authentication.AbstractAuthenticationProcessingFilter [http-nio-8080-exec-4] An internal error occurred while trying to authenticate the user.
org.springframework.security.authentication.InternalAuthenticationServiceException: User not found!
	at org.springframework.security.authentication.dao.DaoAuthenticationProvider.retrieveUser(DaoAuthenticationProvider.java:108)
	at org.springframework.security.authentication.dao.AbstractUserDetailsAuthenticationProvider.authenticate(AbstractUserDetailsAuthenticationProvider.java:133)
	at org.springframework.security.authentication.ProviderManager.authenticate(ProviderManager.java:182)
	at org.springframework.security.authentication.ProviderManager.authenticate(ProviderManager.java:201)
	at org.springframework.security.config.annotation.web.configuration.WebSecurityConfigurerAdapter$AuthenticationManagerDelegator.authenticate(WebSecurityConfigurerAdapter.java:522)
	at com.iknow.stocktrackingbe.security.CustomAuthenticationFilter.attemptAuthentication(CustomAuthenticationFilter.java:45)
	at org.springframework.security.web.authentication.AbstractAuthenticationProcessingFilter.doFilter(AbstractAuthenticationProcessingFilter.java:227)
	at org.springframework.security.web.authentication.AbstractAuthenticationProcessingFilter.doFilter(AbstractAuthenticationProcessingFilter.java:217)
	at org.springframework.security.web.FilterChainProxy$VirtualFilterChain.doFilter(FilterChainProxy.java:336)
	at com.iknow.stocktrackingbe.security.CustomAuthorizationFilter.doFilterInternal(CustomAuthorizationFilter.java:32)
	at org.springframework.web.filter.OncePerRequestFilter.doFilter(OncePerRequestFilter.java:117)
	at org.springframework.security.web.FilterChainProxy$VirtualFilterChain.doFilter(FilterChainProxy.java:336)
	at org.springframework.security.web.authentication.logout.LogoutFilter.doFilter(LogoutFilter.java:103)
	at org.springframework.security.web.authentication.logout.LogoutFilter.doFilter(LogoutFilter.java:89)
	at org.springframework.security.web.FilterChainProxy$VirtualFilterChain.doFilter(FilterChainProxy.java:336)
	at org.springframework.security.web.header.HeaderWriterFilter.doHeadersAfter(HeaderWriterFilter.java:90)
	at org.springframework.security.web.header.HeaderWriterFilter.doFilterInternal(HeaderWriterFilter.java:75)
	at org.springframework.web.filter.OncePerRequestFilter.doFilter(OncePerRequestFilter.java:117)
	at org.springframework.security.web.FilterChainProxy$VirtualFilterChain.doFilter(FilterChainProxy.java:336)
	at org.springframework.security.web.context.SecurityContextPersistenceFilter.doFilter(SecurityContextPersistenceFilter.java:112)
	at org.springframework.security.web.context.SecurityContextPersistenceFilter.doFilter(SecurityContextPersistenceFilter.java:82)
	at org.springframework.security.web.FilterChainProxy$VirtualFilterChain.doFilter(FilterChainProxy.java:336)
	at org.springframework.security.web.context.request.async.WebAsyncManagerIntegrationFilter.doFilterInternal(WebAsyncManagerIntegrationFilter.java:55)
	at org.springframework.web.filter.OncePerRequestFilter.doFilter(OncePerRequestFilter.java:117)
	at org.springframework.security.web.FilterChainProxy$VirtualFilterChain.doFilter(FilterChainProxy.java:336)
	at org.springframework.security.web.session.DisableEncodeUrlFilter.doFilterInternal(DisableEncodeUrlFilter.java:42)
	at org.springframework.web.filter.OncePerRequestFilter.doFilter(OncePerRequestFilter.java:117)
	at org.springframework.security.web.FilterChainProxy$VirtualFilterChain.doFilter(FilterChainProxy.java:336)
	at org.springframework.security.web.FilterChainProxy.doFilterInternal(FilterChainProxy.java:211)
	at org.springframework.security.web.FilterChainProxy.doFilter(FilterChainProxy.java:183)
	at org.springframework.web.filter.DelegatingFilterProxy.invokeDelegate(DelegatingFilterProxy.java:354)
	at org.springframework.web.filter.DelegatingFilterProxy.doFilter(DelegatingFilterProxy.java:267)
	at org.apache.catalina.core.ApplicationFilterChain.internalDoFilter(ApplicationFilterChain.java:189)
	at org.apache.catalina.core.ApplicationFilterChain.doFilter(ApplicationFilterChain.java:162)
	at org.springframework.web.filter.RequestContextFilter.doFilterInternal(RequestContextFilter.java:100)
	at org.springframework.web.filter.OncePerRequestFilter.doFilter(OncePerRequestFilter.java:117)
	at org.apache.catalina.core.ApplicationFilterChain.internalDoFilter(ApplicationFilterChain.java:189)
	at org.apache.catalina.core.ApplicationFilterChain.doFilter(ApplicationFilterChain.java:162)
	at org.springframework.web.filter.FormContentFilter.doFilterInternal(FormContentFilter.java:93)
	at org.springframework.web.filter.OncePerRequestFilter.doFilter(OncePerRequestFilter.java:117)
	at org.apache.catalina.core.ApplicationFilterChain.internalDoFilter(ApplicationFilterChain.java:189)
	at org.apache.catalina.core.ApplicationFilterChain.doFilter(ApplicationFilterChain.java:162)
	at org.springframework.web.filter.CharacterEncodingFilter.doFilterInternal(CharacterEncodingFilter.java:201)
	at org.springframework.web.filter.OncePerRequestFilter.doFilter(OncePerRequestFilter.java:117)
	at org.apache.catalina.core.ApplicationFilterChain.internalDoFilter(ApplicationFilterChain.java:189)
	at org.apache.catalina.core.ApplicationFilterChain.doFilter(ApplicationFilterChain.java:162)
	at org.apache.catalina.core.StandardWrapperValve.invoke(StandardWrapperValve.java:197)
	at org.apache.catalina.core.StandardContextValve.invoke(StandardContextValve.java:97)
	at org.apache.catalina.authenticator.AuthenticatorBase.invoke(AuthenticatorBase.java:541)
	at org.apache.catalina.core.StandardHostValve.invoke(StandardHostValve.java:135)
	at org.apache.catalina.valves.ErrorReportValve.invoke(ErrorReportValve.java:92)
	at org.apache.catalina.core.StandardEngineValve.invoke(StandardEngineValve.java:78)
	at org.apache.catalina.connector.CoyoteAdapter.service(CoyoteAdapter.java:360)
	at org.apache.coyote.http11.Http11Processor.service(Http11Processor.java:399)
	at org.apache.coyote.AbstractProcessorLight.process(AbstractProcessorLight.java:65)
	at org.apache.coyote.AbstractProtocol$ConnectionHandler.process(AbstractProtocol.java:890)
	at org.apache.tomcat.util.net.NioEndpoint$SocketProcessor.doRun(NioEndpoint.java:1787)
	at org.apache.tomcat.util.net.SocketProcessorBase.run(SocketProcessorBase.java:49)
	at org.apache.tomcat.util.threads.ThreadPoolExecutor.runWorker(ThreadPoolExecutor.java:1191)
	at org.apache.tomcat.util.threads.ThreadPoolExecutor$Worker.run(ThreadPoolExecutor.java:659)
	at org.apache.tomcat.util.threads.TaskThread$WrappingRunnable.run(TaskThread.java:61)
	at java.base/java.lang.Thread.run(Thread.java:829)
Caused by: java.lang.IllegalStateException: User not found!
	at com.iknow.stocktrackingbe.service.UserService.lambda$loadUserByUsername$1(UserService.java:92)
	at java.base/java.util.Optional.orElseThrow(Optional.java:408)
	at com.iknow.stocktrackingbe.service.UserService.loadUserByUsername(UserService.java:92)
	at com.iknow.stocktrackingbe.service.UserService$$FastClassBySpringCGLIB$$7017d5cc.invoke(<generated>)
	at org.springframework.cglib.proxy.MethodProxy.invoke(MethodProxy.java:218)
	at org.springframework.aop.framework.CglibAopProxy$CglibMethodInvocation.invokeJoinpoint(CglibAopProxy.java:793)
	at org.springframework.aop.framework.ReflectiveMethodInvocation.proceed(ReflectiveMethodInvocation.java:163)
	at org.springframework.aop.framework.CglibAopProxy$CglibMethodInvocation.proceed(CglibAopProxy.java:763)
	at org.springframework.transaction.interceptor.TransactionInterceptor$1.proceedWithInvocation(TransactionInterceptor.java:123)
	at org.springframework.transaction.interceptor.TransactionAspectSupport.invokeWithinTransaction(TransactionAspectSupport.java:388)
	at org.springframework.transaction.interceptor.TransactionInterceptor.invoke(TransactionInterceptor.java:119)
	at org.springframework.aop.framework.ReflectiveMethodInvocation.proceed(ReflectiveMethodInvocation.java:186)
	at org.springframework.aop.framework.CglibAopProxy$CglibMethodInvocation.proceed(CglibAopProxy.java:763)
	at org.springframework.aop.framework.CglibAopProxy$DynamicAdvisedInterceptor.intercept(CglibAopProxy.java:708)
	at com.iknow.stocktrackingbe.service.UserService$$EnhancerBySpringCGLIB$$b7870c71.loadUserByUsername(<generated>)
	at org.springframework.security.authentication.dao.DaoAuthenticationProvider.retrieveUser(DaoAuthenticationProvider.java:93)
	... 61 common frames omitted
2022-08-03 14:41:15,036 TRACE org.springframework.security.web.authentication.AbstractAuthenticationProcessingFilter [http-nio-8080-exec-4] Failed to process authentication request
org.springframework.security.authentication.InternalAuthenticationServiceException: User not found!
	at org.springframework.security.authentication.dao.DaoAuthenticationProvider.retrieveUser(DaoAuthenticationProvider.java:108)
	at org.springframework.security.authentication.dao.AbstractUserDetailsAuthenticationProvider.authenticate(AbstractUserDetailsAuthenticationProvider.java:133)
	at org.springframework.security.authentication.ProviderManager.authenticate(ProviderManager.java:182)
	at org.springframework.security.authentication.ProviderManager.authenticate(ProviderManager.java:201)
	at org.springframework.security.config.annotation.web.configuration.WebSecurityConfigurerAdapter$AuthenticationManagerDelegator.authenticate(WebSecurityConfigurerAdapter.java:522)
	at com.iknow.stocktrackingbe.security.CustomAuthenticationFilter.attemptAuthentication(CustomAuthenticationFilter.java:45)
	at org.springframework.security.web.authentication.AbstractAuthenticationProcessingFilter.doFilter(AbstractAuthenticationProcessingFilter.java:227)
	at org.springframework.security.web.authentication.AbstractAuthenticationProcessingFilter.doFilter(AbstractAuthenticationProcessingFilter.java:217)
	at org.springframework.security.web.FilterChainProxy$VirtualFilterChain.doFilter(FilterChainProxy.java:336)
	at com.iknow.stocktrackingbe.security.CustomAuthorizationFilter.doFilterInternal(CustomAuthorizationFilter.java:32)
	at org.springframework.web.filter.OncePerRequestFilter.doFilter(OncePerRequestFilter.java:117)
	at org.springframework.security.web.FilterChainProxy$VirtualFilterChain.doFilter(FilterChainProxy.java:336)
	at org.springframework.security.web.authentication.logout.LogoutFilter.doFilter(LogoutFilter.java:103)
	at org.springframework.security.web.authentication.logout.LogoutFilter.doFilter(LogoutFilter.java:89)
	at org.springframework.security.web.FilterChainProxy$VirtualFilterChain.doFilter(FilterChainProxy.java:336)
	at org.springframework.security.web.header.HeaderWriterFilter.doHeadersAfter(HeaderWriterFilter.java:90)
	at org.springframework.security.web.header.HeaderWriterFilter.doFilterInternal(HeaderWriterFilter.java:75)
	at org.springframework.web.filter.OncePerRequestFilter.doFilter(OncePerRequestFilter.java:117)
	at org.springframework.security.web.FilterChainProxy$VirtualFilterChain.doFilter(FilterChainProxy.java:336)
	at org.springframework.security.web.context.SecurityContextPersistenceFilter.doFilter(SecurityContextPersistenceFilter.java:112)
	at org.springframework.security.web.context.SecurityContextPersistenceFilter.doFilter(SecurityContextPersistenceFilter.java:82)
	at org.springframework.security.web.FilterChainProxy$VirtualFilterChain.doFilter(FilterChainProxy.java:336)
	at org.springframework.security.web.context.request.async.WebAsyncManagerIntegrationFilter.doFilterInternal(WebAsyncManagerIntegrationFilter.java:55)
	at org.springframework.web.filter.OncePerRequestFilter.doFilter(OncePerRequestFilter.java:117)
	at org.springframework.security.web.FilterChainProxy$VirtualFilterChain.doFilter(FilterChainProxy.java:336)
	at org.springframework.security.web.session.DisableEncodeUrlFilter.doFilterInternal(DisableEncodeUrlFilter.java:42)
	at org.springframework.web.filter.OncePerRequestFilter.doFilter(OncePerRequestFilter.java:117)
	at org.springframework.security.web.FilterChainProxy$VirtualFilterChain.doFilter(FilterChainProxy.java:336)
	at org.springframework.security.web.FilterChainProxy.doFilterInternal(FilterChainProxy.java:211)
	at org.springframework.security.web.FilterChainProxy.doFilter(FilterChainProxy.java:183)
	at org.springframework.web.filter.DelegatingFilterProxy.invokeDelegate(DelegatingFilterProxy.java:354)
	at org.springframework.web.filter.DelegatingFilterProxy.doFilter(DelegatingFilterProxy.java:267)
	at org.apache.catalina.core.ApplicationFilterChain.internalDoFilter(ApplicationFilterChain.java:189)
	at org.apache.catalina.core.ApplicationFilterChain.doFilter(ApplicationFilterChain.java:162)
	at org.springframework.web.filter.RequestContextFilter.doFilterInternal(RequestContextFilter.java:100)
	at org.springframework.web.filter.OncePerRequestFilter.doFilter(OncePerRequestFilter.java:117)
	at org.apache.catalina.core.ApplicationFilterChain.internalDoFilter(ApplicationFilterChain.java:189)
	at org.apache.catalina.core.ApplicationFilterChain.doFilter(ApplicationFilterChain.java:162)
	at org.springframework.web.filter.FormContentFilter.doFilterInternal(FormContentFilter.java:93)
	at org.springframework.web.filter.OncePerRequestFilter.doFilter(OncePerRequestFilter.java:117)
	at org.apache.catalina.core.ApplicationFilterChain.internalDoFilter(ApplicationFilterChain.java:189)
	at org.apache.catalina.core.ApplicationFilterChain.doFilter(ApplicationFilterChain.java:162)
	at org.springframework.web.filter.CharacterEncodingFilter.doFilterInternal(CharacterEncodingFilter.java:201)
	at org.springframework.web.filter.OncePerRequestFilter.doFilter(OncePerRequestFilter.java:117)
	at org.apache.catalina.core.ApplicationFilterChain.internalDoFilter(ApplicationFilterChain.java:189)
	at org.apache.catalina.core.ApplicationFilterChain.doFilter(ApplicationFilterChain.java:162)
	at org.apache.catalina.core.StandardWrapperValve.invoke(StandardWrapperValve.java:197)
	at org.apache.catalina.core.StandardContextValve.invoke(StandardContextValve.java:97)
	at org.apache.catalina.authenticator.AuthenticatorBase.invoke(AuthenticatorBase.java:541)
	at org.apache.catalina.core.StandardHostValve.invoke(StandardHostValve.java:135)
	at org.apache.catalina.valves.ErrorReportValve.invoke(ErrorReportValve.java:92)
	at org.apache.catalina.core.StandardEngineValve.invoke(StandardEngineValve.java:78)
	at org.apache.catalina.connector.CoyoteAdapter.service(CoyoteAdapter.java:360)
	at org.apache.coyote.http11.Http11Processor.service(Http11Processor.java:399)
	at org.apache.coyote.AbstractProcessorLight.process(AbstractProcessorLight.java:65)
	at org.apache.coyote.AbstractProtocol$ConnectionHandler.process(AbstractProtocol.java:890)
	at org.apache.tomcat.util.net.NioEndpoint$SocketProcessor.doRun(NioEndpoint.java:1787)
	at org.apache.tomcat.util.net.SocketProcessorBase.run(SocketProcessorBase.java:49)
	at org.apache.tomcat.util.threads.ThreadPoolExecutor.runWorker(ThreadPoolExecutor.java:1191)
	at org.apache.tomcat.util.threads.ThreadPoolExecutor$Worker.run(ThreadPoolExecutor.java:659)
	at org.apache.tomcat.util.threads.TaskThread$WrappingRunnable.run(TaskThread.java:61)
	at java.base/java.lang.Thread.run(Thread.java:829)
Caused by: java.lang.IllegalStateException: User not found!
	at com.iknow.stocktrackingbe.service.UserService.lambda$loadUserByUsername$1(UserService.java:92)
	at java.base/java.util.Optional.orElseThrow(Optional.java:408)
	at com.iknow.stocktrackingbe.service.UserService.loadUserByUsername(UserService.java:92)
	at com.iknow.stocktrackingbe.service.UserService$$FastClassBySpringCGLIB$$7017d5cc.invoke(<generated>)
	at org.springframework.cglib.proxy.MethodProxy.invoke(MethodProxy.java:218)
	at org.springframework.aop.framework.CglibAopProxy$CglibMethodInvocation.invokeJoinpoint(CglibAopProxy.java:793)
	at org.springframework.aop.framework.ReflectiveMethodInvocation.proceed(ReflectiveMethodInvocation.java:163)
	at org.springframework.aop.framework.CglibAopProxy$CglibMethodInvocation.proceed(CglibAopProxy.java:763)
	at org.springframework.transaction.interceptor.TransactionInterceptor$1.proceedWithInvocation(TransactionInterceptor.java:123)
	at org.springframework.transaction.interceptor.TransactionAspectSupport.invokeWithinTransaction(TransactionAspectSupport.java:388)
	at org.springframework.transaction.interceptor.TransactionInterceptor.invoke(TransactionInterceptor.java:119)
	at org.springframework.aop.framework.ReflectiveMethodInvocation.proceed(ReflectiveMethodInvocation.java:186)
	at org.springframework.aop.framework.CglibAopProxy$CglibMethodInvocation.proceed(CglibAopProxy.java:763)
	at org.springframework.aop.framework.CglibAopProxy$DynamicAdvisedInterceptor.intercept(CglibAopProxy.java:708)
	at com.iknow.stocktrackingbe.service.UserService$$EnhancerBySpringCGLIB$$b7870c71.loadUserByUsername(<generated>)
	at org.springframework.security.authentication.dao.DaoAuthenticationProvider.retrieveUser(DaoAuthenticationProvider.java:93)
	... 61 common frames omitted
2022-08-03 14:41:15,038 TRACE org.springframework.security.web.authentication.AbstractAuthenticationProcessingFilter [http-nio-8080-exec-4] Cleared SecurityContextHolder
2022-08-03 14:41:15,039 TRACE org.springframework.security.web.authentication.AbstractAuthenticationProcessingFilter [http-nio-8080-exec-4] Handling authentication failure
2022-08-03 14:41:15,043 TRACE org.springframework.security.web.authentication.AbstractAuthenticationProcessingFilter [http-nio-8080-exec-4] Did not match request to Ant [pattern='/login', POST]
2022-08-03 14:41:15,065 ERROR com.iknow.stocktrackingbe.exception.ExceptionController [http-nio-8080-exec-4] Status: 401 Message: Unauthorized
2022-08-03 14:41:50,193 TRACE org.springframework.security.web.authentication.AbstractAuthenticationProcessingFilter [http-nio-8080-exec-6] Did not match request to Ant [pattern='/login', POST]
2022-08-03 14:41:50,202 TRACE org.springframework.security.web.authentication.AbstractAuthenticationProcessingFilter [http-nio-8080-exec-6] Did not match request to Ant [pattern='/login', POST]
2022-08-03 14:41:50,203 ERROR com.iknow.stocktrackingbe.exception.ExceptionController [http-nio-8080-exec-6] Status: 404 Message: No message available
2022-08-03 14:41:57,555 TRACE org.springframework.security.web.authentication.AbstractAuthenticationProcessingFilter [http-nio-8080-exec-7] Did not match request to Ant [pattern='/login', POST]
2022-08-03 14:44:23,137 TRACE org.springframework.security.web.authentication.AbstractAuthenticationProcessingFilter [http-nio-8080-exec-10] Did not match request to Ant [pattern='/login', POST]
2022-08-03 14:50:10,597 TRACE org.springframework.security.web.authentication.AbstractAuthenticationProcessingFilter [http-nio-8080-exec-3] Did not match request to Ant [pattern='/login', POST]
2022-08-03 14:50:10,611 INFO com.iknow.stocktrackingbe.service.PrescriptionService [http-nio-8080-exec-3] Service Called: getPrescriptions
2022-08-03 14:51:26,844 TRACE org.springframework.security.web.authentication.AbstractAuthenticationProcessingFilter [http-nio-8080-exec-5] Did not match request to Ant [pattern='/login', POST]
2022-08-03 14:51:57,227 INFO org.springframework.boot.StartupInfoLogger [restartedMain] Starting StockTrackingBeApplication using Java 11.0.15 on DESKTOP-OEEDDTC with PID 16952 (D:\stock-tracking-be\target\classes started by Dev in D:\stock-tracking-be)
2022-08-03 14:51:57,227 DEBUG org.springframework.boot.StartupInfoLogger [restartedMain] Running with Spring Boot v2.7.1, Spring v5.3.21
2022-08-03 14:51:57,227 INFO org.springframework.boot.SpringApplication [restartedMain] No active profile set, falling back to 1 default profile: "default"
2022-08-03 14:52:03,527 INFO org.springframework.boot.StartupInfoLogger [restartedMain] Started StockTrackingBeApplication in 7.01 seconds (JVM running for 8.499)
2022-08-03 14:52:14,115 INFO org.springframework.boot.StartupInfoLogger [restartedMain] Starting StockTrackingBeApplication using Java 11.0.15 on DESKTOP-OEEDDTC with PID 13364 (D:\stock-tracking-be\target\classes started by Dev in D:\stock-tracking-be)
2022-08-03 14:52:14,115 DEBUG org.springframework.boot.StartupInfoLogger [restartedMain] Running with Spring Boot v2.7.1, Spring v5.3.21
2022-08-03 14:52:14,115 INFO org.springframework.boot.SpringApplication [restartedMain] No active profile set, falling back to 1 default profile: "default"
2022-08-03 14:52:19,683 INFO org.springframework.boot.StartupInfoLogger [restartedMain] Started StockTrackingBeApplication in 6.308 seconds (JVM running for 7.604)
2022-08-03 14:52:27,417 TRACE org.springframework.security.web.authentication.AbstractAuthenticationProcessingFilter [http-nio-8080-exec-2] Did not match request to Ant [pattern='/login', POST]
2022-08-03 14:53:12,134 TRACE org.springframework.security.web.authentication.AbstractAuthenticationProcessingFilter [http-nio-8080-exec-3] Did not match request to Ant [pattern='/login', POST]
2022-08-03 14:53:12,151 TRACE org.springframework.security.web.authentication.AbstractAuthenticationProcessingFilter [http-nio-8080-exec-3] Did not match request to Ant [pattern='/login', POST]
2022-08-03 14:53:12,156 ERROR com.iknow.stocktrackingbe.exception.ExceptionController [http-nio-8080-exec-3] Status: 404 Message: No message available
2022-08-03 14:53:29,599 TRACE org.springframework.security.web.authentication.AbstractAuthenticationProcessingFilter [http-nio-8080-exec-4] Did not match request to Ant [pattern='/login', POST]
2022-08-03 14:55:48,866 TRACE org.springframework.security.web.authentication.AbstractAuthenticationProcessingFilter [http-nio-8080-exec-7] Did not match request to Ant [pattern='/login', POST]
2022-08-03 14:55:48,873 TRACE org.springframework.security.web.authentication.AbstractAuthenticationProcessingFilter [http-nio-8080-exec-7] Did not match request to Ant [pattern='/login', POST]
2022-08-03 14:55:48,876 ERROR com.iknow.stocktrackingbe.exception.ExceptionController [http-nio-8080-exec-7] Status: 404 Message: No message available
2022-08-03 14:56:00,854 INFO org.springframework.boot.StartupInfoLogger [restartedMain] Starting StockTrackingBeApplication using Java 11.0.15 on DESKTOP-OEEDDTC with PID 624 (D:\stock-tracking-be\target\classes started by Dev in D:\stock-tracking-be)
2022-08-03 14:56:00,870 DEBUG org.springframework.boot.StartupInfoLogger [restartedMain] Running with Spring Boot v2.7.1, Spring v5.3.21
2022-08-03 14:56:00,870 INFO org.springframework.boot.SpringApplication [restartedMain] No active profile set, falling back to 1 default profile: "default"
2022-08-03 14:56:05,626 INFO org.springframework.boot.StartupInfoLogger [restartedMain] Started StockTrackingBeApplication in 5.43 seconds (JVM running for 6.665)
2022-08-03 14:56:14,446 TRACE org.springframework.security.web.authentication.AbstractAuthenticationProcessingFilter [http-nio-8080-exec-2] Did not match request to Ant [pattern='/login', POST]
2022-08-03 14:56:28,074 TRACE org.springframework.security.web.authentication.AbstractAuthenticationProcessingFilter [http-nio-8080-exec-3] Did not match request to Ant [pattern='/login', POST]
2022-08-03 14:56:32,286 TRACE org.springframework.security.web.authentication.AbstractAuthenticationProcessingFilter [http-nio-8080-exec-4] Did not match request to Ant [pattern='/login', POST]
2022-08-03 14:56:34,344 TRACE org.springframework.security.web.authentication.AbstractAuthenticationProcessingFilter [http-nio-8080-exec-5] Did not match request to Ant [pattern='/login', POST]
2022-08-03 14:56:48,735 TRACE org.springframework.security.web.authentication.AbstractAuthenticationProcessingFilter [http-nio-8080-exec-6] Did not match request to Ant [pattern='/login', POST]
2022-08-03 14:56:58,254 TRACE org.springframework.security.web.authentication.AbstractAuthenticationProcessingFilter [http-nio-8080-exec-7] Did not match request to Ant [pattern='/login', POST]
2022-08-03 14:57:31,442 INFO org.springframework.boot.StartupInfoLogger [restartedMain] Starting StockTrackingBeApplication using Java 11.0.15 on DESKTOP-OEEDDTC with PID 17092 (D:\stock-tracking-be\target\classes started by Dev in D:\stock-tracking-be)
2022-08-03 14:57:31,458 DEBUG org.springframework.boot.StartupInfoLogger [restartedMain] Running with Spring Boot v2.7.1, Spring v5.3.21
2022-08-03 14:57:31,458 INFO org.springframework.boot.SpringApplication [restartedMain] No active profile set, falling back to 1 default profile: "default"
2022-08-03 14:57:36,236 INFO org.springframework.boot.StartupInfoLogger [restartedMain] Started StockTrackingBeApplication in 5.437 seconds (JVM running for 6.681)
2022-08-03 14:57:49,443 TRACE org.springframework.security.web.authentication.AbstractAuthenticationProcessingFilter [http-nio-8080-exec-1] Did not match request to Ant [pattern='/login', POST]
2022-08-03 14:58:05,495 TRACE org.springframework.security.web.authentication.AbstractAuthenticationProcessingFilter [http-nio-8080-exec-2] Did not match request to Ant [pattern='/login', POST]
2022-08-03 14:59:41,616 INFO org.springframework.boot.StartupInfoLogger [restartedMain] Starting StockTrackingBeApplication using Java 11.0.15 on DESKTOP-OEEDDTC with PID 8476 (D:\stock-tracking-be\target\classes started by Dev in D:\stock-tracking-be)
2022-08-03 14:59:41,616 DEBUG org.springframework.boot.StartupInfoLogger [restartedMain] Running with Spring Boot v2.7.1, Spring v5.3.21
2022-08-03 14:59:41,616 INFO org.springframework.boot.SpringApplication [restartedMain] No active profile set, falling back to 1 default profile: "default"
2022-08-03 14:59:47,634 INFO org.springframework.boot.StartupInfoLogger [restartedMain] Started StockTrackingBeApplication in 6.824 seconds (JVM running for 8.465)
2022-08-03 14:59:51,679 TRACE org.springframework.security.web.authentication.AbstractAuthenticationProcessingFilter [http-nio-8080-exec-1] Did not match request to Ant [pattern='/login', POST]
2022-08-03 15:00:42,940 TRACE org.springframework.security.web.authentication.AbstractAuthenticationProcessingFilter [http-nio-8080-exec-3] Did not match request to Ant [pattern='/login', POST]
2022-08-03 15:01:32,090 INFO org.springframework.boot.StartupInfoLogger [restartedMain] Starting StockTrackingBeApplication using Java 11.0.15 on DESKTOP-OEEDDTC with PID 8620 (D:\stock-tracking-be\target\classes started by Dev in D:\stock-tracking-be)
2022-08-03 15:01:32,090 DEBUG org.springframework.boot.StartupInfoLogger [restartedMain] Running with Spring Boot v2.7.1, Spring v5.3.21
2022-08-03 15:01:32,090 INFO org.springframework.boot.SpringApplication [restartedMain] No active profile set, falling back to 1 default profile: "default"
2022-08-03 15:01:37,836 INFO org.springframework.boot.StartupInfoLogger [restartedMain] Started StockTrackingBeApplication in 6.54 seconds (JVM running for 7.976)
2022-08-03 15:01:41,473 TRACE org.springframework.security.web.authentication.AbstractAuthenticationProcessingFilter [http-nio-8080-exec-1] Did not match request to Ant [pattern='/login', POST]
2022-08-03 15:01:44,444 TRACE org.springframework.security.web.authentication.AbstractAuthenticationProcessingFilter [http-nio-8080-exec-3] Did not match request to Ant [pattern='/login', POST]
2022-08-03 15:02:11,887 INFO org.springframework.boot.StartupInfoLogger [restartedMain] Starting StockTrackingBeApplication using Java 11.0.15 on DESKTOP-OEEDDTC with PID 5304 (D:\stock-tracking-be\target\classes started by Dev in D:\stock-tracking-be)
2022-08-03 15:02:11,887 DEBUG org.springframework.boot.StartupInfoLogger [restartedMain] Running with Spring Boot v2.7.1, Spring v5.3.21
2022-08-03 15:02:11,887 INFO org.springframework.boot.SpringApplication [restartedMain] No active profile set, falling back to 1 default profile: "default"
2022-08-03 15:02:16,938 INFO org.springframework.boot.StartupInfoLogger [restartedMain] Started StockTrackingBeApplication in 5.742 seconds (JVM running for 7.053)
2022-08-03 15:02:20,208 TRACE org.springframework.security.web.authentication.AbstractAuthenticationProcessingFilter [http-nio-8080-exec-2] Did not match request to Ant [pattern='/login', POST]
2022-08-03 15:02:23,257 TRACE org.springframework.security.web.authentication.AbstractAuthenticationProcessingFilter [http-nio-8080-exec-3] Did not match request to Ant [pattern='/login', POST]
2022-08-03 15:04:52,259 INFO org.springframework.boot.StartupInfoLogger [restartedMain] Starting StockTrackingBeApplication using Java 11.0.15 on DESKTOP-OEEDDTC with PID 10012 (D:\stock-tracking-be\target\classes started by Dev in D:\stock-tracking-be)
2022-08-03 15:04:52,262 DEBUG org.springframework.boot.StartupInfoLogger [restartedMain] Running with Spring Boot v2.7.1, Spring v5.3.21
2022-08-03 15:04:52,263 INFO org.springframework.boot.SpringApplication [restartedMain] No active profile set, falling back to 1 default profile: "default"
2022-08-03 15:04:57,199 INFO org.springframework.boot.StartupInfoLogger [restartedMain] Started StockTrackingBeApplication in 5.837 seconds (JVM running for 7.187)
2022-08-03 15:04:58,912 TRACE org.springframework.security.web.authentication.AbstractAuthenticationProcessingFilter [http-nio-8080-exec-2] Did not match request to Ant [pattern='/login', POST]
2022-08-03 15:05:00,920 TRACE org.springframework.security.web.authentication.AbstractAuthenticationProcessingFilter [http-nio-8080-exec-3] Did not match request to Ant [pattern='/login', POST]
2022-08-03 15:05:19,209 TRACE org.springframework.security.web.authentication.AbstractAuthenticationProcessingFilter [http-nio-8080-exec-4] Did not match request to Ant [pattern='/login', POST]
2022-08-03 15:05:19,352 INFO com.iknow.stocktrackingbe.service.PrescriptionService [http-nio-8080-exec-4] Service Called: createNewPrescription
2022-08-03 15:05:22,309 TRACE org.springframework.security.web.authentication.AbstractAuthenticationProcessingFilter [http-nio-8080-exec-5] Did not match request to Ant [pattern='/login', POST]
2022-08-03 15:05:22,323 INFO com.iknow.stocktrackingbe.service.PrescriptionService [http-nio-8080-exec-5] Service Called: getPrescriptions
2022-08-03 15:08:29,280 INFO org.springframework.boot.StartupInfoLogger [restartedMain] Starting StockTrackingBeApplication using Java 11.0.15 on DESKTOP-OEEDDTC with PID 8952 (D:\stock-tracking-be\target\classes started by Dev in D:\stock-tracking-be)
2022-08-03 15:08:29,282 DEBUG org.springframework.boot.StartupInfoLogger [restartedMain] Running with Spring Boot v2.7.1, Spring v5.3.21
2022-08-03 15:08:29,283 INFO org.springframework.boot.SpringApplication [restartedMain] No active profile set, falling back to 1 default profile: "default"
2022-08-03 15:08:35,914 INFO org.springframework.boot.StartupInfoLogger [restartedMain] Started StockTrackingBeApplication in 7.413 seconds (JVM running for 8.86)
2022-08-03 15:08:47,785 INFO org.springframework.boot.StartupInfoLogger [restartedMain] Starting StockTrackingBeApplication using Java 11.0.15 on DESKTOP-OEEDDTC with PID 2492 (D:\stock-tracking-be\target\classes started by Dev in D:\stock-tracking-be)
2022-08-03 15:08:47,787 DEBUG org.springframework.boot.StartupInfoLogger [restartedMain] Running with Spring Boot v2.7.1, Spring v5.3.21
2022-08-03 15:08:47,788 INFO org.springframework.boot.SpringApplication [restartedMain] No active profile set, falling back to 1 default profile: "default"
2022-08-03 15:08:54,492 INFO org.springframework.boot.StartupInfoLogger [restartedMain] Started StockTrackingBeApplication in 7.446 seconds (JVM running for 9.1)
2022-08-03 15:09:59,508 TRACE org.springframework.security.web.authentication.AbstractAuthenticationProcessingFilter [http-nio-8080-exec-2] Did not match request to Ant [pattern='/login', POST]
2022-08-03 15:09:59,548 TRACE org.springframework.security.web.authentication.AbstractAuthenticationProcessingFilter [http-nio-8080-exec-2] Did not match request to Ant [pattern='/login', POST]
2022-08-03 15:09:59,571 ERROR com.iknow.stocktrackingbe.exception.ExceptionController [http-nio-8080-exec-2] Status: 404 Message: No message available
2022-08-03 15:10:15,067 INFO org.springframework.boot.StartupInfoLogger [restartedMain] Starting StockTrackingBeApplication using Java 11.0.15 on DESKTOP-OEEDDTC with PID 16804 (D:\stock-tracking-be\target\classes started by Dev in D:\stock-tracking-be)
2022-08-03 15:10:15,067 DEBUG org.springframework.boot.StartupInfoLogger [restartedMain] Running with Spring Boot v2.7.1, Spring v5.3.21
2022-08-03 15:10:15,067 INFO org.springframework.boot.SpringApplication [restartedMain] No active profile set, falling back to 1 default profile: "default"
2022-08-03 15:10:21,039 INFO org.springframework.boot.StartupInfoLogger [restartedMain] Started StockTrackingBeApplication in 6.656 seconds (JVM running for 8.033)
2022-08-03 15:10:24,343 TRACE org.springframework.security.web.authentication.AbstractAuthenticationProcessingFilter [http-nio-8080-exec-1] Did not match request to Ant [pattern='/login', POST]
2022-08-03 15:13:05,777 TRACE org.springframework.security.web.authentication.AbstractAuthenticationProcessingFilter [http-nio-8080-exec-5] Did not match request to Ant [pattern='/login', POST]
2022-08-03 15:13:05,782 TRACE org.springframework.security.web.authentication.AbstractAuthenticationProcessingFilter [http-nio-8080-exec-5] Did not match request to Ant [pattern='/login', POST]
2022-08-03 15:13:05,790 ERROR com.iknow.stocktrackingbe.exception.ExceptionController [http-nio-8080-exec-5] Status: 403 Message: Access Denied
2022-08-03 15:13:31,855 TRACE org.springframework.security.web.authentication.AbstractAuthenticationProcessingFilter [http-nio-8080-exec-6] Did not match request to Ant [pattern='/login', POST]
2022-08-03 15:13:31,891 TRACE org.springframework.security.web.authentication.AbstractAuthenticationProcessingFilter [http-nio-8080-exec-6] Did not match request to Ant [pattern='/login', POST]
2022-08-03 15:13:31,896 ERROR com.iknow.stocktrackingbe.exception.ExceptionController [http-nio-8080-exec-6] Status: 400 Message: JSON parse error: Unexpected character ('}' (code 125)): was expecting double-quote to start field name; nested exception is com.fasterxml.jackson.databind.JsonMappingException: Unexpected character ('}' (code 125)): was expecting double-quote to start field name
 at [Source: (org.springframework.util.StreamUtils$NonClosingInputStream); line: 5, column: 14] (through reference chain: com.iknow.stocktrackingbe.payload.request.PrescriptionRequest["prescription"])
2022-08-03 15:13:41,798 TRACE org.springframework.security.web.authentication.AbstractAuthenticationProcessingFilter [http-nio-8080-exec-8] Did not match request to Ant [pattern='/login', POST]
2022-08-03 15:13:41,806 INFO com.iknow.stocktrackingbe.service.PrescriptionService [http-nio-8080-exec-8] Service Called: createNewPrescription
2022-08-03 15:28:58,827 TRACE org.springframework.security.web.authentication.AbstractAuthenticationProcessingFilter [http-nio-8080-exec-2] Did not match request to Ant [pattern='/login', POST]
2022-08-03 15:28:58,846 INFO com.iknow.stocktrackingbe.service.ProductService [http-nio-8080-exec-2] Service Called: addStockCard
2022-08-03 15:28:58,846 INFO com.iknow.stocktrackingbe.service.ProductService [http-nio-8080-exec-2] Service Called: getProductById
2022-08-03 15:31:17,073 TRACE org.springframework.security.web.authentication.AbstractAuthenticationProcessingFilter [http-nio-8080-exec-4] Did not match request to Ant [pattern='/login', POST]
2022-08-03 15:32:20,466 INFO org.springframework.boot.StartupInfoLogger [restartedMain] Starting StockTrackingBeApplication using Java 11.0.15 on DESKTOP-OEEDDTC with PID 14156 (D:\stock-tracking-be\target\classes started by Dev in D:\stock-tracking-be)
2022-08-03 15:32:20,466 DEBUG org.springframework.boot.StartupInfoLogger [restartedMain] Running with Spring Boot v2.7.1, Spring v5.3.21
2022-08-03 15:32:20,466 INFO org.springframework.boot.SpringApplication [restartedMain] No active profile set, falling back to 1 default profile: "default"
2022-08-03 15:32:25,862 INFO org.springframework.boot.StartupInfoLogger [restartedMain] Started StockTrackingBeApplication in 6.055 seconds (JVM running for 7.295)
2022-08-03 15:32:47,063 TRACE org.springframework.security.web.authentication.AbstractAuthenticationProcessingFilter [http-nio-8080-exec-2] Did not match request to Ant [pattern='/login', POST]
2022-08-03 15:34:15,310 TRACE org.springframework.security.web.authentication.AbstractAuthenticationProcessingFilter [http-nio-8080-exec-5] Did not match request to Ant [pattern='/login', POST]
2022-08-03 15:36:29,854 INFO org.springframework.boot.StartupInfoLogger [restartedMain] Starting StockTrackingBeApplication using Java 11.0.15 on DESKTOP-OEEDDTC with PID 8604 (D:\stock-tracking-be\target\classes started by Dev in D:\stock-tracking-be)
2022-08-03 15:36:29,854 DEBUG org.springframework.boot.StartupInfoLogger [restartedMain] Running with Spring Boot v2.7.1, Spring v5.3.21
2022-08-03 15:36:29,854 INFO org.springframework.boot.SpringApplication [restartedMain] No active profile set, falling back to 1 default profile: "default"
2022-08-03 15:36:36,782 INFO org.springframework.boot.StartupInfoLogger [restartedMain] Started StockTrackingBeApplication in 7.711 seconds (JVM running for 9.422)
2022-08-03 15:36:38,343 TRACE org.springframework.security.web.authentication.AbstractAuthenticationProcessingFilter [http-nio-8080-exec-2] Did not match request to Ant [pattern='/login', POST]
2022-08-03 15:36:38,472 INFO com.iknow.stocktrackingbe.service.ProductService [http-nio-8080-exec-2] Service Called: addStockCard
2022-08-03 15:36:38,472 INFO com.iknow.stocktrackingbe.service.ProductService [http-nio-8080-exec-2] Service Called: getProductById
2022-08-03 15:41:31,794 TRACE org.springframework.security.web.authentication.AbstractAuthenticationProcessingFilter [http-nio-8080-exec-5] Did not match request to Ant [pattern='/login', POST]
2022-08-03 15:41:37,980 TRACE org.springframework.security.web.authentication.AbstractAuthenticationProcessingFilter [http-nio-8080-exec-6] Did not match request to Ant [pattern='/login', POST]
2022-08-03 15:41:51,378 INFO org.springframework.boot.StartupInfoLogger [restartedMain] Starting StockTrackingBeApplication using Java 11.0.15 on DESKTOP-OEEDDTC with PID 10624 (D:\stock-tracking-be\target\classes started by Dev in D:\stock-tracking-be)
2022-08-03 15:41:51,378 DEBUG org.springframework.boot.StartupInfoLogger [restartedMain] Running with Spring Boot v2.7.1, Spring v5.3.21
2022-08-03 15:41:51,378 INFO org.springframework.boot.SpringApplication [restartedMain] No active profile set, falling back to 1 default profile: "default"
2022-08-03 15:41:57,162 INFO org.springframework.boot.StartupInfoLogger [restartedMain] Started StockTrackingBeApplication in 6.559 seconds (JVM running for 7.983)
2022-08-03 15:41:58,775 TRACE org.springframework.security.web.authentication.AbstractAuthenticationProcessingFilter [http-nio-8080-exec-1] Did not match request to Ant [pattern='/login', POST]
2022-08-03 15:42:20,085 TRACE org.springframework.security.web.authentication.AbstractAuthenticationProcessingFilter [http-nio-8080-exec-3] Did not match request to Ant [pattern='/login', POST]
2022-08-03 15:42:20,104 INFO com.iknow.stocktrackingbe.service.PrescriptionService [http-nio-8080-exec-3] Service Called: createNewPrescription
2022-08-03 15:42:26,470 TRACE org.springframework.security.web.authentication.AbstractAuthenticationProcessingFilter [http-nio-8080-exec-4] Did not match request to Ant [pattern='/login', POST]
2022-08-03 15:42:26,482 INFO com.iknow.stocktrackingbe.service.ProductService [http-nio-8080-exec-4] Service Called: addStockCard
2022-08-03 15:42:26,482 INFO com.iknow.stocktrackingbe.service.ProductService [http-nio-8080-exec-4] Service Called: getProductById
2022-08-03 15:42:27,872 TRACE org.springframework.security.web.authentication.AbstractAuthenticationProcessingFilter [http-nio-8080-exec-5] Did not match request to Ant [pattern='/login', POST]
2022-08-03 15:42:27,873 INFO com.iknow.stocktrackingbe.service.ProductService [http-nio-8080-exec-5] Service Called: addStockCard
2022-08-03 15:42:27,874 INFO com.iknow.stocktrackingbe.service.ProductService [http-nio-8080-exec-5] Service Called: getProductById
2022-08-03 15:42:29,058 TRACE org.springframework.security.web.authentication.AbstractAuthenticationProcessingFilter [http-nio-8080-exec-6] Did not match request to Ant [pattern='/login', POST]
2022-08-03 15:42:29,065 INFO com.iknow.stocktrackingbe.service.ProductService [http-nio-8080-exec-6] Service Called: addStockCard
2022-08-03 15:42:29,066 INFO com.iknow.stocktrackingbe.service.ProductService [http-nio-8080-exec-6] Service Called: getProductById
2022-08-03 15:42:42,974 TRACE org.springframework.security.web.authentication.AbstractAuthenticationProcessingFilter [http-nio-8080-exec-7] Did not match request to Ant [pattern='/login', POST]
2022-08-03 15:47:07,421 INFO org.springframework.boot.StartupInfoLogger [restartedMain] Starting StockTrackingBeApplication using Java 11.0.15 on DESKTOP-OEEDDTC with PID 12176 (D:\stock-tracking-be\target\classes started by Dev in D:\stock-tracking-be)
2022-08-03 15:47:07,421 DEBUG org.springframework.boot.StartupInfoLogger [restartedMain] Running with Spring Boot v2.7.1, Spring v5.3.21
2022-08-03 15:47:07,421 INFO org.springframework.boot.SpringApplication [restartedMain] No active profile set, falling back to 1 default profile: "default"
2022-08-03 15:47:12,942 INFO org.springframework.boot.StartupInfoLogger [restartedMain] Started StockTrackingBeApplication in 6.164 seconds (JVM running for 7.415)
2022-08-03 15:47:45,054 INFO org.springframework.boot.StartupInfoLogger [restartedMain] Starting StockTrackingBeApplication using Java 11.0.15 on DESKTOP-OEEDDTC with PID 7820 (D:\stock-tracking-be\target\classes started by Dev in D:\stock-tracking-be)
2022-08-03 15:47:45,056 DEBUG org.springframework.boot.StartupInfoLogger [restartedMain] Running with Spring Boot v2.7.1, Spring v5.3.21
2022-08-03 15:47:45,058 INFO org.springframework.boot.SpringApplication [restartedMain] No active profile set, falling back to 1 default profile: "default"
2022-08-03 15:47:50,441 INFO org.springframework.boot.StartupInfoLogger [restartedMain] Started StockTrackingBeApplication in 6.102 seconds (JVM running for 7.605)
2022-08-03 15:47:54,588 TRACE org.springframework.security.web.authentication.AbstractAuthenticationProcessingFilter [http-nio-8080-exec-2] Did not match request to Ant [pattern='/login', POST]
2022-08-03 15:47:54,723 INFO com.iknow.stocktrackingbe.service.ProductService [http-nio-8080-exec-2] Service Called: addStockCard
2022-08-03 15:47:54,723 INFO com.iknow.stocktrackingbe.service.ProductService [http-nio-8080-exec-2] Service Called: getProductById
2022-08-03 15:47:56,817 TRACE org.springframework.security.web.authentication.AbstractAuthenticationProcessingFilter [http-nio-8080-exec-3] Did not match request to Ant [pattern='/login', POST]
2022-08-03 15:47:56,819 INFO com.iknow.stocktrackingbe.service.ProductService [http-nio-8080-exec-3] Service Called: addStockCard
2022-08-03 15:47:56,819 INFO com.iknow.stocktrackingbe.service.ProductService [http-nio-8080-exec-3] Service Called: getProductById
2022-08-03 15:47:59,885 TRACE org.springframework.security.web.authentication.AbstractAuthenticationProcessingFilter [http-nio-8080-exec-4] Did not match request to Ant [pattern='/login', POST]
2022-08-03 15:49:15,557 INFO org.springframework.boot.StartupInfoLogger [restartedMain] Starting StockTrackingBeApplication using Java 11.0.15 on DESKTOP-OEEDDTC with PID 1780 (D:\stock-tracking-be\target\classes started by Dev in D:\stock-tracking-be)
2022-08-03 15:49:15,557 DEBUG org.springframework.boot.StartupInfoLogger [restartedMain] Running with Spring Boot v2.7.1, Spring v5.3.21
2022-08-03 15:49:15,557 INFO org.springframework.boot.SpringApplication [restartedMain] No active profile set, falling back to 1 default profile: "default"
2022-08-03 15:49:20,477 INFO org.springframework.boot.StartupInfoLogger [restartedMain] Started StockTrackingBeApplication in 5.626 seconds (JVM running for 6.995)
2022-08-03 15:49:28,978 TRACE org.springframework.security.web.authentication.AbstractAuthenticationProcessingFilter [http-nio-8080-exec-2] Did not match request to Ant [pattern='/login', POST]
2022-08-03 15:49:57,277 INFO org.springframework.boot.StartupInfoLogger [restartedMain] Starting StockTrackingBeApplication using Java 11.0.15 on DESKTOP-OEEDDTC with PID 2652 (D:\stock-tracking-be\target\classes started by Dev in D:\stock-tracking-be)
2022-08-03 15:49:57,293 DEBUG org.springframework.boot.StartupInfoLogger [restartedMain] Running with Spring Boot v2.7.1, Spring v5.3.21
2022-08-03 15:49:57,293 INFO org.springframework.boot.SpringApplication [restartedMain] No active profile set, falling back to 1 default profile: "default"
2022-08-03 15:50:03,315 INFO org.springframework.boot.StartupInfoLogger [restartedMain] Started StockTrackingBeApplication in 6.94 seconds (JVM running for 8.455)
2022-08-03 16:02:18,599 INFO org.springframework.boot.StartupInfoLogger [restartedMain] Starting StockTrackingBeApplication using Java 11.0.15 on DESKTOP-OEEDDTC with PID 14256 (D:\stock-tracking-be\target\classes started by Dev in D:\stock-tracking-be)
2022-08-03 16:02:18,599 DEBUG org.springframework.boot.StartupInfoLogger [restartedMain] Running with Spring Boot v2.7.1, Spring v5.3.21
2022-08-03 16:02:18,599 INFO org.springframework.boot.SpringApplication [restartedMain] No active profile set, falling back to 1 default profile: "default"
2022-08-03 16:02:24,251 INFO org.springframework.boot.StartupInfoLogger [restartedMain] Started StockTrackingBeApplication in 6.311 seconds (JVM running for 7.561)
2022-08-03 16:02:27,726 TRACE org.springframework.security.web.authentication.AbstractAuthenticationProcessingFilter [http-nio-8080-exec-1] Did not match request to Ant [pattern='/login', POST]
2022-08-03 16:02:27,878 INFO com.iknow.stocktrackingbe.service.ProductService [http-nio-8080-exec-1] Service Called: addStockCard
2022-08-03 16:02:27,878 INFO com.iknow.stocktrackingbe.service.ProductService [http-nio-8080-exec-1] Service Called: getProductById
2022-08-03 16:02:29,224 TRACE org.springframework.security.web.authentication.AbstractAuthenticationProcessingFilter [http-nio-8080-exec-3] Did not match request to Ant [pattern='/login', POST]
2022-08-03 16:02:29,225 INFO com.iknow.stocktrackingbe.service.ProductService [http-nio-8080-exec-3] Service Called: addStockCard
2022-08-03 16:02:29,226 INFO com.iknow.stocktrackingbe.service.ProductService [http-nio-8080-exec-3] Service Called: getProductById
2022-08-03 16:02:30,149 TRACE org.springframework.security.web.authentication.AbstractAuthenticationProcessingFilter [http-nio-8080-exec-4] Did not match request to Ant [pattern='/login', POST]
2022-08-03 16:02:30,157 INFO com.iknow.stocktrackingbe.service.ProductService [http-nio-8080-exec-4] Service Called: addStockCard
2022-08-03 16:02:30,159 INFO com.iknow.stocktrackingbe.service.ProductService [http-nio-8080-exec-4] Service Called: getProductById
2022-08-03 16:02:31,811 TRACE org.springframework.security.web.authentication.AbstractAuthenticationProcessingFilter [http-nio-8080-exec-5] Did not match request to Ant [pattern='/login', POST]
2022-08-03 16:02:52,010 TRACE org.springframework.security.web.authentication.AbstractAuthenticationProcessingFilter [http-nio-8080-exec-6] Did not match request to Ant [pattern='/login', POST]
2022-08-03 16:02:55,709 TRACE org.springframework.security.web.authentication.AbstractAuthenticationProcessingFilter [http-nio-8080-exec-7] Did not match request to Ant [pattern='/login', POST]
2022-08-03 16:04:10,616 INFO org.springframework.boot.StartupInfoLogger [restartedMain] Starting StockTrackingBeApplication using Java 11.0.15 on DESKTOP-OEEDDTC with PID 3220 (D:\stock-tracking-be\target\classes started by Dev in D:\stock-tracking-be)
2022-08-03 16:04:10,616 DEBUG org.springframework.boot.StartupInfoLogger [restartedMain] Running with Spring Boot v2.7.1, Spring v5.3.21
2022-08-03 16:04:10,631 INFO org.springframework.boot.SpringApplication [restartedMain] No active profile set, falling back to 1 default profile: "default"
2022-08-03 16:04:15,530 INFO org.springframework.boot.StartupInfoLogger [restartedMain] Started StockTrackingBeApplication in 5.685 seconds (JVM running for 6.95)
2022-08-03 16:04:19,266 TRACE org.springframework.security.web.authentication.AbstractAuthenticationProcessingFilter [http-nio-8080-exec-1] Did not match request to Ant [pattern='/login', POST]
2022-08-03 16:09:50,318 INFO org.springframework.boot.StartupInfoLogger [restartedMain] Starting StockTrackingBeApplication using Java 11.0.15 on DESKTOP-OEEDDTC with PID 3268 (D:\stock-tracking-be\target\classes started by Dev in D:\stock-tracking-be)
2022-08-03 16:09:50,318 DEBUG org.springframework.boot.StartupInfoLogger [restartedMain] Running with Spring Boot v2.7.1, Spring v5.3.21
2022-08-03 16:09:50,318 INFO org.springframework.boot.SpringApplication [restartedMain] No active profile set, falling back to 1 default profile: "default"
2022-08-03 16:09:55,627 INFO org.springframework.boot.StartupInfoLogger [restartedMain] Started StockTrackingBeApplication in 6.146 seconds (JVM running for 7.694)
2022-08-03 16:11:57,492 INFO org.springframework.boot.StartupInfoLogger [restartedMain] Starting StockTrackingBeApplication using Java 11.0.15 on DESKTOP-OEEDDTC with PID 4044 (D:\stock-tracking-be\target\classes started by Dev in D:\stock-tracking-be)
2022-08-03 16:11:57,492 DEBUG org.springframework.boot.StartupInfoLogger [restartedMain] Running with Spring Boot v2.7.1, Spring v5.3.21
2022-08-03 16:11:57,492 INFO org.springframework.boot.SpringApplication [restartedMain] No active profile set, falling back to 1 default profile: "default"
2022-08-03 16:12:03,151 INFO org.springframework.boot.StartupInfoLogger [restartedMain] Started StockTrackingBeApplication in 6.364 seconds (JVM running for 7.655)
2022-08-03 16:19:51,544 INFO org.springframework.boot.StartupInfoLogger [restartedMain] Starting StockTrackingBeApplication using Java 11.0.15 on DESKTOP-OEEDDTC with PID 6604 (D:\stock-tracking-be\target\classes started by Dev in D:\stock-tracking-be)
2022-08-03 16:19:51,547 DEBUG org.springframework.boot.StartupInfoLogger [restartedMain] Running with Spring Boot v2.7.1, Spring v5.3.21
2022-08-03 16:19:51,548 INFO org.springframework.boot.SpringApplication [restartedMain] No active profile set, falling back to 1 default profile: "default"
2022-08-03 16:19:58,898 INFO org.springframework.boot.StartupInfoLogger [restartedMain] Started StockTrackingBeApplication in 8.583 seconds (JVM running for 10.291)
2022-08-03 16:20:19,088 TRACE org.springframework.security.web.authentication.AbstractAuthenticationProcessingFilter [http-nio-8080-exec-2] Did not match request to Ant [pattern='/login', POST]
2022-08-03 16:20:19,100 TRACE org.springframework.security.web.authentication.AbstractAuthenticationProcessingFilter [http-nio-8080-exec-2] Did not match request to Ant [pattern='/login', POST]
2022-08-03 16:20:19,136 ERROR com.iknow.stocktrackingbe.exception.ExceptionController [http-nio-8080-exec-2] Status: 403 Message: Access Denied
2022-08-03 16:22:09,377 TRACE org.springframework.security.web.authentication.AbstractAuthenticationProcessingFilter [http-nio-8080-exec-5] Did not match request to Ant [pattern='/login', POST]
2022-08-03 16:22:09,378 TRACE org.springframework.security.web.authentication.AbstractAuthenticationProcessingFilter [http-nio-8080-exec-5] Did not match request to Ant [pattern='/login', POST]
2022-08-03 16:22:09,380 ERROR com.iknow.stocktrackingbe.exception.ExceptionController [http-nio-8080-exec-5] Status: 403 Message: Access Denied
2022-08-03 16:22:37,032 INFO org.springframework.boot.StartupInfoLogger [restartedMain] Starting StockTrackingBeApplication using Java 11.0.15 on DESKTOP-OEEDDTC with PID 384 (D:\stock-tracking-be\target\classes started by Dev in D:\stock-tracking-be)
2022-08-03 16:22:37,032 DEBUG org.springframework.boot.StartupInfoLogger [restartedMain] Running with Spring Boot v2.7.1, Spring v5.3.21
2022-08-03 16:22:37,032 INFO org.springframework.boot.SpringApplication [restartedMain] No active profile set, falling back to 1 default profile: "default"
2022-08-03 16:22:42,065 INFO org.springframework.boot.StartupInfoLogger [restartedMain] Started StockTrackingBeApplication in 5.737 seconds (JVM running for 7.235)
2022-08-03 16:22:46,583 TRACE org.springframework.security.web.authentication.AbstractAuthenticationProcessingFilter [http-nio-8080-exec-1] Did not match request to Ant [pattern='/login', POST]
2022-08-03 16:22:46,602 TRACE org.springframework.security.web.authentication.AbstractAuthenticationProcessingFilter [http-nio-8080-exec-1] Did not match request to Ant [pattern='/login', POST]
2022-08-03 16:22:46,687 ERROR com.iknow.stocktrackingbe.exception.ExceptionController [http-nio-8080-exec-1] Status: 403 Message: Access Denied
2022-08-03 16:23:27,121 INFO org.springframework.boot.StartupInfoLogger [restartedMain] Starting StockTrackingBeApplication using Java 11.0.15 on DESKTOP-OEEDDTC with PID 11200 (D:\stock-tracking-be\target\classes started by Dev in D:\stock-tracking-be)
2022-08-03 16:23:27,121 DEBUG org.springframework.boot.StartupInfoLogger [restartedMain] Running with Spring Boot v2.7.1, Spring v5.3.21
2022-08-03 16:23:27,121 INFO org.springframework.boot.SpringApplication [restartedMain] No active profile set, falling back to 1 default profile: "default"
2022-08-03 16:23:32,262 INFO org.springframework.boot.StartupInfoLogger [restartedMain] Started StockTrackingBeApplication in 5.835 seconds (JVM running for 7.199)
2022-08-03 16:23:42,418 TRACE org.springframework.security.web.authentication.AbstractAuthenticationProcessingFilter [http-nio-8080-exec-1] Did not match request to Ant [pattern='/login', POST]
2022-08-03 16:23:42,436 TRACE org.springframework.security.web.authentication.AbstractAuthenticationProcessingFilter [http-nio-8080-exec-1] Did not match request to Ant [pattern='/login', POST]
2022-08-03 16:23:42,517 ERROR com.iknow.stocktrackingbe.exception.ExceptionController [http-nio-8080-exec-1] Status: 403 Message: Access Denied
2022-08-03 16:23:44,554 TRACE org.springframework.security.web.authentication.AbstractAuthenticationProcessingFilter [http-nio-8080-exec-3] Did not match request to Ant [pattern='/login', POST]
2022-08-03 16:23:44,555 TRACE org.springframework.security.web.authentication.AbstractAuthenticationProcessingFilter [http-nio-8080-exec-3] Did not match request to Ant [pattern='/login', POST]
2022-08-03 16:23:44,556 ERROR com.iknow.stocktrackingbe.exception.ExceptionController [http-nio-8080-exec-3] Status: 403 Message: Access Denied
2022-08-03 16:24:00,464 INFO org.springframework.boot.StartupInfoLogger [restartedMain] Starting StockTrackingBeApplication using Java 11.0.15 on DESKTOP-OEEDDTC with PID 17184 (D:\stock-tracking-be\target\classes started by Dev in D:\stock-tracking-be)
2022-08-03 16:24:00,464 DEBUG org.springframework.boot.StartupInfoLogger [restartedMain] Running with Spring Boot v2.7.1, Spring v5.3.21
2022-08-03 16:24:00,464 INFO org.springframework.boot.SpringApplication [restartedMain] No active profile set, falling back to 1 default profile: "default"
2022-08-03 16:24:06,360 INFO org.springframework.boot.StartupInfoLogger [restartedMain] Started StockTrackingBeApplication in 6.636 seconds (JVM running for 7.888)
2022-08-03 16:24:10,746 TRACE org.springframework.security.web.authentication.AbstractAuthenticationProcessingFilter [http-nio-8080-exec-2] Did not match request to Ant [pattern='/login', POST]
2022-08-03 16:24:10,754 TRACE org.springframework.security.web.authentication.AbstractAuthenticationProcessingFilter [http-nio-8080-exec-2] Did not match request to Ant [pattern='/login', POST]
2022-08-03 16:24:10,794 ERROR com.iknow.stocktrackingbe.exception.ExceptionController [http-nio-8080-exec-2] Status: 403 Message: Access Denied
2022-08-03 16:24:12,347 TRACE org.springframework.security.web.authentication.AbstractAuthenticationProcessingFilter [http-nio-8080-exec-3] Did not match request to Ant [pattern='/login', POST]
2022-08-03 16:24:12,348 TRACE org.springframework.security.web.authentication.AbstractAuthenticationProcessingFilter [http-nio-8080-exec-3] Did not match request to Ant [pattern='/login', POST]
2022-08-03 16:24:12,349 ERROR com.iknow.stocktrackingbe.exception.ExceptionController [http-nio-8080-exec-3] Status: 403 Message: Access Denied
2022-08-03 16:24:23,165 INFO org.springframework.boot.StartupInfoLogger [restartedMain] Starting StockTrackingBeApplication using Java 11.0.15 on DESKTOP-OEEDDTC with PID 2064 (D:\stock-tracking-be\target\classes started by Dev in D:\stock-tracking-be)
2022-08-03 16:24:23,165 DEBUG org.springframework.boot.StartupInfoLogger [restartedMain] Running with Spring Boot v2.7.1, Spring v5.3.21
2022-08-03 16:24:23,165 INFO org.springframework.boot.SpringApplication [restartedMain] No active profile set, falling back to 1 default profile: "default"
2022-08-03 16:24:28,496 INFO org.springframework.boot.StartupInfoLogger [restartedMain] Started StockTrackingBeApplication in 5.93 seconds (JVM running for 8.836)
2022-08-03 16:24:46,533 INFO org.springframework.boot.StartupInfoLogger [restartedMain] Starting StockTrackingBeApplication using Java 11.0.15 on DESKTOP-OEEDDTC with PID 3064 (D:\stock-tracking-be\target\classes started by Dev in D:\stock-tracking-be)
2022-08-03 16:24:46,535 DEBUG org.springframework.boot.StartupInfoLogger [restartedMain] Running with Spring Boot v2.7.1, Spring v5.3.21
2022-08-03 16:24:46,536 INFO org.springframework.boot.SpringApplication [restartedMain] No active profile set, falling back to 1 default profile: "default"
2022-08-03 16:24:54,502 INFO org.springframework.boot.StartupInfoLogger [restartedMain] Started StockTrackingBeApplication in 8.741 seconds (JVM running for 10.653)
2022-08-03 16:25:18,947 TRACE org.springframework.security.web.authentication.AbstractAuthenticationProcessingFilter [http-nio-8080-exec-2] Did not match request to Ant [pattern='/login', POST]
2022-08-03 16:25:18,955 TRACE org.springframework.security.web.authentication.AbstractAuthenticationProcessingFilter [http-nio-8080-exec-2] Did not match request to Ant [pattern='/login', POST]
2022-08-03 16:25:18,994 ERROR com.iknow.stocktrackingbe.exception.ExceptionController [http-nio-8080-exec-2] Status: 403 Message: Access Denied
2022-08-03 16:25:20,483 TRACE org.springframework.security.web.authentication.AbstractAuthenticationProcessingFilter [http-nio-8080-exec-3] Did not match request to Ant [pattern='/login', POST]
2022-08-03 16:25:20,485 TRACE org.springframework.security.web.authentication.AbstractAuthenticationProcessingFilter [http-nio-8080-exec-3] Did not match request to Ant [pattern='/login', POST]
2022-08-03 16:25:20,485 ERROR com.iknow.stocktrackingbe.exception.ExceptionController [http-nio-8080-exec-3] Status: 403 Message: Access Denied
2022-08-03 16:25:52,432 INFO org.springframework.boot.StartupInfoLogger [restartedMain] Starting StockTrackingBeApplication using Java 11.0.15 on DESKTOP-OEEDDTC with PID 5172 (D:\stock-tracking-be\target\classes started by Dev in D:\stock-tracking-be)
2022-08-03 16:25:52,434 DEBUG org.springframework.boot.StartupInfoLogger [restartedMain] Running with Spring Boot v2.7.1, Spring v5.3.21
2022-08-03 16:25:52,435 INFO org.springframework.boot.SpringApplication [restartedMain] No active profile set, falling back to 1 default profile: "default"
2022-08-03 16:25:59,336 INFO org.springframework.boot.StartupInfoLogger [restartedMain] Started StockTrackingBeApplication in 7.701 seconds (JVM running for 9.188)
2022-08-03 16:26:06,652 TRACE org.springframework.security.web.authentication.AbstractAuthenticationProcessingFilter [http-nio-8080-exec-2] Did not match request to Ant [pattern='/login', POST]
2022-08-03 16:26:06,664 TRACE org.springframework.security.web.authentication.AbstractAuthenticationProcessingFilter [http-nio-8080-exec-2] Did not match request to Ant [pattern='/login', POST]
2022-08-03 16:26:06,698 ERROR com.iknow.stocktrackingbe.exception.ExceptionController [http-nio-8080-exec-2] Status: 403 Message: Access Denied
2022-08-03 16:26:08,216 TRACE org.springframework.security.web.authentication.AbstractAuthenticationProcessingFilter [http-nio-8080-exec-3] Did not match request to Ant [pattern='/login', POST]
2022-08-03 16:26:08,218 TRACE org.springframework.security.web.authentication.AbstractAuthenticationProcessingFilter [http-nio-8080-exec-3] Did not match request to Ant [pattern='/login', POST]
2022-08-03 16:26:08,219 ERROR com.iknow.stocktrackingbe.exception.ExceptionController [http-nio-8080-exec-3] Status: 403 Message: Access Denied
2022-08-03 16:26:51,749 INFO org.springframework.boot.StartupInfoLogger [restartedMain] Starting StockTrackingBeApplication using Java 11.0.15 on DESKTOP-OEEDDTC with PID 7452 (D:\stock-tracking-be\target\classes started by Dev in D:\stock-tracking-be)
2022-08-03 16:26:51,751 DEBUG org.springframework.boot.StartupInfoLogger [restartedMain] Running with Spring Boot v2.7.1, Spring v5.3.21
2022-08-03 16:26:51,752 INFO org.springframework.boot.SpringApplication [restartedMain] No active profile set, falling back to 1 default profile: "default"
2022-08-03 16:26:57,220 INFO org.springframework.boot.StartupInfoLogger [restartedMain] Started StockTrackingBeApplication in 6.391 seconds (JVM running for 7.694)
2022-08-03 16:26:59,102 TRACE org.springframework.security.web.authentication.AbstractAuthenticationProcessingFilter [http-nio-8080-exec-2] Did not match request to Ant [pattern='/login', POST]
2022-08-03 16:26:59,119 TRACE org.springframework.security.web.authentication.AbstractAuthenticationProcessingFilter [http-nio-8080-exec-2] Did not match request to Ant [pattern='/login', POST]
2022-08-03 16:26:59,199 ERROR com.iknow.stocktrackingbe.exception.ExceptionController [http-nio-8080-exec-2] Status: 403 Message: Access Denied
2022-08-03 16:27:00,433 TRACE org.springframework.security.web.authentication.AbstractAuthenticationProcessingFilter [http-nio-8080-exec-3] Did not match request to Ant [pattern='/login', POST]
2022-08-03 16:27:00,435 TRACE org.springframework.security.web.authentication.AbstractAuthenticationProcessingFilter [http-nio-8080-exec-3] Did not match request to Ant [pattern='/login', POST]
2022-08-03 16:27:00,436 ERROR com.iknow.stocktrackingbe.exception.ExceptionController [http-nio-8080-exec-3] Status: 403 Message: Access Denied
2022-08-03 16:27:12,687 TRACE org.springframework.security.web.authentication.AbstractAuthenticationProcessingFilter [http-nio-8080-exec-4] Did not match request to Ant [pattern='/login', POST]
2022-08-03 16:27:12,701 TRACE org.springframework.security.web.authentication.AbstractAuthenticationProcessingFilter [http-nio-8080-exec-4] Did not match request to Ant [pattern='/login', POST]
2022-08-03 16:27:12,702 ERROR com.iknow.stocktrackingbe.exception.ExceptionController [http-nio-8080-exec-4] Status: 404 Message: No message available
2022-08-03 16:27:16,937 TRACE org.springframework.security.web.authentication.AbstractAuthenticationProcessingFilter [http-nio-8080-exec-5] Did not match request to Ant [pattern='/login', POST]
2022-08-03 16:27:16,942 TRACE org.springframework.security.web.authentication.AbstractAuthenticationProcessingFilter [http-nio-8080-exec-5] Did not match request to Ant [pattern='/login', POST]
2022-08-03 16:27:16,945 ERROR com.iknow.stocktrackingbe.exception.ExceptionController [http-nio-8080-exec-5] Status: 403 Message: Access Denied
2022-08-03 16:30:51,468 INFO org.springframework.boot.StartupInfoLogger [restartedMain] Starting StockTrackingBeApplication using Java 11.0.15 on DESKTOP-OEEDDTC with PID 7452 (D:\stock-tracking-be\target\classes started by Dev in D:\stock-tracking-be)
2022-08-03 16:30:51,468 DEBUG org.springframework.boot.StartupInfoLogger [restartedMain] Running with Spring Boot v2.7.1, Spring v5.3.21
2022-08-03 16:30:51,481 INFO org.springframework.boot.SpringApplication [restartedMain] No active profile set, falling back to 1 default profile: "default"
2022-08-03 16:30:58,025 INFO org.springframework.boot.StartupInfoLogger [restartedMain] Starting StockTrackingBeApplication using Java 11.0.15 on DESKTOP-OEEDDTC with PID 7452 (D:\stock-tracking-be\target\classes started by Dev in D:\stock-tracking-be)
2022-08-03 16:30:58,025 DEBUG org.springframework.boot.StartupInfoLogger [restartedMain] Running with Spring Boot v2.7.1, Spring v5.3.21
2022-08-03 16:30:58,025 INFO org.springframework.boot.SpringApplication [restartedMain] No active profile set, falling back to 1 default profile: "default"
2022-08-03 16:31:01,030 INFO org.springframework.boot.StartupInfoLogger [restartedMain] Started StockTrackingBeApplication in 3.047 seconds (JVM running for 251.506)
2022-08-03 16:31:07,013 INFO org.springframework.boot.StartupInfoLogger [main] Starting StockTrackingBeApplicationTests using Java 11.0.15 on DESKTOP-OEEDDTC with PID 14112 (started by Dev in D:\stock-tracking-be)
2022-08-03 16:31:07,028 DEBUG org.springframework.boot.StartupInfoLogger [main] Running with Spring Boot v2.7.1, Spring v5.3.21
2022-08-03 16:31:07,028 INFO org.springframework.boot.SpringApplication [main] No active profile set, falling back to 1 default profile: "default"
2022-08-03 16:31:16,965 INFO org.springframework.boot.StartupInfoLogger [main] Started StockTrackingBeApplicationTests in 10.635 seconds (JVM running for 12.405)
2022-08-03 16:31:36,373 INFO org.springframework.boot.StartupInfoLogger [main] Starting StockTrackingBeApplicationTests using Java 11.0.15 on DESKTOP-OEEDDTC with PID 15512 (started by Dev in D:\stock-tracking-be)
2022-08-03 16:31:36,389 DEBUG org.springframework.boot.StartupInfoLogger [main] Running with Spring Boot v2.7.1, Spring v5.3.21
2022-08-03 16:31:36,389 INFO org.springframework.boot.SpringApplication [main] No active profile set, falling back to 1 default profile: "default"
2022-08-03 16:31:46,397 INFO org.springframework.boot.StartupInfoLogger [main] Started StockTrackingBeApplicationTests in 10.73 seconds (JVM running for 12.439)
2022-08-03 16:32:10,126 INFO org.springframework.boot.StartupInfoLogger [restartedMain] Starting StockTrackingBeApplication using Java 11.0.15 on DESKTOP-OEEDDTC with PID 16172 (D:\stock-tracking-be\target\classes started by Dev in D:\stock-tracking-be)
2022-08-03 16:32:10,128 DEBUG org.springframework.boot.StartupInfoLogger [restartedMain] Running with Spring Boot v2.7.1, Spring v5.3.21
2022-08-03 16:32:10,131 INFO org.springframework.boot.SpringApplication [restartedMain] No active profile set, falling back to 1 default profile: "default"
2022-08-03 16:32:17,522 INFO org.springframework.boot.StartupInfoLogger [restartedMain] Started StockTrackingBeApplication in 8.184 seconds (JVM running for 10.12)
2022-08-03 16:32:20,612 TRACE org.springframework.security.web.authentication.AbstractAuthenticationProcessingFilter [http-nio-8080-exec-2] Did not match request to Ant [pattern='/login', POST]
2022-08-03 16:32:20,631 TRACE org.springframework.security.web.authentication.AbstractAuthenticationProcessingFilter [http-nio-8080-exec-2] Did not match request to Ant [pattern='/login', POST]
2022-08-03 16:32:20,697 ERROR com.iknow.stocktrackingbe.exception.ExceptionController [http-nio-8080-exec-2] Status: 403 Message: Access Denied
2022-08-03 16:32:30,825 ERROR org.springframework.security.web.authentication.AbstractAuthenticationProcessingFilter [http-nio-8080-exec-3] An internal error occurred while trying to authenticate the user.
org.springframework.security.authentication.InternalAuthenticationServiceException: User not found!
	at org.springframework.security.authentication.dao.DaoAuthenticationProvider.retrieveUser(DaoAuthenticationProvider.java:108)
	at org.springframework.security.authentication.dao.AbstractUserDetailsAuthenticationProvider.authenticate(AbstractUserDetailsAuthenticationProvider.java:133)
	at org.springframework.security.authentication.ProviderManager.authenticate(ProviderManager.java:182)
	at org.springframework.security.authentication.ProviderManager.authenticate(ProviderManager.java:201)
	at org.springframework.security.config.annotation.web.configuration.WebSecurityConfigurerAdapter$AuthenticationManagerDelegator.authenticate(WebSecurityConfigurerAdapter.java:522)
	at com.iknow.stocktrackingbe.security.CustomAuthenticationFilter.attemptAuthentication(CustomAuthenticationFilter.java:45)
	at org.springframework.security.web.authentication.AbstractAuthenticationProcessingFilter.doFilter(AbstractAuthenticationProcessingFilter.java:227)
	at org.springframework.security.web.authentication.AbstractAuthenticationProcessingFilter.doFilter(AbstractAuthenticationProcessingFilter.java:217)
	at org.springframework.security.web.FilterChainProxy$VirtualFilterChain.doFilter(FilterChainProxy.java:336)
	at com.iknow.stocktrackingbe.security.CustomAuthorizationFilter.doFilterInternal(CustomAuthorizationFilter.java:32)
	at org.springframework.web.filter.OncePerRequestFilter.doFilter(OncePerRequestFilter.java:117)
	at org.springframework.security.web.FilterChainProxy$VirtualFilterChain.doFilter(FilterChainProxy.java:336)
	at org.springframework.security.web.authentication.logout.LogoutFilter.doFilter(LogoutFilter.java:103)
	at org.springframework.security.web.authentication.logout.LogoutFilter.doFilter(LogoutFilter.java:89)
	at org.springframework.security.web.FilterChainProxy$VirtualFilterChain.doFilter(FilterChainProxy.java:336)
	at org.springframework.security.web.header.HeaderWriterFilter.doHeadersAfter(HeaderWriterFilter.java:90)
	at org.springframework.security.web.header.HeaderWriterFilter.doFilterInternal(HeaderWriterFilter.java:75)
	at org.springframework.web.filter.OncePerRequestFilter.doFilter(OncePerRequestFilter.java:117)
	at org.springframework.security.web.FilterChainProxy$VirtualFilterChain.doFilter(FilterChainProxy.java:336)
	at org.springframework.security.web.context.SecurityContextPersistenceFilter.doFilter(SecurityContextPersistenceFilter.java:112)
	at org.springframework.security.web.context.SecurityContextPersistenceFilter.doFilter(SecurityContextPersistenceFilter.java:82)
	at org.springframework.security.web.FilterChainProxy$VirtualFilterChain.doFilter(FilterChainProxy.java:336)
	at org.springframework.security.web.context.request.async.WebAsyncManagerIntegrationFilter.doFilterInternal(WebAsyncManagerIntegrationFilter.java:55)
	at org.springframework.web.filter.OncePerRequestFilter.doFilter(OncePerRequestFilter.java:117)
	at org.springframework.security.web.FilterChainProxy$VirtualFilterChain.doFilter(FilterChainProxy.java:336)
	at org.springframework.security.web.session.DisableEncodeUrlFilter.doFilterInternal(DisableEncodeUrlFilter.java:42)
	at org.springframework.web.filter.OncePerRequestFilter.doFilter(OncePerRequestFilter.java:117)
	at org.springframework.security.web.FilterChainProxy$VirtualFilterChain.doFilter(FilterChainProxy.java:336)
	at org.springframework.security.web.FilterChainProxy.doFilterInternal(FilterChainProxy.java:211)
	at org.springframework.security.web.FilterChainProxy.doFilter(FilterChainProxy.java:183)
	at org.springframework.web.filter.DelegatingFilterProxy.invokeDelegate(DelegatingFilterProxy.java:354)
	at org.springframework.web.filter.DelegatingFilterProxy.doFilter(DelegatingFilterProxy.java:267)
	at org.apache.catalina.core.ApplicationFilterChain.internalDoFilter(ApplicationFilterChain.java:189)
	at org.apache.catalina.core.ApplicationFilterChain.doFilter(ApplicationFilterChain.java:162)
	at org.springframework.web.filter.RequestContextFilter.doFilterInternal(RequestContextFilter.java:100)
	at org.springframework.web.filter.OncePerRequestFilter.doFilter(OncePerRequestFilter.java:117)
	at org.apache.catalina.core.ApplicationFilterChain.internalDoFilter(ApplicationFilterChain.java:189)
	at org.apache.catalina.core.ApplicationFilterChain.doFilter(ApplicationFilterChain.java:162)
	at org.springframework.web.filter.FormContentFilter.doFilterInternal(FormContentFilter.java:93)
	at org.springframework.web.filter.OncePerRequestFilter.doFilter(OncePerRequestFilter.java:117)
	at org.apache.catalina.core.ApplicationFilterChain.internalDoFilter(ApplicationFilterChain.java:189)
	at org.apache.catalina.core.ApplicationFilterChain.doFilter(ApplicationFilterChain.java:162)
	at org.springframework.web.filter.CharacterEncodingFilter.doFilterInternal(CharacterEncodingFilter.java:201)
	at org.springframework.web.filter.OncePerRequestFilter.doFilter(OncePerRequestFilter.java:117)
	at org.apache.catalina.core.ApplicationFilterChain.internalDoFilter(ApplicationFilterChain.java:189)
	at org.apache.catalina.core.ApplicationFilterChain.doFilter(ApplicationFilterChain.java:162)
	at org.apache.catalina.core.StandardWrapperValve.invoke(StandardWrapperValve.java:197)
	at org.apache.catalina.core.StandardContextValve.invoke(StandardContextValve.java:97)
	at org.apache.catalina.authenticator.AuthenticatorBase.invoke(AuthenticatorBase.java:541)
	at org.apache.catalina.core.StandardHostValve.invoke(StandardHostValve.java:135)
	at org.apache.catalina.valves.ErrorReportValve.invoke(ErrorReportValve.java:92)
	at org.apache.catalina.core.StandardEngineValve.invoke(StandardEngineValve.java:78)
	at org.apache.catalina.connector.CoyoteAdapter.service(CoyoteAdapter.java:360)
	at org.apache.coyote.http11.Http11Processor.service(Http11Processor.java:399)
	at org.apache.coyote.AbstractProcessorLight.process(AbstractProcessorLight.java:65)
	at org.apache.coyote.AbstractProtocol$ConnectionHandler.process(AbstractProtocol.java:890)
	at org.apache.tomcat.util.net.NioEndpoint$SocketProcessor.doRun(NioEndpoint.java:1787)
	at org.apache.tomcat.util.net.SocketProcessorBase.run(SocketProcessorBase.java:49)
	at org.apache.tomcat.util.threads.ThreadPoolExecutor.runWorker(ThreadPoolExecutor.java:1191)
	at org.apache.tomcat.util.threads.ThreadPoolExecutor$Worker.run(ThreadPoolExecutor.java:659)
	at org.apache.tomcat.util.threads.TaskThread$WrappingRunnable.run(TaskThread.java:61)
	at java.base/java.lang.Thread.run(Thread.java:829)
Caused by: java.lang.IllegalStateException: User not found!
	at com.iknow.stocktrackingbe.service.UserService.lambda$loadUserByUsername$1(UserService.java:92)
	at java.base/java.util.Optional.orElseThrow(Optional.java:408)
	at com.iknow.stocktrackingbe.service.UserService.loadUserByUsername(UserService.java:92)
	at com.iknow.stocktrackingbe.service.UserService$$FastClassBySpringCGLIB$$7017d5cc.invoke(<generated>)
	at org.springframework.cglib.proxy.MethodProxy.invoke(MethodProxy.java:218)
	at org.springframework.aop.framework.CglibAopProxy$CglibMethodInvocation.invokeJoinpoint(CglibAopProxy.java:793)
	at org.springframework.aop.framework.ReflectiveMethodInvocation.proceed(ReflectiveMethodInvocation.java:163)
	at org.springframework.aop.framework.CglibAopProxy$CglibMethodInvocation.proceed(CglibAopProxy.java:763)
	at org.springframework.transaction.interceptor.TransactionInterceptor$1.proceedWithInvocation(TransactionInterceptor.java:123)
	at org.springframework.transaction.interceptor.TransactionAspectSupport.invokeWithinTransaction(TransactionAspectSupport.java:388)
	at org.springframework.transaction.interceptor.TransactionInterceptor.invoke(TransactionInterceptor.java:119)
	at org.springframework.aop.framework.ReflectiveMethodInvocation.proceed(ReflectiveMethodInvocation.java:186)
	at org.springframework.aop.framework.CglibAopProxy$CglibMethodInvocation.proceed(CglibAopProxy.java:763)
	at org.springframework.aop.framework.CglibAopProxy$DynamicAdvisedInterceptor.intercept(CglibAopProxy.java:708)
	at com.iknow.stocktrackingbe.service.UserService$$EnhancerBySpringCGLIB$$1e8528b0.loadUserByUsername(<generated>)
	at org.springframework.security.authentication.dao.DaoAuthenticationProvider.retrieveUser(DaoAuthenticationProvider.java:93)
	... 61 common frames omitted
2022-08-03 16:32:30,827 TRACE org.springframework.security.web.authentication.AbstractAuthenticationProcessingFilter [http-nio-8080-exec-3] Failed to process authentication request
org.springframework.security.authentication.InternalAuthenticationServiceException: User not found!
	at org.springframework.security.authentication.dao.DaoAuthenticationProvider.retrieveUser(DaoAuthenticationProvider.java:108)
	at org.springframework.security.authentication.dao.AbstractUserDetailsAuthenticationProvider.authenticate(AbstractUserDetailsAuthenticationProvider.java:133)
	at org.springframework.security.authentication.ProviderManager.authenticate(ProviderManager.java:182)
	at org.springframework.security.authentication.ProviderManager.authenticate(ProviderManager.java:201)
	at org.springframework.security.config.annotation.web.configuration.WebSecurityConfigurerAdapter$AuthenticationManagerDelegator.authenticate(WebSecurityConfigurerAdapter.java:522)
	at com.iknow.stocktrackingbe.security.CustomAuthenticationFilter.attemptAuthentication(CustomAuthenticationFilter.java:45)
	at org.springframework.security.web.authentication.AbstractAuthenticationProcessingFilter.doFilter(AbstractAuthenticationProcessingFilter.java:227)
	at org.springframework.security.web.authentication.AbstractAuthenticationProcessingFilter.doFilter(AbstractAuthenticationProcessingFilter.java:217)
	at org.springframework.security.web.FilterChainProxy$VirtualFilterChain.doFilter(FilterChainProxy.java:336)
	at com.iknow.stocktrackingbe.security.CustomAuthorizationFilter.doFilterInternal(CustomAuthorizationFilter.java:32)
	at org.springframework.web.filter.OncePerRequestFilter.doFilter(OncePerRequestFilter.java:117)
	at org.springframework.security.web.FilterChainProxy$VirtualFilterChain.doFilter(FilterChainProxy.java:336)
	at org.springframework.security.web.authentication.logout.LogoutFilter.doFilter(LogoutFilter.java:103)
	at org.springframework.security.web.authentication.logout.LogoutFilter.doFilter(LogoutFilter.java:89)
	at org.springframework.security.web.FilterChainProxy$VirtualFilterChain.doFilter(FilterChainProxy.java:336)
	at org.springframework.security.web.header.HeaderWriterFilter.doHeadersAfter(HeaderWriterFilter.java:90)
	at org.springframework.security.web.header.HeaderWriterFilter.doFilterInternal(HeaderWriterFilter.java:75)
	at org.springframework.web.filter.OncePerRequestFilter.doFilter(OncePerRequestFilter.java:117)
	at org.springframework.security.web.FilterChainProxy$VirtualFilterChain.doFilter(FilterChainProxy.java:336)
	at org.springframework.security.web.context.SecurityContextPersistenceFilter.doFilter(SecurityContextPersistenceFilter.java:112)
	at org.springframework.security.web.context.SecurityContextPersistenceFilter.doFilter(SecurityContextPersistenceFilter.java:82)
	at org.springframework.security.web.FilterChainProxy$VirtualFilterChain.doFilter(FilterChainProxy.java:336)
	at org.springframework.security.web.context.request.async.WebAsyncManagerIntegrationFilter.doFilterInternal(WebAsyncManagerIntegrationFilter.java:55)
	at org.springframework.web.filter.OncePerRequestFilter.doFilter(OncePerRequestFilter.java:117)
	at org.springframework.security.web.FilterChainProxy$VirtualFilterChain.doFilter(FilterChainProxy.java:336)
	at org.springframework.security.web.session.DisableEncodeUrlFilter.doFilterInternal(DisableEncodeUrlFilter.java:42)
	at org.springframework.web.filter.OncePerRequestFilter.doFilter(OncePerRequestFilter.java:117)
	at org.springframework.security.web.FilterChainProxy$VirtualFilterChain.doFilter(FilterChainProxy.java:336)
	at org.springframework.security.web.FilterChainProxy.doFilterInternal(FilterChainProxy.java:211)
	at org.springframework.security.web.FilterChainProxy.doFilter(FilterChainProxy.java:183)
	at org.springframework.web.filter.DelegatingFilterProxy.invokeDelegate(DelegatingFilterProxy.java:354)
	at org.springframework.web.filter.DelegatingFilterProxy.doFilter(DelegatingFilterProxy.java:267)
	at org.apache.catalina.core.ApplicationFilterChain.internalDoFilter(ApplicationFilterChain.java:189)
	at org.apache.catalina.core.ApplicationFilterChain.doFilter(ApplicationFilterChain.java:162)
	at org.springframework.web.filter.RequestContextFilter.doFilterInternal(RequestContextFilter.java:100)
	at org.springframework.web.filter.OncePerRequestFilter.doFilter(OncePerRequestFilter.java:117)
	at org.apache.catalina.core.ApplicationFilterChain.internalDoFilter(ApplicationFilterChain.java:189)
	at org.apache.catalina.core.ApplicationFilterChain.doFilter(ApplicationFilterChain.java:162)
	at org.springframework.web.filter.FormContentFilter.doFilterInternal(FormContentFilter.java:93)
	at org.springframework.web.filter.OncePerRequestFilter.doFilter(OncePerRequestFilter.java:117)
	at org.apache.catalina.core.ApplicationFilterChain.internalDoFilter(ApplicationFilterChain.java:189)
	at org.apache.catalina.core.ApplicationFilterChain.doFilter(ApplicationFilterChain.java:162)
	at org.springframework.web.filter.CharacterEncodingFilter.doFilterInternal(CharacterEncodingFilter.java:201)
	at org.springframework.web.filter.OncePerRequestFilter.doFilter(OncePerRequestFilter.java:117)
	at org.apache.catalina.core.ApplicationFilterChain.internalDoFilter(ApplicationFilterChain.java:189)
	at org.apache.catalina.core.ApplicationFilterChain.doFilter(ApplicationFilterChain.java:162)
	at org.apache.catalina.core.StandardWrapperValve.invoke(StandardWrapperValve.java:197)
	at org.apache.catalina.core.StandardContextValve.invoke(StandardContextValve.java:97)
	at org.apache.catalina.authenticator.AuthenticatorBase.invoke(AuthenticatorBase.java:541)
	at org.apache.catalina.core.StandardHostValve.invoke(StandardHostValve.java:135)
	at org.apache.catalina.valves.ErrorReportValve.invoke(ErrorReportValve.java:92)
	at org.apache.catalina.core.StandardEngineValve.invoke(StandardEngineValve.java:78)
	at org.apache.catalina.connector.CoyoteAdapter.service(CoyoteAdapter.java:360)
	at org.apache.coyote.http11.Http11Processor.service(Http11Processor.java:399)
	at org.apache.coyote.AbstractProcessorLight.process(AbstractProcessorLight.java:65)
	at org.apache.coyote.AbstractProtocol$ConnectionHandler.process(AbstractProtocol.java:890)
	at org.apache.tomcat.util.net.NioEndpoint$SocketProcessor.doRun(NioEndpoint.java:1787)
	at org.apache.tomcat.util.net.SocketProcessorBase.run(SocketProcessorBase.java:49)
	at org.apache.tomcat.util.threads.ThreadPoolExecutor.runWorker(ThreadPoolExecutor.java:1191)
	at org.apache.tomcat.util.threads.ThreadPoolExecutor$Worker.run(ThreadPoolExecutor.java:659)
	at org.apache.tomcat.util.threads.TaskThread$WrappingRunnable.run(TaskThread.java:61)
	at java.base/java.lang.Thread.run(Thread.java:829)
Caused by: java.lang.IllegalStateException: User not found!
	at com.iknow.stocktrackingbe.service.UserService.lambda$loadUserByUsername$1(UserService.java:92)
	at java.base/java.util.Optional.orElseThrow(Optional.java:408)
	at com.iknow.stocktrackingbe.service.UserService.loadUserByUsername(UserService.java:92)
	at com.iknow.stocktrackingbe.service.UserService$$FastClassBySpringCGLIB$$7017d5cc.invoke(<generated>)
	at org.springframework.cglib.proxy.MethodProxy.invoke(MethodProxy.java:218)
	at org.springframework.aop.framework.CglibAopProxy$CglibMethodInvocation.invokeJoinpoint(CglibAopProxy.java:793)
	at org.springframework.aop.framework.ReflectiveMethodInvocation.proceed(ReflectiveMethodInvocation.java:163)
	at org.springframework.aop.framework.CglibAopProxy$CglibMethodInvocation.proceed(CglibAopProxy.java:763)
	at org.springframework.transaction.interceptor.TransactionInterceptor$1.proceedWithInvocation(TransactionInterceptor.java:123)
	at org.springframework.transaction.interceptor.TransactionAspectSupport.invokeWithinTransaction(TransactionAspectSupport.java:388)
	at org.springframework.transaction.interceptor.TransactionInterceptor.invoke(TransactionInterceptor.java:119)
	at org.springframework.aop.framework.ReflectiveMethodInvocation.proceed(ReflectiveMethodInvocation.java:186)
	at org.springframework.aop.framework.CglibAopProxy$CglibMethodInvocation.proceed(CglibAopProxy.java:763)
	at org.springframework.aop.framework.CglibAopProxy$DynamicAdvisedInterceptor.intercept(CglibAopProxy.java:708)
	at com.iknow.stocktrackingbe.service.UserService$$EnhancerBySpringCGLIB$$1e8528b0.loadUserByUsername(<generated>)
	at org.springframework.security.authentication.dao.DaoAuthenticationProvider.retrieveUser(DaoAuthenticationProvider.java:93)
	... 61 common frames omitted
2022-08-03 16:32:30,827 TRACE org.springframework.security.web.authentication.AbstractAuthenticationProcessingFilter [http-nio-8080-exec-3] Cleared SecurityContextHolder
2022-08-03 16:32:30,828 TRACE org.springframework.security.web.authentication.AbstractAuthenticationProcessingFilter [http-nio-8080-exec-3] Handling authentication failure
2022-08-03 16:32:30,829 TRACE org.springframework.security.web.authentication.AbstractAuthenticationProcessingFilter [http-nio-8080-exec-3] Did not match request to Ant [pattern='/login', POST]
2022-08-03 16:32:30,830 ERROR com.iknow.stocktrackingbe.exception.ExceptionController [http-nio-8080-exec-3] Status: 401 Message: Unauthorized
2022-08-03 16:33:22,791 INFO org.springframework.boot.StartupInfoLogger [restartedMain] Starting StockTrackingBeApplication using Java 11.0.15 on DESKTOP-OEEDDTC with PID 15472 (D:\stock-tracking-be\target\classes started by Dev in D:\stock-tracking-be)
2022-08-03 16:33:22,791 DEBUG org.springframework.boot.StartupInfoLogger [restartedMain] Running with Spring Boot v2.7.1, Spring v5.3.21
2022-08-03 16:33:22,791 INFO org.springframework.boot.SpringApplication [restartedMain] No active profile set, falling back to 1 default profile: "default"
2022-08-03 16:33:28,045 INFO org.springframework.boot.StartupInfoLogger [restartedMain] Started StockTrackingBeApplication in 5.964 seconds (JVM running for 7.379)
2022-08-03 16:33:54,946 TRACE org.springframework.security.web.authentication.AbstractAuthenticationProcessingFilter [http-nio-8080-exec-1] Did not match request to Ant [pattern='/login', POST]
2022-08-03 16:33:54,963 TRACE org.springframework.security.web.authentication.AbstractAuthenticationProcessingFilter [http-nio-8080-exec-1] Did not match request to Ant [pattern='/login', POST]
2022-08-03 16:33:55,015 ERROR com.iknow.stocktrackingbe.exception.ExceptionController [http-nio-8080-exec-1] Status: 403 Message: Access Denied
2022-08-03 16:34:31,148 INFO org.springframework.boot.StartupInfoLogger [restartedMain] Starting StockTrackingBeApplication using Java 11.0.15 on DESKTOP-OEEDDTC with PID 17104 (D:\stock-tracking-be\target\classes started by Dev in D:\stock-tracking-be)
2022-08-03 16:34:31,148 DEBUG org.springframework.boot.StartupInfoLogger [restartedMain] Running with Spring Boot v2.7.1, Spring v5.3.21
2022-08-03 16:34:31,148 INFO org.springframework.boot.SpringApplication [restartedMain] No active profile set, falling back to 1 default profile: "default"
2022-08-03 16:34:35,853 INFO org.springframework.boot.StartupInfoLogger [restartedMain] Started StockTrackingBeApplication in 5.364 seconds (JVM running for 6.613)
2022-08-03 16:34:40,309 TRACE org.springframework.security.web.authentication.AbstractAuthenticationProcessingFilter [http-nio-8080-exec-2] Did not match request to Ant [pattern='/login', POST]
2022-08-03 16:34:40,552 INFO com.iknow.stocktrackingbe.service.UserService [http-nio-8080-exec-2] Service Called: createAppUser
2022-08-03 16:35:38,242 INFO org.springframework.boot.StartupInfoLogger [restartedMain] Starting StockTrackingBeApplication using Java 11.0.15 on DESKTOP-OEEDDTC with PID 17104 (D:\stock-tracking-be\target\classes started by Dev in D:\stock-tracking-be)
2022-08-03 16:35:38,242 DEBUG org.springframework.boot.StartupInfoLogger [restartedMain] Running with Spring Boot v2.7.1, Spring v5.3.21
2022-08-03 16:35:38,242 INFO org.springframework.boot.SpringApplication [restartedMain] No active profile set, falling back to 1 default profile: "default"
2022-08-03 16:35:44,810 INFO org.springframework.boot.StartupInfoLogger [restartedMain] Starting StockTrackingBeApplication using Java 11.0.15 on DESKTOP-OEEDDTC with PID 17104 (D:\stock-tracking-be\target\classes started by Dev in D:\stock-tracking-be)
2022-08-03 16:35:44,810 DEBUG org.springframework.boot.StartupInfoLogger [restartedMain] Running with Spring Boot v2.7.1, Spring v5.3.21
2022-08-03 16:35:44,810 INFO org.springframework.boot.SpringApplication [restartedMain] No active profile set, falling back to 1 default profile: "default"
2022-08-03 16:35:48,796 INFO org.springframework.boot.StartupInfoLogger [restartedMain] Started StockTrackingBeApplication in 4.116 seconds (JVM running for 79.559)
2022-08-03 16:35:49,612 INFO org.springframework.boot.StartupInfoLogger [main] Starting StockTrackingBeApplicationTests using Java 11.0.15 on DESKTOP-OEEDDTC with PID 1164 (started by Dev in D:\stock-tracking-be)
2022-08-03 16:35:49,628 DEBUG org.springframework.boot.StartupInfoLogger [main] Running with Spring Boot v2.7.1, Spring v5.3.21
2022-08-03 16:35:49,628 INFO org.springframework.boot.SpringApplication [main] No active profile set, falling back to 1 default profile: "default"
2022-08-03 16:36:00,623 INFO org.springframework.boot.StartupInfoLogger [main] Started StockTrackingBeApplicationTests in 11.68 seconds (JVM running for 14.005)
2022-08-03 22:55:58,151 INFO org.springframework.boot.StartupInfoLogger [restartedMain] Starting StockTrackingBeApplication using Java 11.0.15 on DESKTOP-OEEDDTC with PID 11392 (D:\stock-tracking-be\target\classes started by Dev in D:\stock-tracking-be)
2022-08-03 22:55:58,153 DEBUG org.springframework.boot.StartupInfoLogger [restartedMain] Running with Spring Boot v2.7.1, Spring v5.3.21
2022-08-03 22:55:58,154 INFO org.springframework.boot.SpringApplication [restartedMain] No active profile set, falling back to 1 default profile: "default"
2022-08-03 22:56:06,958 INFO org.springframework.boot.StartupInfoLogger [restartedMain] Started StockTrackingBeApplication in 9.911 seconds (JVM running for 11.613)
2022-08-03 22:56:09,670 TRACE org.springframework.security.web.authentication.AbstractAuthenticationProcessingFilter [http-nio-8080-exec-1] Did not match request to Ant [pattern='/login', POST]
2022-08-03 22:56:09,688 TRACE org.springframework.security.web.authentication.AbstractAuthenticationProcessingFilter [http-nio-8080-exec-1] Did not match request to Ant [pattern='/login', POST]
2022-08-03 22:56:09,764 ERROR com.iknow.stocktrackingbe.exception.ExceptionController [http-nio-8080-exec-1] Status: 403 Message: Access Denied
2022-08-03 23:00:07,004 INFO org.springframework.boot.StartupInfoLogger [restartedMain] Starting StockTrackingBeApplication using Java 11.0.15 on DESKTOP-OEEDDTC with PID 4288 (D:\stock-tracking-be\target\classes started by Dev in D:\stock-tracking-be)
2022-08-03 23:00:07,004 DEBUG org.springframework.boot.StartupInfoLogger [restartedMain] Running with Spring Boot v2.7.1, Spring v5.3.21
2022-08-03 23:00:07,004 INFO org.springframework.boot.SpringApplication [restartedMain] No active profile set, falling back to 1 default profile: "default"
2022-08-03 23:00:11,991 INFO org.springframework.boot.StartupInfoLogger [restartedMain] Started StockTrackingBeApplication in 5.626 seconds (JVM running for 7.004)
2022-08-03 23:00:33,057 TRACE org.springframework.security.web.authentication.AbstractAuthenticationProcessingFilter [http-nio-8080-exec-2] Did not match request to Ant [pattern='/login', POST]
2022-08-03 23:00:33,069 TRACE org.springframework.security.web.authentication.AbstractAuthenticationProcessingFilter [http-nio-8080-exec-2] Did not match request to Ant [pattern='/login', POST]
2022-08-03 23:00:33,111 ERROR com.iknow.stocktrackingbe.exception.ExceptionController [http-nio-8080-exec-2] Status: 403 Message: Access Denied
2022-08-03 23:00:35,713 TRACE org.springframework.security.web.authentication.AbstractAuthenticationProcessingFilter [http-nio-8080-exec-3] Did not match request to Ant [pattern='/login', POST]
2022-08-03 23:00:35,716 TRACE org.springframework.security.web.authentication.AbstractAuthenticationProcessingFilter [http-nio-8080-exec-3] Did not match request to Ant [pattern='/login', POST]
2022-08-03 23:00:35,718 ERROR com.iknow.stocktrackingbe.exception.ExceptionController [http-nio-8080-exec-3] Status: 403 Message: Access Denied
2022-08-03 23:05:01,636 INFO org.springframework.boot.StartupInfoLogger [restartedMain] Starting StockTrackingBeApplication using Java 11.0.15 on DESKTOP-OEEDDTC with PID 13832 (D:\stock-tracking-be\target\classes started by Dev in D:\stock-tracking-be)
2022-08-03 23:05:01,636 DEBUG org.springframework.boot.StartupInfoLogger [restartedMain] Running with Spring Boot v2.7.1, Spring v5.3.21
2022-08-03 23:05:01,636 INFO org.springframework.boot.SpringApplication [restartedMain] No active profile set, falling back to 1 default profile: "default"
2022-08-03 23:05:06,694 INFO org.springframework.boot.StartupInfoLogger [restartedMain] Started StockTrackingBeApplication in 5.74 seconds (JVM running for 7.629)
2022-08-03 23:05:13,236 INFO com.iknow.stocktrackingbe.service.UserService [http-nio-8080-exec-1] Service Called: createAppUser
2022-08-03 23:07:09,244 TRACE org.springframework.security.web.authentication.AbstractAuthenticationProcessingFilter [http-nio-8080-exec-5] Did not match request to Ant [pattern='/login', POST]
2022-08-03 23:07:09,250 TRACE org.springframework.security.web.authentication.AbstractAuthenticationProcessingFilter [http-nio-8080-exec-5] Did not match request to Ant [pattern='/login', POST]
2022-08-03 23:07:09,262 ERROR com.iknow.stocktrackingbe.exception.ExceptionController [http-nio-8080-exec-5] Status: 403 Message: Access Denied
