2022-08-11 10:53:07,419 ERROR com.iknow.stocktrackingbe.exception.ExceptionController [http-nio-8080-exec-2] Status: 401 Message: Invalid authentication
2022-08-11 10:53:18,447 ERROR com.iknow.stocktrackingbe.exception.ExceptionController [http-nio-8080-exec-1] Status: 401 Message: Invalid authentication
2022-08-11 10:55:01,582 ERROR com.iknow.stocktrackingbe.exception.ExceptionController [http-nio-8080-exec-4] Status: 401 Message: Invalid authentication
2022-08-11 10:55:55,450 ERROR com.iknow.stocktrackingbe.exception.ExceptionController [http-nio-8080-exec-7] Status: 401 Message: Invalid authentication
2022-08-11 10:57:41,397 ERROR com.iknow.stocktrackingbe.exception.ExceptionController [http-nio-8080-exec-2] Status: 401 Message: Request processing failed; nested exception is org.springframework.dao.DataIntegrityViolationException: could not execute statement; SQL [n/a]; constraint [product_ingredient.UK_1xpn3gpd294j531qgyw746u7s]; nested exception is org.hibernate.exception.ConstraintViolationException: could not execute statement
2022-08-11 10:58:42,171 ERROR com.iknow.stocktrackingbe.exception.ExceptionController [http-nio-8080-exec-1] Status: 500 Message: could not execute statement; SQL [n/a]; constraint [product_ingredient.UK_1xpn3gpd294j531qgyw746u7s]; nested exception is org.hibernate.exception.ConstraintViolationException: could not execute statement
2022-08-11 11:04:54,027 ERROR com.iknow.stocktrackingbe.exception.ExceptionController [http-nio-8080-exec-2] Status: 401 Message: Request processing failed; nested exception is org.springframework.dao.DataIntegrityViolationException: could not execute statement; SQL [n/a]; constraint [product_ingredient.UK_1xpn3gpd294j531qgyw746u7s]; nested exception is org.hibernate.exception.ConstraintViolationException: could not execute statement
2022-08-11 11:05:55,996 ERROR com.iknow.stocktrackingbe.exception.ExceptionController [http-nio-8080-exec-2] Status: 200 Message: Request processing failed; nested exception is org.springframework.dao.DataIntegrityViolationException: could not execute statement; SQL [n/a]; constraint [product_ingredient.UK_1xpn3gpd294j531qgyw746u7s]; nested exception is org.hibernate.exception.ConstraintViolationException: could not execute statement
2022-08-11 11:08:08,230 ERROR com.iknow.stocktrackingbe.exception.ExceptionController [http-nio-8080-exec-5] Status: 200 Message: Request processing failed; nested exception is org.springframework.dao.DataIntegrityViolationException: could not execute statement; SQL [n/a]; constraint [product_ingredient.UK_1xpn3gpd294j531qgyw746u7s]; nested exception is org.hibernate.exception.ConstraintViolationException: could not execute statement
2022-08-11 11:12:39,612 ERROR com.iknow.stocktrackingbe.exception.ExceptionController [http-nio-8080-exec-1] Status: 500 Message: could not execute statement; SQL [n/a]; constraint [product_ingredient.UK_1xpn3gpd294j531qgyw746u7s]; nested exception is org.hibernate.exception.ConstraintViolationException: could not execute statement
2022-08-11 11:15:01,010 ERROR com.iknow.stocktrackingbe.exception.ExceptionController [http-nio-8080-exec-3] Status: 500 Message: could not execute statement; SQL [n/a]; constraint [product_ingredient.UK_1xpn3gpd294j531qgyw746u7s]; nested exception is org.hibernate.exception.ConstraintViolationException: could not execute statement
2022-08-11 11:15:09,360 ERROR com.iknow.stocktrackingbe.exception.ExceptionController [http-nio-8080-exec-5] Status: 500 Message: Access Denied
2022-08-11 11:15:17,505 ERROR com.iknow.stocktrackingbe.exception.ExceptionController [http-nio-8080-exec-7] Status: 500 Message: Access Denied
2022-08-11 11:15:45,557 ERROR com.iknow.stocktrackingbe.exception.ExceptionController [http-nio-8080-exec-9] Status: 500 Message: could not execute statement; SQL [n/a]; constraint [product_ingredient.UK_1xpn3gpd294j531qgyw746u7s]; nested exception is org.hibernate.exception.ConstraintViolationException: could not execute statement
2022-08-11 11:19:16,774 ERROR com.iknow.stocktrackingbe.exception.ExceptionController [http-nio-8080-exec-1] Status: 401 Message: Request processing failed; nested exception is java.lang.IllegalStateException: This ingredient already exists
2022-08-11 11:19:59,141 ERROR com.iknow.stocktrackingbe.exception.ExceptionController [http-nio-8080-exec-1] Status: 500 Message: This ingredient already exists
2022-08-11 11:20:47,239 ERROR com.iknow.stocktrackingbe.exception.ExceptionController [http-nio-8080-exec-2] Status: 500 Message: Access Denied
2022-08-11 11:20:51,307 ERROR com.iknow.stocktrackingbe.exception.ExceptionController [http-nio-8080-exec-4] Status: 500 Message: Access Denied
2022-08-11 11:21:21,878 ERROR com.iknow.stocktrackingbe.exception.ExceptionController [http-nio-8080-exec-2] Status: 401 Message: Invalid token
2022-08-11 11:21:23,853 ERROR com.iknow.stocktrackingbe.exception.ExceptionController [http-nio-8080-exec-3] Status: 401 Message: Invalid token
2022-08-11 11:22:31,604 ERROR com.iknow.stocktrackingbe.exception.ExceptionController [http-nio-8080-exec-10] Status: 405 Message: Request method 'GET' not supported
2022-08-11 11:22:49,588 ERROR com.iknow.stocktrackingbe.exception.ExceptionController [http-nio-8080-exec-7] Status: 400 Message: This ingredient already exists
2022-08-11 11:24:49,384 ERROR com.iknow.stocktrackingbe.exception.ExceptionController [http-nio-8080-exec-5] Status: 400 Message: JSON parse error: Unexpected end-of-input: expected close marker for Object (start marker at [Source: (org.springframework.util.StreamUtils$NonClosingInputStream); line: 1, column: 1]); nested exception is com.fasterxml.jackson.core.io.JsonEOFException: Unexpected end-of-input: expected close marker for Object (start marker at [Source: (org.springframework.util.StreamUtils$NonClosingInputStream); line: 1, column: 1])
 at [Source: (org.springframework.util.StreamUtils$NonClosingInputStream); line: 13, column: 1]
2022-08-11 11:25:45,301 ERROR com.iknow.stocktrackingbe.exception.ExceptionController [http-nio-8080-exec-2] Status: 401 Message: Request processing failed; nested exception is javax.validation.UnexpectedTypeException: HV000030: No validator could be found for constraint 'javax.validation.constraints.NotEmpty' validating type 'java.math.BigDecimal'. Check configuration for 'price'
2022-08-11 11:28:05,137 ERROR com.iknow.stocktrackingbe.exception.ExceptionController [http-nio-8080-exec-3] Status: 401 Message: Request processing failed; nested exception is org.springframework.dao.DataIntegrityViolationException: could not execute statement; SQL [n/a]; constraint [product.UK_383i0awxqlq7pc33hil7afbgo]; nested exception is org.hibernate.exception.ConstraintViolationException: could not execute statement
2022-08-11 12:30:02,184 ERROR com.iknow.stocktrackingbe.exception.ExceptionController [http-nio-8080-exec-2] Status: 400 Message: This ingredient already exists
2022-08-11 12:30:14,824 WARN com.iknow.stocktrackingbe.service.ProductService [http-nio-8080-exec-5] Producturun 1 already exists
2022-08-11 12:30:14,829 ERROR com.iknow.stocktrackingbe.exception.ExceptionController [http-nio-8080-exec-5] Status: 400 Message: This product already exists
2022-08-11 12:30:21,677 ERROR com.iknow.stocktrackingbe.exception.ExceptionController [http-nio-8080-exec-7] Status: 401 Message: Handler dispatch failed; nested exception is java.lang.StackOverflowError
2022-08-11 12:31:18,231 ERROR com.iknow.stocktrackingbe.exception.ExceptionController [http-nio-8080-exec-8] Status: 401 Message: Handler dispatch failed; nested exception is java.lang.StackOverflowError
2022-08-11 12:37:49,454 ERROR com.iknow.stocktrackingbe.exception.ExceptionController [http-nio-8080-exec-2] Status: 401 Message: Handler dispatch failed; nested exception is java.lang.StackOverflowError
2022-08-11 13:38:24,526 WARN com.iknow.stocktrackingbe.service.ProductService [http-nio-8080-exec-3] Producturun 2 already exists
2022-08-11 13:38:24,547 ERROR com.iknow.stocktrackingbe.exception.ExceptionController [http-nio-8080-exec-3] Status: 400 Message: This product already exists
2022-08-11 13:38:50,324 ERROR com.iknow.stocktrackingbe.exception.ExceptionController [http-nio-8080-exec-5] Status: 405 Message: Request method 'GET' not supported
2022-08-11 14:03:09,305 ERROR com.iknow.stocktrackingbe.exception.ExceptionController [http-nio-8080-exec-7] Status: 405 Message: Request method 'GET' not supported
2022-08-11 14:11:51,067 ERROR com.iknow.stocktrackingbe.exception.ExceptionController [http-nio-8080-exec-4] Status: 405 Message: Request method 'POST' not supported
2022-08-11 14:18:50,225 ERROR com.iknow.stocktrackingbe.exception.ExceptionController [http-nio-8080-exec-2] Status: 400 Message: Validation failed for object='userRegisterRequest'. Error count: 1
2022-08-11 14:19:16,305 ERROR com.iknow.stocktrackingbe.exception.ExceptionController [http-nio-8080-exec-2] Status: 500 Message: User already exists
2022-08-11 14:19:22,491 ERROR com.iknow.stocktrackingbe.exception.ExceptionController [http-nio-8080-exec-4] Status: 500 Message: Validation failed for classes [com.iknow.stocktrackingbe.model.user.User] during persist time for groups [javax.validation.groups.Default, ]
List of constraint violations:[
	ConstraintViolationImpl{interpolatedMessage='boyut '8' ile '15' arasında olmalı', propertyPath=password, rootBeanClass=class com.iknow.stocktrackingbe.model.user.User, messageTemplate='{javax.validation.constraints.Size.message}'}
]
2022-08-11 14:19:56,622 ERROR com.iknow.stocktrackingbe.exception.ExceptionController [http-nio-8080-exec-6] Status: 400 Message: Validation failed for object='userRegisterRequest'. Error count: 1
2022-08-11 14:20:01,243 ERROR com.iknow.stocktrackingbe.exception.ExceptionController [http-nio-8080-exec-8] Status: 500 Message: Validation failed for classes [com.iknow.stocktrackingbe.model.user.User] during persist time for groups [javax.validation.groups.Default, ]
List of constraint violations:[
	ConstraintViolationImpl{interpolatedMessage='boyut '8' ile '15' arasında olmalı', propertyPath=password, rootBeanClass=class com.iknow.stocktrackingbe.model.user.User, messageTemplate='{javax.validation.constraints.Size.message}'}
]
2022-08-11 14:20:22,991 ERROR com.iknow.stocktrackingbe.exception.ExceptionController [http-nio-8080-exec-10] Status: 500 Message: Validation failed for classes [com.iknow.stocktrackingbe.model.user.User] during persist time for groups [javax.validation.groups.Default, ]
List of constraint violations:[
	ConstraintViolationImpl{interpolatedMessage='boyut '8' ile '15' arasında olmalı', propertyPath=password, rootBeanClass=class com.iknow.stocktrackingbe.model.user.User, messageTemplate='{javax.validation.constraints.Size.message}'}
]
2022-08-11 14:20:48,870 ERROR com.iknow.stocktrackingbe.exception.ExceptionController [http-nio-8080-exec-3] Status: 500 Message: User already exists
2022-08-11 14:25:50,758 ERROR com.iknow.stocktrackingbe.exception.ExceptionController [http-nio-8080-exec-2] Status: 401 Message: Invalid token
2022-08-11 14:25:53,210 ERROR com.iknow.stocktrackingbe.exception.ExceptionController [http-nio-8080-exec-3] Status: 401 Message: Invalid token
2022-08-11 14:25:59,786 ERROR com.iknow.stocktrackingbe.exception.ExceptionController [http-nio-8080-exec-4] Status: 400 Message: Validation failed for object='loginRequest'. Error count: 1
2022-08-11 14:26:16,405 ERROR com.iknow.stocktrackingbe.exception.ExceptionController [http-nio-8080-exec-5] Status: 500 Message: User already exists
2022-08-11 14:26:45,642 ERROR com.iknow.stocktrackingbe.exception.ExceptionController [http-nio-8080-exec-9] Status: 401 Message: Request processing failed; nested exception is javax.validation.UnexpectedTypeException: HV000030: No validator could be found for constraint 'javax.validation.constraints.NotEmpty' validating type 'com.iknow.stocktrackingbe.model.Address'. Check configuration for 'address'
2022-08-11 14:35:25,189 ERROR com.iknow.stocktrackingbe.exception.ExceptionController [http-nio-8080-exec-3] Status: 401 Message: Invalid token
2022-08-11 14:36:31,036 ERROR com.iknow.stocktrackingbe.exception.ExceptionController [http-nio-8080-exec-4] Status: 401 Message: Request processing failed; nested exception is java.lang.IllegalStateException: This product already exists in this warehouse
2022-08-11 14:42:52,536 ERROR com.iknow.stocktrackingbe.exception.ExceptionController [http-nio-8080-exec-2] Status: 500 Message: This product already exists in this warehouse
2022-08-11 14:43:46,714 ERROR com.iknow.stocktrackingbe.exception.ExceptionController [http-nio-8080-exec-1] Status: 400 Message: This product already exists in this warehouse
2022-08-11 14:50:09,382 ERROR com.iknow.stocktrackingbe.exception.ExceptionController [http-nio-8080-exec-1] Status: 500 Message: User already exists
