2022-07-27 00:14:38,582 WARN com.iknow.stocktrackingbe.service.PrescriptionService [http-nio-8080-exec-5] Prescription does not exist
2022-07-27 00:16:31,401 WARN com.iknow.stocktrackingbe.service.PrescriptionService [http-nio-8080-exec-1] Prescription does not exist
2022-07-27 00:16:33,921 WARN com.iknow.stocktrackingbe.service.PrescriptionService [http-nio-8080-exec-3] Prescription does not exist
2022-07-27 10:58:00,604 WARN com.iknow.stocktrackingbe.service.PrescriptionService [http-nio-8080-exec-6] Prescription does not exist
2022-07-27 11:02:26,810 ERROR com.iknow.stocktrackingbe.exception.ExceptionController [http-nio-8080-exec-2] Status: 400Message: Validation failed for object='prescription'. Error count: 2
2022-07-27 11:05:28,523 ERROR com.iknow.stocktrackingbe.exception.ExceptionController [http-nio-8080-exec-4] Status: 404Message: No message available
2022-07-27 11:05:44,843 ERROR com.iknow.stocktrackingbe.exception.ExceptionController [http-nio-8080-exec-5] Status: 400Message: Validation failed for object='prescription'. Error count: 2
2022-07-27 11:55:34,364 ERROR com.iknow.stocktrackingbe.exception.ExceptionController [http-nio-8080-exec-10] Status: 404Message: No message available
2022-07-27 14:10:40,711 ERROR com.iknow.stocktrackingbe.exception.ExceptionController [http-nio-8080-exec-1] Status: 400 Message: JSON parse error: Unexpected character ('}' (code 125)): was expecting double-quote to start field name; nested exception is com.fasterxml.jackson.core.JsonParseException: Unexpected character ('}' (code 125)): was expecting double-quote to start field name
 at [Source: (org.springframework.util.StreamUtils$NonClosingInputStream); line: 7, column: 2]
2022-07-27 14:10:48,912 ERROR com.iknow.stocktrackingbe.exception.ExceptionController [http-nio-8080-exec-4] Status: 500 Message: Could not commit JPA transaction; nested exception is javax.persistence.RollbackException: Error while committing the transaction
2022-07-27 14:18:43,073 ERROR com.iknow.stocktrackingbe.exception.ExceptionController [http-nio-8080-exec-2] Status: 500 Message: Could not commit JPA transaction; nested exception is javax.persistence.RollbackException: Error while committing the transaction
2022-07-27 14:23:04,351 ERROR com.iknow.stocktrackingbe.exception.ExceptionController [http-nio-8080-exec-3] Status: 400 Message: JSON parse error: Unexpected character ('}' (code 125)): was expecting double-quote to start field name; nested exception is com.fasterxml.jackson.core.JsonParseException: Unexpected character ('}' (code 125)): was expecting double-quote to start field name
 at [Source: (org.springframework.util.StreamUtils$NonClosingInputStream); line: 8, column: 2]
2022-07-27 14:23:10,318 ERROR com.iknow.stocktrackingbe.exception.ExceptionController [http-nio-8080-exec-5] Status: 500 Message: Could not commit JPA transaction; nested exception is javax.persistence.RollbackException: Error while committing the transaction
2022-07-27 14:23:31,663 ERROR com.iknow.stocktrackingbe.exception.ExceptionController [http-nio-8080-exec-7] Status: 500 Message: Could not commit JPA transaction; nested exception is javax.persistence.RollbackException: Error while committing the transaction
2022-07-27 14:23:52,056 ERROR com.iknow.stocktrackingbe.exception.ExceptionController [http-nio-8080-exec-10] Status: 500 Message: Could not commit JPA transaction; nested exception is javax.persistence.RollbackException: Error while committing the transaction
2022-07-27 14:23:57,047 ERROR com.iknow.stocktrackingbe.exception.ExceptionController [http-nio-8080-exec-2] Status: 500 Message: Could not commit JPA transaction; nested exception is javax.persistence.RollbackException: Error while committing the transaction
2022-07-27 14:25:02,140 ERROR com.iknow.stocktrackingbe.exception.ExceptionController [http-nio-8080-exec-3] Status: 500 Message: Could not commit JPA transaction; nested exception is javax.persistence.RollbackException: Error while committing the transaction
2022-07-27 14:25:26,348 ERROR com.iknow.stocktrackingbe.exception.ExceptionController [http-nio-8080-exec-5] Status: 500 Message: Could not commit JPA transaction; nested exception is javax.persistence.RollbackException: Error while committing the transaction
2022-07-27 14:25:48,885 ERROR com.iknow.stocktrackingbe.exception.ExceptionController [http-nio-8080-exec-2] Status: 500 Message: Could not commit JPA transaction; nested exception is javax.persistence.RollbackException: Error while committing the transaction
2022-07-27 14:25:50,398 ERROR com.iknow.stocktrackingbe.exception.ExceptionController [http-nio-8080-exec-4] Status: 500 Message: Could not commit JPA transaction; nested exception is javax.persistence.RollbackException: Error while committing the transaction
2022-07-27 14:26:40,448 ERROR com.iknow.stocktrackingbe.exception.ExceptionController [http-nio-8080-exec-6] Status: 500 Message: Could not commit JPA transaction; nested exception is javax.persistence.RollbackException: Error while committing the transaction
2022-07-27 14:27:41,183 ERROR com.iknow.stocktrackingbe.exception.ExceptionController [http-nio-8080-exec-2] Status: 500 Message: Could not commit JPA transaction; nested exception is javax.persistence.RollbackException: Error while committing the transaction
2022-07-27 14:27:50,889 ERROR com.iknow.stocktrackingbe.exception.ExceptionController [http-nio-8080-exec-4] Status: 400 Message: JSON parse error: Unexpected end-of-input within/between Object entries; nested exception is com.fasterxml.jackson.core.JsonParseException: Unexpected end-of-input within/between Object entries
 at [Source: (org.springframework.util.StreamUtils$NonClosingInputStream); line: 4, column: 3]
2022-07-27 14:27:55,613 ERROR com.iknow.stocktrackingbe.exception.ExceptionController [http-nio-8080-exec-6] Status: 400 Message: JSON parse error: Unexpected end-of-input: expected close marker for Object (start marker at [Source: (org.springframework.util.StreamUtils$NonClosingInputStream); line: 1, column: 1]); nested exception is com.fasterxml.jackson.core.io.JsonEOFException: Unexpected end-of-input: expected close marker for Object (start marker at [Source: (org.springframework.util.StreamUtils$NonClosingInputStream); line: 1, column: 1])
 at [Source: (org.springframework.util.StreamUtils$NonClosingInputStream); line: 4, column: 3]
2022-07-27 14:28:00,655 ERROR com.iknow.stocktrackingbe.exception.ExceptionController [http-nio-8080-exec-8] Status: 400 Message: Validation failed for object='prescription'. Error count: 1
2022-07-27 14:28:07,045 ERROR com.iknow.stocktrackingbe.exception.ExceptionController [http-nio-8080-exec-10] Status: 500 Message: Could not commit JPA transaction; nested exception is javax.persistence.RollbackException: Error while committing the transaction
2022-07-27 14:32:40,851 ERROR com.iknow.stocktrackingbe.exception.ExceptionController [http-nio-8080-exec-3] Status: 400 Message: JSON parse error: Unexpected character ('}' (code 125)): was expecting double-quote to start field name; nested exception is com.fasterxml.jackson.core.JsonParseException: Unexpected character ('}' (code 125)): was expecting double-quote to start field name
 at [Source: (org.springframework.util.StreamUtils$NonClosingInputStream); line: 7, column: 2]
2022-07-27 14:32:47,027 ERROR com.iknow.stocktrackingbe.exception.ExceptionController [http-nio-8080-exec-5] Status: 500 Message: Could not commit JPA transaction; nested exception is javax.persistence.RollbackException: Error while committing the transaction
2022-07-27 14:35:08,316 ERROR com.iknow.stocktrackingbe.exception.ExceptionController [http-nio-8080-exec-2] Status: 400 Message: Validation failed for object='prescription'. Error count: 2
2022-07-27 14:35:27,566 ERROR com.iknow.stocktrackingbe.exception.ExceptionController [http-nio-8080-exec-4] Status: 400 Message: JSON parse error: Unexpected character ('}' (code 125)): was expecting double-quote to start field name; nested exception is com.fasterxml.jackson.core.JsonParseException: Unexpected character ('}' (code 125)): was expecting double-quote to start field name
 at [Source: (org.springframework.util.StreamUtils$NonClosingInputStream); line: 6, column: 2]
2022-07-27 14:35:58,418 ERROR com.iknow.stocktrackingbe.exception.ExceptionController [http-nio-8080-exec-8] Status: 400 Message: JSON parse error: Unexpected character ('}' (code 125)): was expecting double-quote to start field name; nested exception is com.fasterxml.jackson.core.JsonParseException: Unexpected character ('}' (code 125)): was expecting double-quote to start field name
 at [Source: (org.springframework.util.StreamUtils$NonClosingInputStream); line: 6, column: 2]
2022-07-27 14:36:02,242 ERROR com.iknow.stocktrackingbe.exception.ExceptionController [http-nio-8080-exec-10] Status: 400 Message: Validation failed for object='prescription'. Error count: 1
2022-07-27 14:36:17,580 ERROR com.iknow.stocktrackingbe.exception.ExceptionController [http-nio-8080-exec-2] Status: 400 Message: Validation failed for object='prescription'. Error count: 1
2022-07-27 14:36:24,010 ERROR com.iknow.stocktrackingbe.exception.ExceptionController [http-nio-8080-exec-4] Status: 500 Message: Could not commit JPA transaction; nested exception is javax.persistence.RollbackException: Error while committing the transaction
2022-07-27 14:37:54,221 ERROR com.iknow.stocktrackingbe.exception.ExceptionController [http-nio-8080-exec-6] Status: 400 Message: Validation failed for object='prescription'. Error count: 1
2022-07-27 14:39:39,959 ERROR com.iknow.stocktrackingbe.exception.ExceptionController [http-nio-8080-exec-8] Status: 400 Message: JSON parse error: Unexpected character ('"' (code 34)): was expecting comma to separate Object entries; nested exception is com.fasterxml.jackson.core.JsonParseException: Unexpected character ('"' (code 34)): was expecting comma to separate Object entries
 at [Source: (org.springframework.util.StreamUtils$NonClosingInputStream); line: 4, column: 6]
2022-07-27 14:40:46,810 ERROR com.iknow.stocktrackingbe.exception.ExceptionController [http-nio-8080-exec-1] Status: 400 Message: JSON parse error: Unexpected character ('}' (code 125)): was expecting double-quote to start field name; nested exception is com.fasterxml.jackson.core.JsonParseException: Unexpected character ('}' (code 125)): was expecting double-quote to start field name
 at [Source: (org.springframework.util.StreamUtils$NonClosingInputStream); line: 5, column: 4]
2022-07-27 14:40:52,409 ERROR com.iknow.stocktrackingbe.exception.ExceptionController [http-nio-8080-exec-4] Status: 400 Message: Validation failed for object='product'. Error count: 5
2022-07-27 15:00:00,549 ERROR com.iknow.stocktrackingbe.exception.ExceptionController [http-nio-8080-exec-5] Status: 400 Message: Required request body is missing: public void com.iknow.stocktrackingbe.controller.ProductionController.createNewProduction(com.iknow.stocktrackingbe.model.Production)
2022-07-27 15:00:17,689 ERROR com.iknow.stocktrackingbe.exception.ExceptionController [http-nio-8080-exec-4] Status: 400 Message: Validation failed for object='production'. Error count: 2
2022-07-27 15:00:33,361 ERROR com.iknow.stocktrackingbe.exception.ExceptionController [http-nio-8080-exec-5] Status: 400 Message: Validation failed for object='production'. Error count: 1
2022-07-27 15:00:55,715 ERROR com.iknow.stocktrackingbe.exception.ExceptionController [http-nio-8080-exec-7] Status: 500 Message: org.hibernate.TransientPropertyValueException: Not-null property references a transient value - transient instance must be saved before current operation : com.iknow.stocktrackingbe.model.Production.product -> com.iknow.stocktrackingbe.model.product.Product; nested exception is java.lang.IllegalStateException: org.hibernate.TransientPropertyValueException: Not-null property references a transient value - transient instance must be saved before current operation : com.iknow.stocktrackingbe.model.Production.product -> com.iknow.stocktrackingbe.model.product.Product
2022-07-27 15:03:33,118 ERROR com.iknow.stocktrackingbe.exception.ExceptionController [http-nio-8080-exec-9] Status: 500 Message: org.hibernate.TransientPropertyValueException: Not-null property references a transient value - transient instance must be saved before current operation : com.iknow.stocktrackingbe.model.Production.product -> com.iknow.stocktrackingbe.model.product.Product; nested exception is java.lang.IllegalStateException: org.hibernate.TransientPropertyValueException: Not-null property references a transient value - transient instance must be saved before current operation : com.iknow.stocktrackingbe.model.Production.product -> com.iknow.stocktrackingbe.model.product.Product
2022-07-27 15:05:48,432 ERROR com.iknow.stocktrackingbe.exception.ExceptionController [http-nio-8080-exec-4] Status: 400 Message: JSON parse error: Unexpected character ('}' (code 125)): was expecting double-quote to start field name; nested exception is com.fasterxml.jackson.databind.JsonMappingException: Unexpected character ('}' (code 125)): was expecting double-quote to start field name
 at [Source: (org.springframework.util.StreamUtils$NonClosingInputStream); line: 12, column: 6] (through reference chain: com.iknow.stocktrackingbe.model.Production["product"])
2022-07-27 15:05:53,346 ERROR com.iknow.stocktrackingbe.exception.ExceptionController [http-nio-8080-exec-10] Status: 500 Message: Could not commit JPA transaction; nested exception is javax.persistence.RollbackException: Error while committing the transaction
2022-07-27 15:06:24,346 ERROR com.iknow.stocktrackingbe.exception.ExceptionController [http-nio-8080-exec-1] Status: 400 Message: Validation failed for object='production'. Error count: 1
2022-07-27 15:21:50,974 ERROR com.iknow.stocktrackingbe.exception.ExceptionController [http-nio-8080-exec-9] Status: 400 Message: Validation failed for object='production'. Error count: 1
2022-07-27 15:21:59,652 ERROR com.iknow.stocktrackingbe.exception.ExceptionController [http-nio-8080-exec-7] Status: 400 Message: JSON parse error: Unexpected character ('}' (code 125)): was expecting double-quote to start field name; nested exception is com.fasterxml.jackson.databind.JsonMappingException: Unexpected character ('}' (code 125)): was expecting double-quote to start field name
 at [Source: (org.springframework.util.StreamUtils$NonClosingInputStream); line: 9, column: 6] (through reference chain: com.iknow.stocktrackingbe.model.Production["product"])
2022-07-27 15:22:08,264 ERROR com.iknow.stocktrackingbe.exception.ExceptionController [http-nio-8080-exec-2] Status: 500 Message: Could not commit JPA transaction; nested exception is javax.persistence.RollbackException: Error while committing the transaction
2022-07-27 15:23:11,529 ERROR com.iknow.stocktrackingbe.exception.ExceptionController [http-nio-8080-exec-10] Status: 400 Message: JSON parse error: Unexpected character ('}' (code 125)): was expecting double-quote to start field name; nested exception is com.fasterxml.jackson.core.JsonParseException: Unexpected character ('}' (code 125)): was expecting double-quote to start field name
 at [Source: (org.springframework.util.StreamUtils$NonClosingInputStream); line: 7, column: 2]
2022-07-27 15:23:15,778 ERROR com.iknow.stocktrackingbe.exception.ExceptionController [http-nio-8080-exec-5] Status: 400 Message: Validation failed for object='product'. Error count: 1
2022-07-27 15:23:38,258 ERROR com.iknow.stocktrackingbe.exception.ExceptionController [http-nio-8080-exec-7] Status: 400 Message: JSON parse error: Unexpected character ('}' (code 125)): was expecting double-quote to start field name; nested exception is com.fasterxml.jackson.databind.JsonMappingException: Unexpected character ('}' (code 125)): was expecting double-quote to start field name
 at [Source: (org.springframework.util.StreamUtils$NonClosingInputStream); line: 9, column: 6] (through reference chain: com.iknow.stocktrackingbe.model.Production["product"])
2022-07-27 15:23:40,793 ERROR com.iknow.stocktrackingbe.exception.ExceptionController [http-nio-8080-exec-2] Status: 500 Message: Could not commit JPA transaction; nested exception is javax.persistence.RollbackException: Error while committing the transaction
2022-07-27 15:30:25,419 ERROR com.iknow.stocktrackingbe.exception.ExceptionController [http-nio-8080-exec-1] Status: 500 Message: Could not commit JPA transaction; nested exception is javax.persistence.RollbackException: Error while committing the transaction
2022-07-27 15:31:50,154 ERROR com.iknow.stocktrackingbe.exception.ExceptionController [http-nio-8080-exec-1] Status: 400 Message: JSON parse error: Unexpected character ('}' (code 125)): was expecting double-quote to start field name; nested exception is com.fasterxml.jackson.databind.JsonMappingException: Unexpected character ('}' (code 125)): was expecting double-quote to start field name
 at [Source: (org.springframework.util.StreamUtils$NonClosingInputStream); line: 9, column: 6] (through reference chain: com.iknow.stocktrackingbe.model.Production["product"])
2022-07-27 15:31:59,119 ERROR com.iknow.stocktrackingbe.exception.ExceptionController [http-nio-8080-exec-4] Status: 500 Message: Could not commit JPA transaction; nested exception is javax.persistence.RollbackException: Error while committing the transaction
2022-07-27 15:32:28,981 ERROR com.iknow.stocktrackingbe.exception.ExceptionController [http-nio-8080-exec-7] Status: 400 Message: Validation failed for object='product'. Error count: 1
2022-07-27 15:33:10,480 ERROR com.iknow.stocktrackingbe.exception.ExceptionController [http-nio-8080-exec-9] Status: 400 Message: Validation failed for object='product'. Error count: 1
2022-07-27 15:38:01,022 ERROR com.iknow.stocktrackingbe.exception.ExceptionController [http-nio-8080-exec-3] Status: 400 Message: JSON parse error: Unexpected character ('}' (code 125)): was expecting double-quote to start field name; nested exception is com.fasterxml.jackson.databind.JsonMappingException: Unexpected character ('}' (code 125)): was expecting double-quote to start field name
 at [Source: (org.springframework.util.StreamUtils$NonClosingInputStream); line: 9, column: 6] (through reference chain: com.iknow.stocktrackingbe.model.Production["product"])
2022-07-27 15:38:04,811 ERROR com.iknow.stocktrackingbe.exception.ExceptionController [http-nio-8080-exec-4] Status: 500 Message: Could not commit JPA transaction; nested exception is javax.persistence.RollbackException: Error while committing the transaction
2022-07-27 15:50:47,483 ERROR com.iknow.stocktrackingbe.exception.ExceptionController [http-nio-8080-exec-2] Status: 400 Message: Validation failed for object='production'. Error count: 1
2022-07-27 15:51:17,947 ERROR com.iknow.stocktrackingbe.exception.ExceptionController [http-nio-8080-exec-4] Status: 400 Message: Validation failed for object='product'. Error count: 1
2022-07-27 15:52:47,561 ERROR com.iknow.stocktrackingbe.exception.ExceptionController [http-nio-8080-exec-10] Status: 500 Message: could not execute statement; SQL [n/a]; constraint [null]; nested exception is org.hibernate.exception.ConstraintViolationException: could not execute statement
2022-07-27 15:56:46,611 WARN com.iknow.stocktrackingbe.service.ProductService [http-nio-8080-exec-2] Product not found
2022-07-27 15:56:46,645 ERROR com.iknow.stocktrackingbe.exception.ExceptionController [http-nio-8080-exec-2] Status: 500 Message: Product not found
2022-07-27 16:00:34,790 ERROR com.iknow.stocktrackingbe.exception.ExceptionController [http-nio-8080-exec-5] Status: 405 Message: Request method 'POST' not supported
2022-07-27 16:01:38,499 ERROR com.iknow.stocktrackingbe.exception.ExceptionController [http-nio-8080-exec-4] Status: 400 Message: JSON parse error: Unexpected character ('}' (code 125)): was expecting double-quote to start field name; nested exception is com.fasterxml.jackson.core.JsonParseException: Unexpected character ('}' (code 125)): was expecting double-quote to start field name
 at [Source: (org.springframework.util.StreamUtils$NonClosingInputStream); line: 8, column: 2]
2022-07-27 16:01:42,610 ERROR com.iknow.stocktrackingbe.exception.ExceptionController [http-nio-8080-exec-5] Status: 400 Message: Validation failed for object='product'. Error count: 1
2022-07-27 16:42:29,400 ERROR com.iknow.stocktrackingbe.exception.ExceptionController [http-nio-8080-exec-8] Status: 405 Message: Request method 'POST' not supported
2022-07-27 16:42:42,819 ERROR com.iknow.stocktrackingbe.exception.ExceptionController [http-nio-8080-exec-5] Status: 500 Message: No message available
2022-07-27 16:43:03,602 ERROR com.iknow.stocktrackingbe.exception.ExceptionController [http-nio-8080-exec-6] Status: 500 Message: No message available
2022-07-27 16:43:18,217 ERROR com.iknow.stocktrackingbe.exception.ExceptionController [http-nio-8080-exec-5] Status: 500 Message: No message available
2022-07-27 16:43:57,185 ERROR com.iknow.stocktrackingbe.exception.ExceptionController [http-nio-8080-exec-6] Status: 500 Message: No message available
2022-07-27 16:45:19,890 ERROR com.iknow.stocktrackingbe.exception.ExceptionController [http-nio-8080-exec-3] Status: 400 Message: JSON parse error: Unexpected character ('e' (code 101)): was expecting double-quote to start field name; nested exception is com.fasterxml.jackson.core.JsonParseException: Unexpected character ('e' (code 101)): was expecting double-quote to start field name
 at [Source: (org.springframework.util.StreamUtils$NonClosingInputStream); line: 2, column: 6]
2022-07-27 16:45:23,281 ERROR com.iknow.stocktrackingbe.exception.ExceptionController [http-nio-8080-exec-2] Status: 400 Message: Validation failed for object='production'. Error count: 2
2022-07-27 16:46:05,892 ERROR com.iknow.stocktrackingbe.exception.ExceptionController [http-nio-8080-exec-9] Status: 405 Message: Request method 'POST' not supported
2022-07-27 16:46:45,195 ERROR com.iknow.stocktrackingbe.exception.ExceptionController [http-nio-8080-exec-7] Status: 500 Message: No message available
2022-07-27 16:46:49,533 ERROR com.iknow.stocktrackingbe.exception.ExceptionController [http-nio-8080-exec-4] Status: 405 Message: Request method 'PUT' not supported
2022-07-27 16:46:53,677 ERROR com.iknow.stocktrackingbe.exception.ExceptionController [http-nio-8080-exec-8] Status: 405 Message: Request method 'PUT' not supported
2022-07-27 16:47:03,352 ERROR com.iknow.stocktrackingbe.exception.ExceptionController [http-nio-8080-exec-5] Status: 500 Message: No message available
2022-07-27 16:50:16,980 ERROR com.iknow.stocktrackingbe.exception.ExceptionController [http-nio-8080-exec-6] Status: 500 Message: No message available
2022-07-27 16:50:23,658 ERROR com.iknow.stocktrackingbe.exception.ExceptionController [http-nio-8080-exec-8] Status: 500 Message: No message available
2022-07-27 16:50:32,436 ERROR com.iknow.stocktrackingbe.exception.ExceptionController [http-nio-8080-exec-5] Status: 500 Message: No message available
2022-07-27 16:59:46,829 ERROR com.iknow.stocktrackingbe.exception.ExceptionController [http-nio-8080-exec-9] Status: 500 Message: No message available
2022-07-27 16:59:56,127 ERROR com.iknow.stocktrackingbe.exception.ExceptionController [http-nio-8080-exec-1] Status: 500 Message: No message available
2022-07-27 17:01:40,887 ERROR com.iknow.stocktrackingbe.exception.ExceptionController [http-nio-8080-exec-9] Status: 500 Message: Invalid production status
2022-07-27 17:01:58,510 ERROR com.iknow.stocktrackingbe.exception.ExceptionController [http-nio-8080-exec-2] Status: 500 Message: Invalid production status
2022-07-27 17:02:04,692 ERROR com.iknow.stocktrackingbe.exception.ExceptionController [http-nio-8080-exec-4] Status: 500 Message: Invalid production status
2022-07-27 17:02:27,767 ERROR com.iknow.stocktrackingbe.exception.ExceptionController [http-nio-8080-exec-8] Status: 500 Message: Invalid production status
2022-07-27 17:03:42,162 ERROR com.iknow.stocktrackingbe.exception.ExceptionController [http-nio-8080-exec-8] Status: 500 Message: Invalid production status
2022-07-27 17:10:06,469 ERROR com.iknow.stocktrackingbe.exception.ExceptionController [http-nio-8080-exec-7] Status: 500 Message: Invalid production status
2022-07-27 17:12:20,463 ERROR com.iknow.stocktrackingbe.exception.ExceptionController [http-nio-8080-exec-8] Status: 405 Message: Request method 'PUT' not supported
2022-07-27 17:12:28,005 ERROR com.iknow.stocktrackingbe.exception.ExceptionController [http-nio-8080-exec-5] Status: 500 Message: Invalid production status
2022-07-27 17:17:58,228 ERROR com.iknow.stocktrackingbe.exception.ExceptionController [http-nio-8080-exec-9] Status: 404 Message: Production not found
2022-07-27 17:18:24,442 ERROR com.iknow.stocktrackingbe.exception.ExceptionController [http-nio-8080-exec-3] Status: 500 Message: Invalid production status
2022-07-27 17:20:03,559 ERROR com.iknow.stocktrackingbe.exception.ExceptionController [http-nio-8080-exec-6] Status: 500 Message: Invalid production status
2022-07-27 17:20:12,933 ERROR com.iknow.stocktrackingbe.exception.ExceptionController [http-nio-8080-exec-9] Status: 500 Message: Invalid production status
2022-07-27 17:25:46,281 ERROR com.iknow.stocktrackingbe.exception.ExceptionController [http-nio-8080-exec-5] Status: 500 Message: Invalid production status
2022-07-27 17:27:45,498 ERROR com.iknow.stocktrackingbe.exception.ExceptionController [http-nio-8080-exec-3] Status: 400 Message: JSON parse error: Illegal unquoted character ((CTRL-CHAR, code 9)): has to be escaped using backslash to be included in string value; nested exception is com.fasterxml.jackson.databind.JsonMappingException: Illegal unquoted character ((CTRL-CHAR, code 9)): has to be escaped using backslash to be included in string value
 at [Source: (org.springframework.util.StreamUtils$NonClosingInputStream); line: 2, column: 57] (through reference chain: com.iknow.stocktrackingbe.model.Production["productId"])
2022-07-27 17:28:26,680 ERROR com.iknow.stocktrackingbe.exception.ExceptionController [http-nio-8080-exec-7] Status: 500 Message: Invalid production status
2022-07-27 17:28:38,134 ERROR com.iknow.stocktrackingbe.exception.ExceptionController [http-nio-8080-exec-4] Status: 500 Message: Invalid production status
2022-07-27 17:28:52,286 ERROR com.iknow.stocktrackingbe.exception.ExceptionController [http-nio-8080-exec-5] Status: 500 Message: Invalid production status
2022-07-27 17:32:58,793 ERROR com.iknow.stocktrackingbe.exception.ExceptionController [http-nio-8080-exec-9] Status: 500 Message: Invalid production status
